2022-04-08 21:41:16,830 : INFO -> start generate_html() func
2022-04-08 21:41:16,830 : INFO -> start get_object_list() func
2022-04-08 21:41:16,830 : INFO -> start get_object_ids() func
2022-04-08 21:41:16,830 : INFO -> call api endpoint : https://collectionapi.metmuseum.org/public/collection/v1/objects
2022-04-08 21:41:32,822 : INFO -> api response status : 200
2022-04-08 21:41:32,878 : INFO -> get called get_object_ids() func with api Endpoint : https://collectionapi.metmuseum.org/public/collection/v1/objects 
2022-04-08 21:41:32,878 : INFO -> start get_object_by_id() func
2022-04-08 21:41:32,878 : INFO -> call api endpoint : https://collectionapi.metmuseum.org/public/collection/v1/objects/ with Id : 1
2022-04-08 21:41:33,496 : INFO -> api response status : 200
2022-04-08 21:41:33,496 : INFO -> get called get_object_by_id() func with api Endpoint : https://collectionapi.metmuseum.org/public/collection/v1/objects/ & Id : 1
2022-04-08 21:41:33,496 : INFO -> start get_object_by_id() func
2022-04-08 21:41:33,496 : INFO -> call api endpoint : https://collectionapi.metmuseum.org/public/collection/v1/objects/ with Id : 2
2022-04-08 21:41:34,285 : INFO -> api response status : 200
2022-04-08 21:41:34,286 : INFO -> get called get_object_by_id() func with api Endpoint : https://collectionapi.metmuseum.org/public/collection/v1/objects/ & Id : 2
2022-04-08 21:41:34,286 : INFO -> start get_object_by_id() func
2022-04-08 21:41:34,286 : INFO -> call api endpoint : https://collectionapi.metmuseum.org/public/collection/v1/objects/ with Id : 3
2022-04-08 21:41:34,917 : INFO -> api response status : 200
2022-04-08 21:41:34,918 : INFO -> get called get_object_by_id() func with api Endpoint : https://collectionapi.metmuseum.org/public/collection/v1/objects/ & Id : 3
2022-04-08 21:41:34,918 : INFO -> start get_object_by_id() func
2022-04-08 21:41:34,918 : INFO -> call api endpoint : https://collectionapi.metmuseum.org/public/collection/v1/objects/ with Id : 4
2022-04-08 21:41:35,505 : INFO -> api response status : 200
2022-04-08 21:41:35,506 : INFO -> get called get_object_by_id() func with api Endpoint : https://collectionapi.metmuseum.org/public/collection/v1/objects/ & Id : 4
2022-04-08 21:41:35,506 : INFO -> start get_object_by_id() func
2022-04-08 21:41:35,506 : INFO -> call api endpoint : https://collectionapi.metmuseum.org/public/collection/v1/objects/ with Id : 5
2022-04-08 21:41:36,517 : INFO -> api response status : 200
2022-04-08 21:41:36,518 : INFO -> get called get_object_by_id() func with api Endpoint : https://collectionapi.metmuseum.org/public/collection/v1/objects/ & Id : 5
2022-04-08 21:41:36,518 : INFO -> start get_object_by_id() func
2022-04-08 21:41:36,518 : INFO -> call api endpoint : https://collectionapi.metmuseum.org/public/collection/v1/objects/ with Id : 6
2022-04-08 21:41:37,157 : INFO -> api response status : 200
2022-04-08 21:41:37,158 : INFO -> get called get_object_by_id() func with api Endpoint : https://collectionapi.metmuseum.org/public/collection/v1/objects/ & Id : 6
2022-04-08 21:41:37,158 : INFO -> start get_object_by_id() func
2022-04-08 21:41:37,158 : INFO -> call api endpoint : https://collectionapi.metmuseum.org/public/collection/v1/objects/ with Id : 7
2022-04-08 21:41:38,520 : INFO -> api response status : 200
2022-04-08 21:41:38,521 : INFO -> get called get_object_by_id() func with api Endpoint : https://collectionapi.metmuseum.org/public/collection/v1/objects/ & Id : 7
2022-04-08 21:41:38,522 : INFO -> start get_object_by_id() func
2022-04-08 21:41:38,522 : INFO -> call api endpoint : https://collectionapi.metmuseum.org/public/collection/v1/objects/ with Id : 8
2022-04-08 21:41:39,351 : INFO -> api response status : 200
2022-04-08 21:41:39,353 : INFO -> get called get_object_by_id() func with api Endpoint : https://collectionapi.metmuseum.org/public/collection/v1/objects/ & Id : 8
2022-04-08 21:41:39,353 : INFO -> start get_object_by_id() func
2022-04-08 21:41:39,354 : INFO -> call api endpoint : https://collectionapi.metmuseum.org/public/collection/v1/objects/ with Id : 9
2022-04-08 21:41:40,568 : INFO -> api response status : 200
2022-04-08 21:41:40,569 : INFO -> get called get_object_by_id() func with api Endpoint : https://collectionapi.metmuseum.org/public/collection/v1/objects/ & Id : 9
2022-04-08 21:41:40,570 : INFO -> start get_object_by_id() func
2022-04-08 21:41:40,570 : INFO -> call api endpoint : https://collectionapi.metmuseum.org/public/collection/v1/objects/ with Id : 10
2022-04-08 21:41:41,386 : INFO -> api response status : 200
2022-04-08 21:41:41,386 : INFO -> get called get_object_by_id() func with api Endpoint : https://collectionapi.metmuseum.org/public/collection/v1/objects/ & Id : 10
2022-04-08 21:41:41,387 : INFO -> start get_object_by_id() func
2022-04-08 21:41:41,387 : INFO -> call api endpoint : https://collectionapi.metmuseum.org/public/collection/v1/objects/ with Id : 11
2022-04-08 21:41:42,410 : INFO -> api response status : 200
2022-04-08 21:41:42,411 : INFO -> get called get_object_by_id() func with api Endpoint : https://collectionapi.metmuseum.org/public/collection/v1/objects/ & Id : 11
2022-04-08 21:41:42,411 : INFO -> start get_object_by_id() func
2022-04-08 21:41:42,411 : INFO -> call api endpoint : https://collectionapi.metmuseum.org/public/collection/v1/objects/ with Id : 12
2022-04-08 21:41:43,434 : INFO -> api response status : 200
2022-04-08 21:41:43,435 : INFO -> get called get_object_by_id() func with api Endpoint : https://collectionapi.metmuseum.org/public/collection/v1/objects/ & Id : 12
2022-04-08 21:41:43,435 : INFO -> start get_object_by_id() func
2022-04-08 21:41:43,435 : INFO -> call api endpoint : https://collectionapi.metmuseum.org/public/collection/v1/objects/ with Id : 13
2022-04-08 21:41:44,664 : INFO -> api response status : 200
2022-04-08 21:41:44,664 : INFO -> get called get_object_by_id() func with api Endpoint : https://collectionapi.metmuseum.org/public/collection/v1/objects/ & Id : 13
2022-04-08 21:41:44,664 : INFO -> start get_object_by_id() func
2022-04-08 21:41:44,664 : INFO -> call api endpoint : https://collectionapi.metmuseum.org/public/collection/v1/objects/ with Id : 14
2022-04-08 21:41:45,687 : INFO -> api response status : 200
2022-04-08 21:41:45,688 : INFO -> get called get_object_by_id() func with api Endpoint : https://collectionapi.metmuseum.org/public/collection/v1/objects/ & Id : 14
2022-04-08 21:41:45,688 : INFO -> start get_object_by_id() func
2022-04-08 21:41:45,688 : INFO -> call api endpoint : https://collectionapi.metmuseum.org/public/collection/v1/objects/ with Id : 15
2022-04-08 21:41:46,711 : INFO -> api response status : 200
2022-04-08 21:41:46,712 : INFO -> get called get_object_by_id() func with api Endpoint : https://collectionapi.metmuseum.org/public/collection/v1/objects/ & Id : 15
2022-04-08 21:41:46,712 : INFO -> start get_object_by_id() func
2022-04-08 21:41:46,712 : INFO -> call api endpoint : https://collectionapi.metmuseum.org/public/collection/v1/objects/ with Id : 16
2022-04-08 21:41:47,527 : INFO -> api response status : 200
2022-04-08 21:41:47,528 : INFO -> get called get_object_by_id() func with api Endpoint : https://collectionapi.metmuseum.org/public/collection/v1/objects/ & Id : 16
2022-04-08 21:41:47,528 : INFO -> start get_object_by_id() func
2022-04-08 21:41:47,528 : INFO -> call api endpoint : https://collectionapi.metmuseum.org/public/collection/v1/objects/ with Id : 17
2022-04-08 21:41:48,555 : INFO -> api response status : 200
2022-04-08 21:41:48,555 : INFO -> get called get_object_by_id() func with api Endpoint : https://collectionapi.metmuseum.org/public/collection/v1/objects/ & Id : 17
2022-04-08 21:41:48,555 : INFO -> start get_object_by_id() func
2022-04-08 21:41:48,555 : INFO -> call api endpoint : https://collectionapi.metmuseum.org/public/collection/v1/objects/ with Id : 18
2022-04-08 21:41:50,400 : INFO -> api response status : 200
2022-04-08 21:41:50,401 : INFO -> get called get_object_by_id() func with api Endpoint : https://collectionapi.metmuseum.org/public/collection/v1/objects/ & Id : 18
2022-04-08 21:41:50,401 : INFO -> start get_object_by_id() func
2022-04-08 21:41:50,401 : INFO -> call api endpoint : https://collectionapi.metmuseum.org/public/collection/v1/objects/ with Id : 19
2022-04-08 21:41:51,424 : INFO -> api response status : 200
2022-04-08 21:41:51,425 : INFO -> get called get_object_by_id() func with api Endpoint : https://collectionapi.metmuseum.org/public/collection/v1/objects/ & Id : 19
2022-04-08 21:41:51,425 : INFO -> start get_object_by_id() func
2022-04-08 21:41:51,426 : INFO -> call api endpoint : https://collectionapi.metmuseum.org/public/collection/v1/objects/ with Id : 20
2022-04-08 21:41:52,653 : INFO -> api response status : 200
2022-04-08 21:41:52,654 : INFO -> get called get_object_by_id() func with api Endpoint : https://collectionapi.metmuseum.org/public/collection/v1/objects/ & Id : 20
2022-04-08 21:41:52,655 : INFO -> start get_object_by_id() func
2022-04-08 21:41:52,655 : INFO -> call api endpoint : https://collectionapi.metmuseum.org/public/collection/v1/objects/ with Id : 21
2022-04-08 21:41:53,675 : INFO -> api response status : 200
2022-04-08 21:41:53,676 : INFO -> get called get_object_by_id() func with api Endpoint : https://collectionapi.metmuseum.org/public/collection/v1/objects/ & Id : 21
2022-04-08 21:41:53,676 : INFO -> start get_object_by_id() func
2022-04-08 21:41:53,676 : INFO -> call api endpoint : https://collectionapi.metmuseum.org/public/collection/v1/objects/ with Id : 22
2022-04-08 21:41:54,495 : INFO -> api response status : 200
2022-04-08 21:41:54,495 : INFO -> get called get_object_by_id() func with api Endpoint : https://collectionapi.metmuseum.org/public/collection/v1/objects/ & Id : 22
2022-04-08 21:41:54,495 : INFO -> start get_object_by_id() func
2022-04-08 21:41:54,495 : INFO -> call api endpoint : https://collectionapi.metmuseum.org/public/collection/v1/objects/ with Id : 23
2022-04-08 21:41:55,315 : INFO -> api response status : 200
2022-04-08 21:41:55,317 : INFO -> get called get_object_by_id() func with api Endpoint : https://collectionapi.metmuseum.org/public/collection/v1/objects/ & Id : 23
2022-04-08 21:41:55,317 : INFO -> start get_object_by_id() func
2022-04-08 21:41:55,317 : INFO -> call api endpoint : https://collectionapi.metmuseum.org/public/collection/v1/objects/ with Id : 24
2022-04-08 21:41:56,138 : INFO -> api response status : 200
2022-04-08 21:41:56,140 : INFO -> get called get_object_by_id() func with api Endpoint : https://collectionapi.metmuseum.org/public/collection/v1/objects/ & Id : 24
2022-04-08 21:41:56,141 : INFO -> start get_object_by_id() func
2022-04-08 21:41:56,141 : INFO -> call api endpoint : https://collectionapi.metmuseum.org/public/collection/v1/objects/ with Id : 25
2022-04-08 21:41:57,157 : INFO -> api response status : 200
2022-04-08 21:41:57,158 : INFO -> get called get_object_by_id() func with api Endpoint : https://collectionapi.metmuseum.org/public/collection/v1/objects/ & Id : 25
2022-04-08 21:41:57,158 : INFO -> start get_object_by_id() func
2022-04-08 21:41:57,158 : INFO -> call api endpoint : https://collectionapi.metmuseum.org/public/collection/v1/objects/ with Id : 26
2022-04-08 21:41:58,386 : INFO -> api response status : 200
2022-04-08 21:41:58,387 : INFO -> get called get_object_by_id() func with api Endpoint : https://collectionapi.metmuseum.org/public/collection/v1/objects/ & Id : 26
2022-04-08 21:41:58,387 : INFO -> start get_object_by_id() func
2022-04-08 21:41:58,387 : INFO -> call api endpoint : https://collectionapi.metmuseum.org/public/collection/v1/objects/ with Id : 27
2022-04-08 21:41:59,410 : INFO -> api response status : 200
2022-04-08 21:41:59,411 : INFO -> get called get_object_by_id() func with api Endpoint : https://collectionapi.metmuseum.org/public/collection/v1/objects/ & Id : 27
2022-04-08 21:41:59,411 : INFO -> start get_object_by_id() func
2022-04-08 21:41:59,411 : INFO -> call api endpoint : https://collectionapi.metmuseum.org/public/collection/v1/objects/ with Id : 28
2022-04-08 21:42:00,230 : INFO -> api response status : 200
2022-04-08 21:42:00,231 : INFO -> get called get_object_by_id() func with api Endpoint : https://collectionapi.metmuseum.org/public/collection/v1/objects/ & Id : 28
2022-04-08 21:42:00,231 : INFO -> start get_object_by_id() func
2022-04-08 21:42:00,231 : INFO -> call api endpoint : https://collectionapi.metmuseum.org/public/collection/v1/objects/ with Id : 29
2022-04-08 21:42:01,254 : INFO -> api response status : 200
2022-04-08 21:42:01,255 : INFO -> get called get_object_by_id() func with api Endpoint : https://collectionapi.metmuseum.org/public/collection/v1/objects/ & Id : 29
2022-04-08 21:42:01,255 : INFO -> start get_object_by_id() func
2022-04-08 21:42:01,255 : INFO -> call api endpoint : https://collectionapi.metmuseum.org/public/collection/v1/objects/ with Id : 30
2022-04-08 21:42:02,069 : INFO -> api response status : 200
2022-04-08 21:42:02,070 : INFO -> get called get_object_by_id() func with api Endpoint : https://collectionapi.metmuseum.org/public/collection/v1/objects/ & Id : 30
2022-04-08 21:42:02,070 : INFO -> start get_object_by_id() func
2022-04-08 21:42:02,070 : INFO -> call api endpoint : https://collectionapi.metmuseum.org/public/collection/v1/objects/ with Id : 31
2022-04-08 21:42:02,892 : INFO -> api response status : 200
2022-04-08 21:42:02,893 : INFO -> get called get_object_by_id() func with api Endpoint : https://collectionapi.metmuseum.org/public/collection/v1/objects/ & Id : 31
2022-04-08 21:42:02,893 : INFO -> start get_object_by_id() func
2022-04-08 21:42:02,893 : INFO -> call api endpoint : https://collectionapi.metmuseum.org/public/collection/v1/objects/ with Id : 32
2022-04-08 21:42:04,528 : INFO -> api response status : 200
2022-04-08 21:42:04,529 : INFO -> get called get_object_by_id() func with api Endpoint : https://collectionapi.metmuseum.org/public/collection/v1/objects/ & Id : 32
2022-04-08 21:42:04,530 : INFO -> start get_object_by_id() func
2022-04-08 21:42:04,530 : INFO -> call api endpoint : https://collectionapi.metmuseum.org/public/collection/v1/objects/ with Id : 33
2022-04-08 21:42:05,555 : INFO -> api response status : 200
2022-04-08 21:42:05,555 : INFO -> get called get_object_by_id() func with api Endpoint : https://collectionapi.metmuseum.org/public/collection/v1/objects/ & Id : 33
2022-04-08 21:42:05,556 : INFO -> start get_object_by_id() func
2022-04-08 21:42:05,556 : INFO -> call api endpoint : https://collectionapi.metmuseum.org/public/collection/v1/objects/ with Id : 34
2022-04-08 21:42:06,296 : INFO -> api response status : 200
2022-04-08 21:42:06,296 : INFO -> get called get_object_by_id() func with api Endpoint : https://collectionapi.metmuseum.org/public/collection/v1/objects/ & Id : 34
2022-04-08 21:42:06,297 : INFO -> start get_object_by_id() func
2022-04-08 21:42:06,297 : INFO -> call api endpoint : https://collectionapi.metmuseum.org/public/collection/v1/objects/ with Id : 35
2022-04-08 21:42:08,833 : INFO -> api response status : 200
2022-04-08 21:42:08,834 : INFO -> get called get_object_by_id() func with api Endpoint : https://collectionapi.metmuseum.org/public/collection/v1/objects/ & Id : 35
2022-04-08 21:42:08,834 : INFO -> start get_object_by_id() func
2022-04-08 21:42:08,834 : INFO -> call api endpoint : https://collectionapi.metmuseum.org/public/collection/v1/objects/ with Id : 36
2022-04-08 21:42:09,651 : INFO -> api response status : 200
2022-04-08 21:42:09,652 : INFO -> get called get_object_by_id() func with api Endpoint : https://collectionapi.metmuseum.org/public/collection/v1/objects/ & Id : 36
2022-04-08 21:42:09,652 : INFO -> start get_object_by_id() func
2022-04-08 21:42:09,652 : INFO -> call api endpoint : https://collectionapi.metmuseum.org/public/collection/v1/objects/ with Id : 37
2022-04-08 21:42:10,676 : INFO -> api response status : 200
2022-04-08 21:42:10,676 : INFO -> get called get_object_by_id() func with api Endpoint : https://collectionapi.metmuseum.org/public/collection/v1/objects/ & Id : 37
2022-04-08 21:42:10,676 : INFO -> start get_object_by_id() func
2022-04-08 21:42:10,676 : INFO -> call api endpoint : https://collectionapi.metmuseum.org/public/collection/v1/objects/ with Id : 38
2022-04-08 21:42:11,495 : INFO -> api response status : 200
2022-04-08 21:42:11,495 : INFO -> get called get_object_by_id() func with api Endpoint : https://collectionapi.metmuseum.org/public/collection/v1/objects/ & Id : 38
2022-04-08 21:42:11,495 : INFO -> start get_object_by_id() func
2022-04-08 21:42:11,495 : INFO -> call api endpoint : https://collectionapi.metmuseum.org/public/collection/v1/objects/ with Id : 39
2022-04-08 21:42:12,315 : INFO -> api response status : 200
2022-04-08 21:42:12,316 : INFO -> get called get_object_by_id() func with api Endpoint : https://collectionapi.metmuseum.org/public/collection/v1/objects/ & Id : 39
2022-04-08 21:42:12,317 : INFO -> start get_object_by_id() func
2022-04-08 21:42:12,317 : INFO -> call api endpoint : https://collectionapi.metmuseum.org/public/collection/v1/objects/ with Id : 40
2022-04-08 21:42:13,544 : INFO -> api response status : 200
2022-04-08 21:42:13,546 : INFO -> get called get_object_by_id() func with api Endpoint : https://collectionapi.metmuseum.org/public/collection/v1/objects/ & Id : 40
2022-04-08 21:42:13,561 : INFO -> get called get_object_list() func 
2022-04-08 21:42:13,563 : INFO -> get_object_list() func return : [{'objectID': 1, 'isHighlight': False, 'accessionNumber': '1979.486.1', 'accessionYear': '1979', 'isPublicDomain': False, 'primaryImage': '', 'primaryImageSmall': '', 'additionalImages': [], 'constituents_0_constituentID': 164292, 'constituents_0_role': 'Maker', 'constituents_0_name': 'James Barton Longacre', 'constituents_0_constituentULAN_URL': 'http://vocab.getty.edu/page/ulan/500011409', 'constituents_0_constituentWikidata_URL': 'https://www.wikidata.org/wiki/Q3806459', 'constituents_0_gender': '', 'department': 'The American Wing', 'objectName': 'Coin', 'title': 'One-dollar Liberty Head Coin', 'culture': '', 'period': '', 'dynasty': '', 'reign': '', 'portfolio': '', 'artistRole': 'Maker', 'artistPrefix': '', 'artistDisplayName': 'James Barton Longacre', 'artistDisplayBio': 'American, Delaware County, Pennsylvania 1794–1869 Philadelphia, Pennsylvania', 'artistSuffix': '', 'artistAlphaSort': 'Longacre, James Barton', 'artistNationality': 'American', 'artistBeginDate': '1794', 'artistEndDate': '1869', 'artistGender': '', 'artistWikidata_URL': 'https://www.wikidata.org/wiki/Q3806459', 'artistULAN_URL': 'http://vocab.getty.edu/page/ulan/500011409', 'objectDate': '1853', 'objectBeginDate': 1853, 'objectEndDate': 1853, 'medium': 'Gold', 'dimensions': 'Dimensions unavailable', 'measurements': None, 'creditLine': 'Gift of Heinz L. Stoppelmann, 1979', 'geographyType': '', 'city': '', 'state': '', 'county': '', 'country': '', 'region': '', 'subregion': '', 'locale': '', 'locus': '', 'excavation': '', 'river': '', 'classification': '', 'rightsAndReproduction': '', 'linkResource': '', 'metadataDate': '2021-04-06T04:41:04.967Z', 'repository': 'Metropolitan Museum of Art, New York, NY', 'objectURL': 'https://www.metmuseum.org/art/collection/search/1', 'tags': None, 'objectWikidata_URL': '', 'isTimelineWork': False, 'GalleryNumber': ''}, {'objectID': 2, 'isHighlight': False, 'accessionNumber': '1980.264.5', 'accessionYear': '1980', 'isPublicDomain': False, 'primaryImage': '', 'primaryImageSmall': '', 'additionalImages': [], 'constituents_0_constituentID': 1079, 'constituents_0_role': 'Maker', 'constituents_0_name': 'Christian Gobrecht', 'constituents_0_constituentULAN_URL': 'http://vocab.getty.edu/page/ulan/500077295', 'constituents_0_constituentWikidata_URL': 'https://www.wikidata.org/wiki/Q5109648', 'constituents_0_gender': '', 'department': 'The American Wing', 'objectName': 'Coin', 'title': 'Ten-dollar Liberty Head Coin', 'culture': '', 'period': '', 'dynasty': '', 'reign': '', 'portfolio': '', 'artistRole': 'Maker', 'artistPrefix': '', 'artistDisplayName': 'Christian Gobrecht', 'artistDisplayBio': '1785–1844', 'artistSuffix': '', 'artistAlphaSort': 'Gobrecht, Christian', 'artistNationality': '', 'artistBeginDate': '1785', 'artistEndDate': '1844', 'artistGender': '', 'artistWikidata_URL': 'https://www.wikidata.org/wiki/Q5109648', 'artistULAN_URL': 'http://vocab.getty.edu/page/ulan/500077295', 'objectDate': '1901', 'objectBeginDate': 1901, 'objectEndDate': 1901, 'medium': 'Gold', 'dimensions': 'Dimensions unavailable', 'measurements': None, 'creditLine': 'Gift of Heinz L. Stoppelmann, 1980', 'geographyType': '', 'city': '', 'state': '', 'county': '', 'country': '', 'region': '', 'subregion': '', 'locale': '', 'locus': '', 'excavation': '', 'river': '', 'classification': '', 'rightsAndReproduction': '', 'linkResource': '', 'metadataDate': '2021-04-06T04:41:04.967Z', 'repository': 'Metropolitan Museum of Art, New York, NY', 'objectURL': 'https://www.metmuseum.org/art/collection/search/2', 'tags': None, 'objectWikidata_URL': '', 'isTimelineWork': False, 'GalleryNumber': ''}, {'objectID': 3, 'isHighlight': False, 'accessionNumber': '67.265.9', 'accessionYear': '1967', 'isPublicDomain': False, 'primaryImage': '', 'primaryImageSmall': '', 'additionalImages': [], 'constituents': None, 'department': 'The American Wing', 'objectName': 'Coin', 'title': 'Two-and-a-Half Dollar Coin', 'culture': '', 'period': '', 'dynasty': '', 'reign': '', 'portfolio': '', 'artistRole': '', 'artistPrefix': '', 'artistDisplayName': '', 'artistDisplayBio': '', 'artistSuffix': '', 'artistAlphaSort': '', 'artistNationality': '', 'artistBeginDate': '', 'artistEndDate': '', 'artistGender': '', 'artistWikidata_URL': '', 'artistULAN_URL': '', 'objectDate': '1909–27', 'objectBeginDate': 1909, 'objectEndDate': 1927, 'medium': 'Gold', 'dimensions': 'Diam. 11/16 in. (1.7 cm)', 'measurements_0_elementName': 'Other', 'measurements_0_elementDescription': 'Object diameter', 'measurements_0_elementMeasurements_Diameter': 1.7463, 'creditLine': 'Gift of C. Ruxton Love Jr., 1967', 'geographyType': '', 'city': '', 'state': '', 'county': '', 'country': '', 'region': '', 'subregion': '', 'locale': '', 'locus': '', 'excavation': '', 'river': '', 'classification': '', 'rightsAndReproduction': '', 'linkResource': '', 'metadataDate': '2021-04-06T04:41:04.967Z', 'repository': 'Metropolitan Museum of Art, New York, NY', 'objectURL': 'https://www.metmuseum.org/art/collection/search/3', 'tags': None, 'objectWikidata_URL': '', 'isTimelineWork': False, 'GalleryNumber': ''}, {'objectID': 4, 'isHighlight': False, 'accessionNumber': '67.265.10', 'accessionYear': '1967', 'isPublicDomain': False, 'primaryImage': '', 'primaryImageSmall': '', 'additionalImages': [], 'constituents': None, 'department': 'The American Wing', 'objectName': 'Coin', 'title': 'Two-and-a-Half Dollar Coin', 'culture': '', 'period': '', 'dynasty': '', 'reign': '', 'portfolio': '', 'artistRole': '', 'artistPrefix': '', 'artistDisplayName': '', 'artistDisplayBio': '', 'artistSuffix': '', 'artistAlphaSort': '', 'artistNationality': '', 'artistBeginDate': '', 'artistEndDate': '', 'artistGender': '', 'artistWikidata_URL': '', 'artistULAN_URL': '', 'objectDate': '1909–27', 'objectBeginDate': 1909, 'objectEndDate': 1927, 'medium': 'Gold', 'dimensions': 'Diam. 11/16 in. (1.7 cm)', 'measurements_0_elementName': 'Other', 'measurements_0_elementDescription': 'Object diameter', 'measurements_0_elementMeasurements_Diameter': 1.7463, 'creditLine': 'Gift of C. Ruxton Love Jr., 1967', 'geographyType': '', 'city': '', 'state': '', 'county': '', 'country': '', 'region': '', 'subregion': '', 'locale': '', 'locus': '', 'excavation': '', 'river': '', 'classification': '', 'rightsAndReproduction': '', 'linkResource': '', 'metadataDate': '2021-04-06T04:41:04.967Z', 'repository': 'Metropolitan Museum of Art, New York, NY', 'objectURL': 'https://www.metmuseum.org/art/collection/search/4', 'tags': None, 'objectWikidata_URL': '', 'isTimelineWork': False, 'GalleryNumber': ''}, {'objectID': 5, 'isHighlight': False, 'accessionNumber': '67.265.11', 'accessionYear': '1967', 'isPublicDomain': False, 'primaryImage': '', 'primaryImageSmall': '', 'additionalImages': [], 'constituents': None, 'department': 'The American Wing', 'objectName': 'Coin', 'title': 'Two-and-a-Half Dollar Coin', 'culture': '', 'period': '', 'dynasty': '', 'reign': '', 'portfolio': '', 'artistRole': '', 'artistPrefix': '', 'artistDisplayName': '', 'artistDisplayBio': '', 'artistSuffix': '', 'artistAlphaSort': '', 'artistNationality': '', 'artistBeginDate': '', 'artistEndDate': '', 'artistGender': '', 'artistWikidata_URL': '', 'artistULAN_URL': '', 'objectDate': '1909–27', 'objectBeginDate': 1909, 'objectEndDate': 1927, 'medium': 'Gold', 'dimensions': 'Diam. 11/16 in. (1.7 cm)', 'measurements_0_elementName': 'Other', 'measurements_0_elementDescription': 'Object diameter', 'measurements_0_elementMeasurements_Diameter': 1.7463, 'creditLine': 'Gift of C. Ruxton Love Jr., 1967', 'geographyType': '', 'city': '', 'state': '', 'county': '', 'country': '', 'region': '', 'subregion': '', 'locale': '', 'locus': '', 'excavation': '', 'river': '', 'classification': '', 'rightsAndReproduction': '', 'linkResource': '', 'metadataDate': '2021-04-06T04:41:04.967Z', 'repository': 'Metropolitan Museum of Art, New York, NY', 'objectURL': 'https://www.metmuseum.org/art/collection/search/5', 'tags': None, 'objectWikidata_URL': '', 'isTimelineWork': False, 'GalleryNumber': ''}, {'objectID': 6, 'isHighlight': False, 'accessionNumber': '67.265.12', 'accessionYear': '1967', 'isPublicDomain': False, 'primaryImage': '', 'primaryImageSmall': '', 'additionalImages': [], 'constituents': None, 'department': 'The American Wing', 'objectName': 'Coin', 'title': 'Two-and-a-Half Dollar Coin', 'culture': '', 'period': '', 'dynasty': '', 'reign': '', 'portfolio': '', 'artistRole': '', 'artistPrefix': '', 'artistDisplayName': '', 'artistDisplayBio': '', 'artistSuffix': '', 'artistAlphaSort': '', 'artistNationality': '', 'artistBeginDate': '', 'artistEndDate': '', 'artistGender': '', 'artistWikidata_URL': '', 'artistULAN_URL': '', 'objectDate': '1909–27', 'objectBeginDate': 1909, 'objectEndDate': 1927, 'medium': 'Gold', 'dimensions': 'Diam. 11/16 in. (1.7 cm)', 'measurements_0_elementName': 'Other', 'measurements_0_elementDescription': 'Object diameter', 'measurements_0_elementMeasurements_Diameter': 1.7463, 'creditLine': 'Gift of C. Ruxton Love Jr., 1967', 'geographyType': '', 'city': '', 'state': '', 'county': '', 'country': '', 'region': '', 'subregion': '', 'locale': '', 'locus': '', 'excavation': '', 'river': '', 'classification': '', 'rightsAndReproduction': '', 'linkResource': '', 'metadataDate': '2021-04-06T04:41:04.967Z', 'repository': 'Metropolitan Museum of Art, New York, NY', 'objectURL': 'https://www.metmuseum.org/art/collection/search/6', 'tags': None, 'objectWikidata_URL': '', 'isTimelineWork': False, 'GalleryNumber': ''}, {'objectID': 7, 'isHighlight': False, 'accessionNumber': '67.265.13', 'accessionYear': '1967', 'isPublicDomain': False, 'primaryImage': '', 'primaryImageSmall': '', 'additionalImages': [], 'constituents': None, 'department': 'The American Wing', 'objectName': 'Coin', 'title': 'Two-and-a-Half Dollar Coin', 'culture': '', 'period': '', 'dynasty': '', 'reign': '', 'portfolio': '', 'artistRole': '', 'artistPrefix': '', 'artistDisplayName': '', 'artistDisplayBio': '', 'artistSuffix': '', 'artistAlphaSort': '', 'artistNationality': '', 'artistBeginDate': '', 'artistEndDate': '', 'artistGender': '', 'artistWikidata_URL': '', 'artistULAN_URL': '', 'objectDate': '1909–27', 'objectBeginDate': 1909, 'objectEndDate': 1927, 'medium': 'Gold', 'dimensions': 'Diam. 11/16 in. (1.7 cm)', 'measurements_0_elementName': 'Other', 'measurements_0_elementDescription': 'Object diameter', 'measurements_0_elementMeasurements_Diameter': 1.7463, 'creditLine': 'Gift of C. Ruxton Love Jr., 1967', 'geographyType': '', 'city': '', 'state': '', 'county': '', 'country': '', 'region': '', 'subregion': '', 'locale': '', 'locus': '', 'excavation': '', 'river': '', 'classification': '', 'rightsAndReproduction': '', 'linkResource': '', 'metadataDate': '2021-04-06T04:41:04.967Z', 'repository': 'Metropolitan Museum of Art, New York, NY', 'objectURL': 'https://www.metmuseum.org/art/collection/search/7', 'tags_0_term': 'Birds', 'tags_0_AAT_URL': 'http://vocab.getty.edu/page/aat/300266506', 'tags_0_Wikidata_URL': 'https://www.wikidata.org/wiki/Q5113', 'tags_1_term': 'Coins', 'tags_1_AAT_URL': 'http://vocab.getty.edu/page/aat/300037222', 'tags_1_Wikidata_URL': 'https://www.wikidata.org/wiki/Q41207', 'objectWikidata_URL': '', 'isTimelineWork': False, 'GalleryNumber': ''}, {'objectID': 8, 'isHighlight': False, 'accessionNumber': '67.265.14', 'accessionYear': '1967', 'isPublicDomain': False, 'primaryImage': '', 'primaryImageSmall': '', 'additionalImages': [], 'constituents': None, 'department': 'The American Wing', 'objectName': 'Coin', 'title': 'Two-and-a-Half Dollar Coin', 'culture': '', 'period': '', 'dynasty': '', 'reign': '', 'portfolio': '', 'artistRole': '', 'artistPrefix': '', 'artistDisplayName': '', 'artistDisplayBio': '', 'artistSuffix': '', 'artistAlphaSort': '', 'artistNationality': '', 'artistBeginDate': '', 'artistEndDate': '', 'artistGender': '', 'artistWikidata_URL': '', 'artistULAN_URL': '', 'objectDate': '1909–27', 'objectBeginDate': 1909, 'objectEndDate': 1927, 'medium': 'Gold', 'dimensions': 'Diam. 11/16 in. (1.7 cm)', 'measurements_0_elementName': 'Other', 'measurements_0_elementDescription': 'Object diameter', 'measurements_0_elementMeasurements_Diameter': 1.7463, 'creditLine': 'Gift of C. Ruxton Love Jr., 1967', 'geographyType': '', 'city': '', 'state': '', 'county': '', 'country': '', 'region': '', 'subregion': '', 'locale': '', 'locus': '', 'excavation': '', 'river': '', 'classification': '', 'rightsAndReproduction': '', 'linkResource': '', 'metadataDate': '2021-04-06T04:41:04.967Z', 'repository': 'Metropolitan Museum of Art, New York, NY', 'objectURL': 'https://www.metmuseum.org/art/collection/search/8', 'tags_0_term': 'Men', 'tags_0_AAT_URL': 'http://vocab.getty.edu/page/aat/300025928', 'tags_0_Wikidata_URL': 'https://www.wikidata.org/wiki/Q8441', 'tags_1_term': 'Profiles', 'tags_1_AAT_URL': 'http://vocab.getty.edu/page/aat/300123319', 'tags_1_Wikidata_URL': 'https://www.wikidata.org/wiki/Q4382010', 'tags_2_term': 'Eagles', 'tags_2_AAT_URL': 'http://vocab.getty.edu/page/aat/300250049', 'tags_2_Wikidata_URL': 'https://www.wikidata.org/wiki/Q2092297', 'objectWikidata_URL': '', 'isTimelineWork': False, 'GalleryNumber': ''}, {'objectID': 9, 'isHighlight': False, 'accessionNumber': '67.265.15', 'accessionYear': '1967', 'isPublicDomain': False, 'primaryImage': '', 'primaryImageSmall': '', 'additionalImages': [], 'constituents': None, 'department': 'The American Wing', 'objectName': 'Coin', 'title': 'Two-and-a-Half Dollar Coin', 'culture': '', 'period': '', 'dynasty': '', 'reign': '', 'portfolio': '', 'artistRole': '', 'artistPrefix': '', 'artistDisplayName': '', 'artistDisplayBio': '', 'artistSuffix': '', 'artistAlphaSort': '', 'artistNationality': '', 'artistBeginDate': '', 'artistEndDate': '', 'artistGender': '', 'artistWikidata_URL': '', 'artistULAN_URL': '', 'objectDate': '1909–27', 'objectBeginDate': 1909, 'objectEndDate': 1927, 'medium': 'Gold', 'dimensions': 'Diam. 11/16 in. (1.7 cm)', 'measurements_0_elementName': 'Other', 'measurements_0_elementDescription': 'Object diameter', 'measurements_0_elementMeasurements_Diameter': 1.7463, 'creditLine': 'Gift of C. Ruxton Love Jr., 1967', 'geographyType': '', 'city': '', 'state': '', 'county': '', 'country': '', 'region': '', 'subregion': '', 'locale': '', 'locus': '', 'excavation': '', 'river': '', 'classification': '', 'rightsAndReproduction': '', 'linkResource': '', 'metadataDate': '2021-04-06T04:41:04.967Z', 'repository': 'Metropolitan Museum of Art, New York, NY', 'objectURL': 'https://www.metmuseum.org/art/collection/search/9', 'tags': None, 'objectWikidata_URL': '', 'isTimelineWork': False, 'GalleryNumber': ''}, {'objectID': 10, 'isHighlight': False, 'accessionNumber': '1979.486.3', 'accessionYear': '1979', 'isPublicDomain': False, 'primaryImage': '', 'primaryImageSmall': '', 'additionalImages': [], 'constituents_0_constituentID': 1080, 'constituents_0_role': 'Maker', 'constituents_0_name': 'Bela Lyon Pratt', 'constituents_0_constituentULAN_URL': 'http://vocab.getty.edu/page/ulan/500095555', 'constituents_0_constituentWikidata_URL': 'https://www.wikidata.org/wiki/Q4881787', 'constituents_0_gender': '', 'department': 'The American Wing', 'objectName': 'Coin', 'title': 'Two-and-a-half-dollar Indian Head Coin', 'culture': '', 'period': '', 'dynasty': '', 'reign': '', 'portfolio': '', 'artistRole': 'Maker', 'artistPrefix': '', 'artistDisplayName': 'Bela Lyon Pratt', 'artistDisplayBio': '1867–1917', 'artistSuffix': '', 'artistAlphaSort': 'Pratt, Bela Lyon', 'artistNationality': '', 'artistBeginDate': '1867', 'artistEndDate': '1917', 'artistGender': '', 'artistWikidata_URL': 'https://www.wikidata.org/wiki/Q4881787', 'artistULAN_URL': 'http://vocab.getty.edu/page/ulan/500095555', 'objectDate': '1912', 'objectBeginDate': 1912, 'objectEndDate': 1912, 'medium': 'Gold', 'dimensions': 'Dimensions unavailable', 'measurements_0_elementName': 'Other', 'measurements_0_elementDescription': 'Object diameter', 'measurements_0_elementMeasurements_Diameter': 1.7, 'creditLine': 'Gift of Heinz L. Stoppelmann, 1979', 'geographyType': '', 'city': '', 'state': '', 'county': '', 'country': '', 'region': '', 'subregion': '', 'locale': '', 'locus': '', 'excavation': '', 'river': '', 'classification': '', 'rightsAndReproduction': '', 'linkResource': '', 'metadataDate': '2021-04-06T04:41:04.967Z', 'repository': 'Metropolitan Museum of Art, New York, NY', 'objectURL': 'https://www.metmuseum.org/art/collection/search/10', 'tags': None, 'objectWikidata_URL': '', 'isTimelineWork': False, 'GalleryNumber': ''}, {'objectID': 11, 'isHighlight': False, 'accessionNumber': '1979.486.2', 'accessionYear': '1979', 'isPublicDomain': False, 'primaryImage': '', 'primaryImageSmall': '', 'additionalImages': [], 'constituents_0_constituentID': 1079, 'constituents_0_role': 'Maker', 'constituents_0_name': 'Christian Gobrecht', 'constituents_0_constituentULAN_URL': 'http://vocab.getty.edu/page/ulan/500077295', 'constituents_0_constituentWikidata_URL': 'https://www.wikidata.org/wiki/Q5109648', 'constituents_0_gender': '', 'department': 'The American Wing', 'objectName': 'Coin', 'title': 'Two-and-a-half-dollar Liberty Head Coin', 'culture': '', 'period': '', 'dynasty': '', 'reign': '', 'portfolio': '', 'artistRole': 'Maker', 'artistPrefix': '', 'artistDisplayName': 'Christian Gobrecht', 'artistDisplayBio': '1785–1844', 'artistSuffix': '', 'artistAlphaSort': 'Gobrecht, Christian', 'artistNationality': '', 'artistBeginDate': '1785', 'artistEndDate': '1844', 'artistGender': '', 'artistWikidata_URL': 'https://www.wikidata.org/wiki/Q5109648', 'artistULAN_URL': 'http://vocab.getty.edu/page/ulan/500077295', 'objectDate': '1907', 'objectBeginDate': 1907, 'objectEndDate': 1907, 'medium': 'Gold', 'dimensions': 'Dimensions unavailable', 'measurements_0_elementName': 'Other', 'measurements_0_elementDescription': 'Object diameter', 'measurements_0_elementMeasurements_Diameter': 1.7, 'creditLine': 'Gift of Heinz L. Stoppelmann, 1979', 'geographyType': '', 'city': '', 'state': '', 'county': '', 'country': '', 'region': '', 'subregion': '', 'locale': '', 'locus': '', 'excavation': '', 'river': '', 'classification': '', 'rightsAndReproduction': '', 'linkResource': '', 'metadataDate': '2021-04-06T04:41:04.967Z', 'repository': 'Metropolitan Museum of Art, New York, NY', 'objectURL': 'https://www.metmuseum.org/art/collection/search/11', 'tags': None, 'objectWikidata_URL': '', 'isTimelineWork': False, 'GalleryNumber': ''}, {'objectID': 12, 'isHighlight': False, 'accessionNumber': '1979.486.7', 'accessionYear': '1979', 'isPublicDomain': False, 'primaryImage': '', 'primaryImageSmall': '', 'additionalImages': [], 'constituents_0_constituentID': 164292, 'constituents_0_role': 'Maker', 'constituents_0_name': 'James Barton Longacre', 'constituents_0_constituentULAN_URL': 'http://vocab.getty.edu/page/ulan/500011409', 'constituents_0_constituentWikidata_URL': 'https://www.wikidata.org/wiki/Q3806459', 'constituents_0_gender': '', 'department': 'The American Wing', 'objectName': 'Coin', 'title': 'Twenty-dollar Liberty Head Coin', 'culture': '', 'period': '', 'dynasty': '', 'reign': '', 'portfolio': '', 'artistRole': 'Maker', 'artistPrefix': '', 'artistDisplayName': 'James Barton Longacre', 'artistDisplayBio': 'American, Delaware County, Pennsylvania 1794–1869 Philadelphia, Pennsylvania', 'artistSuffix': '', 'artistAlphaSort': 'Longacre, James Barton', 'artistNationality': 'American', 'artistBeginDate': '1794', 'artistEndDate': '1869', 'artistGender': '', 'artistWikidata_URL': 'https://www.wikidata.org/wiki/Q3806459', 'artistULAN_URL': 'http://vocab.getty.edu/page/ulan/500011409', 'objectDate': '1876', 'objectBeginDate': 1876, 'objectEndDate': 1876, 'medium': 'Gold', 'dimensions': 'Dimensions unavailable', 'measurements_0_elementName': 'Other', 'measurements_0_elementDescription': 'Object diameter', 'measurements_0_elementMeasurements_Diameter': 1.7, 'creditLine': 'Gift of Heinz L. Stoppelmann, 1979', 'geographyType': '', 'city': '', 'state': '', 'county': '', 'country': '', 'region': '', 'subregion': '', 'locale': '', 'locus': '', 'excavation': '', 'river': '', 'classification': '', 'rightsAndReproduction': '', 'linkResource': '', 'metadataDate': '2021-04-06T04:41:04.967Z', 'repository': 'Metropolitan Museum of Art, New York, NY', 'objectURL': 'https://www.metmuseum.org/art/collection/search/12', 'tags': None, 'objectWikidata_URL': '', 'isTimelineWork': False, 'GalleryNumber': ''}, {'objectID': 13, 'isHighlight': False, 'accessionNumber': '1979.486.4', 'accessionYear': '1979', 'isPublicDomain': False, 'primaryImage': '', 'primaryImageSmall': '', 'additionalImages': [], 'constituents_0_constituentID': 1080, 'constituents_0_role': 'Maker', 'constituents_0_name': 'Bela Lyon Pratt', 'constituents_0_constituentULAN_URL': 'http://vocab.getty.edu/page/ulan/500095555', 'constituents_0_constituentWikidata_URL': 'https://www.wikidata.org/wiki/Q4881787', 'constituents_0_gender': '', 'department': 'The American Wing', 'objectName': 'Coin', 'title': 'Five-dollar Indian Head Coin', 'culture': '', 'period': '', 'dynasty': '', 'reign': '', 'portfolio': '', 'artistRole': 'Maker', 'artistPrefix': '', 'artistDisplayName': 'Bela Lyon Pratt', 'artistDisplayBio': '1867–1917', 'artistSuffix': '', 'artistAlphaSort': 'Pratt, Bela Lyon', 'artistNationality': '', 'artistBeginDate': '1867', 'artistEndDate': '1917', 'artistGender': '', 'artistWikidata_URL': 'https://www.wikidata.org/wiki/Q4881787', 'artistULAN_URL': 'http://vocab.getty.edu/page/ulan/500095555', 'objectDate': '1910', 'objectBeginDate': 1910, 'objectEndDate': 1910, 'medium': 'Gold', 'dimensions': 'Dimensions unavailable', 'measurements_0_elementName': 'Other', 'measurements_0_elementDescription': 'Object diameter', 'measurements_0_elementMeasurements_Diameter': 1.7, 'creditLine': 'Gift of Heinz L. Stoppelmann, 1979', 'geographyType': '', 'city': '', 'state': '', 'county': '', 'country': '', 'region': '', 'subregion': '', 'locale': '', 'locus': '', 'excavation': '', 'river': '', 'classification': '', 'rightsAndReproduction': '', 'linkResource': '', 'metadataDate': '2021-04-06T04:41:04.967Z', 'repository': 'Metropolitan Museum of Art, New York, NY', 'objectURL': 'https://www.metmuseum.org/art/collection/search/13', 'tags': None, 'objectWikidata_URL': '', 'isTimelineWork': False, 'GalleryNumber': ''}, {'objectID': 14, 'isHighlight': False, 'accessionNumber': '1979.486.5', 'accessionYear': '1979', 'isPublicDomain': False, 'primaryImage': '', 'primaryImageSmall': '', 'additionalImages': [], 'constituents_0_constituentID': 1079, 'constituents_0_role': 'Maker', 'constituents_0_name': 'Christian Gobrecht', 'constituents_0_constituentULAN_URL': 'http://vocab.getty.edu/page/ulan/500077295', 'constituents_0_constituentWikidata_URL': 'https://www.wikidata.org/wiki/Q5109648', 'constituents_0_gender': '', 'department': 'The American Wing', 'objectName': 'Coin', 'title': 'Five-dollar Liberty Head Coin', 'culture': '', 'period': '', 'dynasty': '', 'reign': '', 'portfolio': '', 'artistRole': 'Maker', 'artistPrefix': '', 'artistDisplayName': 'Christian Gobrecht', 'artistDisplayBio': '1785–1844', 'artistSuffix': '', 'artistAlphaSort': 'Gobrecht, Christian', 'artistNationality': '', 'artistBeginDate': '1785', 'artistEndDate': '1844', 'artistGender': '', 'artistWikidata_URL': 'https://www.wikidata.org/wiki/Q5109648', 'artistULAN_URL': 'http://vocab.getty.edu/page/ulan/500077295', 'objectDate': '1907', 'objectBeginDate': 1907, 'objectEndDate': 1907, 'medium': 'Gold', 'dimensions': 'Dimensions unavailable', 'measurements_0_elementName': 'Other', 'measurements_0_elementDescription': 'Object diameter', 'measurements_0_elementMeasurements_Diameter': 1.7, 'creditLine': 'Gift of Heinz L. Stoppelmann, 1979', 'geographyType': '', 'city': '', 'state': '', 'county': '', 'country': '', 'region': '', 'subregion': '', 'locale': '', 'locus': '', 'excavation': '', 'river': '', 'classification': '', 'rightsAndReproduction': '', 'linkResource': '', 'metadataDate': '2021-04-06T04:41:04.967Z', 'repository': 'Metropolitan Museum of Art, New York, NY', 'objectURL': 'https://www.metmuseum.org/art/collection/search/14', 'tags': None, 'objectWikidata_URL': '', 'isTimelineWork': False, 'GalleryNumber': ''}, {'objectID': 15, 'isHighlight': False, 'accessionNumber': '16.74.49', 'accessionYear': '1916', 'isPublicDomain': False, 'primaryImage': '', 'primaryImageSmall': '', 'additionalImages': [], 'constituents': None, 'department': 'The American Wing', 'objectName': 'Coin', 'title': 'Coin, 1/2 Real', 'culture': 'Mexican', 'period': '', 'dynasty': '', 'reign': '', 'portfolio': '', 'artistRole': '', 'artistPrefix': '', 'artistDisplayName': '', 'artistDisplayBio': '', 'artistSuffix': '', 'artistAlphaSort': '', 'artistNationality': '', 'artistBeginDate': '', 'artistEndDate': '', 'artistGender': '', 'artistWikidata_URL': '', 'artistULAN_URL': '', 'objectDate': '1665–1700', 'objectBeginDate': 1665, 'objectEndDate': 1700, 'medium': 'Silver', 'dimensions': 'Diam. 1/2 in. (1.3 cm)', 'measurements_0_elementName': 'Other', 'measurements_0_elementDescription': 'Object diameter', 'measurements_0_elementMeasurements_Diameter': 1.27, 'creditLine': 'Gift of Mrs. Russell Sage, 1916', 'geographyType': 'Made in', 'city': '', 'state': '', 'county': '', 'country': 'Mexico', 'region': '', 'subregion': '', 'locale': '', 'locus': '', 'excavation': '', 'river': '', 'classification': '', 'rightsAndReproduction': '', 'linkResource': '', 'metadataDate': '2021-04-06T04:41:04.967Z', 'repository': 'Metropolitan Museum of Art, New York, NY', 'objectURL': 'https://www.metmuseum.org/art/collection/search/15', 'tags': None, 'objectWikidata_URL': '', 'isTimelineWork': False, 'GalleryNumber': ''}, {'objectID': 16, 'isHighlight': False, 'accessionNumber': '16.74.27', 'accessionYear': '1916', 'isPublicDomain': False, 'primaryImage': '', 'primaryImageSmall': '', 'additionalImages': [], 'constituents': None, 'department': 'The American Wing', 'objectName': 'Peso', 'title': 'Coin, 1/4 Peso', 'culture': 'Mexican', 'period': '', 'dynasty': '', 'reign': '', 'portfolio': '', 'artistRole': '', 'artistPrefix': '', 'artistDisplayName': '', 'artistDisplayBio': '', 'artistSuffix': '', 'artistAlphaSort': '', 'artistNationality': '', 'artistBeginDate': '', 'artistEndDate': '', 'artistGender': '', 'artistWikidata_URL': '', 'artistULAN_URL': '', 'objectDate': '1800–1900', 'objectBeginDate': 1800, 'objectEndDate': 1900, 'medium': 'Bronze or copper', 'dimensions': 'Diam. 1 1/8 in. (2.9 cm)', 'measurements_0_elementName': 'Other', 'measurements_0_elementDescription': 'Object diameter', 'measurements_0_elementMeasurements_Diameter': 2.8575, 'creditLine': 'Gift of Mrs. Russell Sage, 1916', 'geographyType': 'Made in', 'city': '', 'state': '', 'county': '', 'country': 'Mexico', 'region': '', 'subregion': '', 'locale': '', 'locus': '', 'excavation': '', 'river': '', 'classification': '', 'rightsAndReproduction': '', 'linkResource': '', 'metadataDate': '2021-04-06T04:41:04.967Z', 'repository': 'Metropolitan Museum of Art, New York, NY', 'objectURL': 'https://www.metmuseum.org/art/collection/search/16', 'tags': None, 'objectWikidata_URL': '', 'isTimelineWork': False, 'GalleryNumber': ''}, {'objectID': 17, 'isHighlight': False, 'accessionNumber': '16.74.28', 'accessionYear': '1916', 'isPublicDomain': False, 'primaryImage': '', 'primaryImageSmall': '', 'additionalImages': [], 'constituents': None, 'department': 'The American Wing', 'objectName': 'Peso', 'title': 'Coin, 1/4 Peso', 'culture': 'Mexican', 'period': '', 'dynasty': '', 'reign': '', 'portfolio': '', 'artistRole': '', 'artistPrefix': '', 'artistDisplayName': '', 'artistDisplayBio': '', 'artistSuffix': '', 'artistAlphaSort': '', 'artistNationality': '', 'artistBeginDate': '', 'artistEndDate': '', 'artistGender': '', 'artistWikidata_URL': '', 'artistULAN_URL': '', 'objectDate': '1867', 'objectBeginDate': 1867, 'objectEndDate': 1867, 'medium': 'Bronze or copper', 'dimensions': 'Diam. 1 1/8 in. (2.9 cm)', 'measurements_0_elementName': 'Other', 'measurements_0_elementDescription': 'Object diameter', 'measurements_0_elementMeasurements_Diameter': 2.8575, 'creditLine': 'Gift of Mrs. Russell Sage, 1916', 'geographyType': 'Made in', 'city': '', 'state': '', 'county': '', 'country': 'Mexico', 'region': '', 'subregion': '', 'locale': '', 'locus': '', 'excavation': '', 'river': '', 'classification': '', 'rightsAndReproduction': '', 'linkResource': '', 'metadataDate': '2021-04-06T04:41:04.967Z', 'repository': 'Metropolitan Museum of Art, New York, NY', 'objectURL': 'https://www.metmuseum.org/art/collection/search/17', 'tags': None, 'objectWikidata_URL': '', 'isTimelineWork': False, 'GalleryNumber': ''}, {'objectID': 18, 'isHighlight': False, 'accessionNumber': '16.74.29', 'accessionYear': '1916', 'isPublicDomain': False, 'primaryImage': '', 'primaryImageSmall': '', 'additionalImages': [], 'constituents': None, 'department': 'The American Wing', 'objectName': 'Peso', 'title': 'Coin, 1/4 Peso', 'culture': 'Mexican', 'period': '', 'dynasty': '', 'reign': '', 'portfolio': '', 'artistRole': '', 'artistPrefix': '', 'artistDisplayName': '', 'artistDisplayBio': '', 'artistSuffix': '', 'artistAlphaSort': '', 'artistNationality': '', 'artistBeginDate': '', 'artistEndDate': '', 'artistGender': '', 'artistWikidata_URL': '', 'artistULAN_URL': '', 'objectDate': '1860', 'objectBeginDate': 1860, 'objectEndDate': 1860, 'medium': 'Bronze or copper', 'dimensions': 'Diam. 1 1/8 in. (2.9 cm)', 'measurements_0_elementName': 'Other', 'measurements_0_elementDescription': 'Object diameter', 'measurements_0_elementMeasurements_Diameter': 2.8575, 'creditLine': 'Gift of Mrs. Russell Sage, 1916', 'geographyType': 'Made in', 'city': '', 'state': '', 'county': '', 'country': 'Mexico', 'region': '', 'subregion': '', 'locale': '', 'locus': '', 'excavation': '', 'river': '', 'classification': '', 'rightsAndReproduction': '', 'linkResource': '', 'metadataDate': '2021-04-06T04:41:04.967Z', 'repository': 'Metropolitan Museum of Art, New York, NY', 'objectURL': 'https://www.metmuseum.org/art/collection/search/18', 'tags': None, 'objectWikidata_URL': '', 'isTimelineWork': False, 'GalleryNumber': ''}, {'objectID': 19, 'isHighlight': False, 'accessionNumber': '16.74.30', 'accessionYear': '1916', 'isPublicDomain': False, 'primaryImage': '', 'primaryImageSmall': '', 'additionalImages': [], 'constituents': None, 'department': 'The American Wing', 'objectName': 'Peso', 'title': 'Coin, 1/4 Peso', 'culture': 'Mexican', 'period': '', 'dynasty': '', 'reign': '', 'portfolio': '', 'artistRole': '', 'artistPrefix': '', 'artistDisplayName': '', 'artistDisplayBio': '', 'artistSuffix': '', 'artistAlphaSort': '', 'artistNationality': '', 'artistBeginDate': '', 'artistEndDate': '', 'artistGender': '', 'artistWikidata_URL': '', 'artistULAN_URL': '', 'objectDate': '1859', 'objectBeginDate': 1859, 'objectEndDate': 1859, 'medium': 'Bronze or copper', 'dimensions': 'Diam. 1 1/8 in. (2.9 cm)', 'measurements_0_elementName': 'Other', 'measurements_0_elementDescription': 'Object diameter', 'measurements_0_elementMeasurements_Diameter': 2.9, 'creditLine': 'Gift of Mrs. Russell Sage, 1916', 'geographyType': 'Made in', 'city': '', 'state': '', 'county': '', 'country': 'Mexico', 'region': '', 'subregion': '', 'locale': '', 'locus': '', 'excavation': '', 'river': '', 'classification': '', 'rightsAndReproduction': '', 'linkResource': '', 'metadataDate': '2021-04-06T04:41:04.967Z', 'repository': 'Metropolitan Museum of Art, New York, NY', 'objectURL': 'https://www.metmuseum.org/art/collection/search/19', 'tags': None, 'objectWikidata_URL': '', 'isTimelineWork': False, 'GalleryNumber': ''}, {'objectID': 20, 'isHighlight': False, 'accessionNumber': '16.74.31', 'accessionYear': '1916', 'isPublicDomain': False, 'primaryImage': '', 'primaryImageSmall': '', 'additionalImages': [], 'constituents': None, 'department': 'The American Wing', 'objectName': 'Peso', 'title': 'Coin, 1/4 Peso', 'culture': 'Mexican', 'period': '', 'dynasty': '', 'reign': '', 'portfolio': '', 'artistRole': '', 'artistPrefix': '', 'artistDisplayName': '', 'artistDisplayBio': '', 'artistSuffix': '', 'artistAlphaSort': '', 'artistNationality': '', 'artistBeginDate': '', 'artistEndDate': '', 'artistGender': '', 'artistWikidata_URL': '', 'artistULAN_URL': '', 'objectDate': '1860', 'objectBeginDate': 1860, 'objectEndDate': 1860, 'medium': 'Bronze or copper', 'dimensions': 'Diam. 1 1/8 in. (2.9 cm)', 'measurements_0_elementName': 'Other', 'measurements_0_elementDescription': 'Object diameter', 'measurements_0_elementMeasurements_Diameter': 2.9, 'creditLine': 'Gift of Mrs. Russell Sage, 1916', 'geographyType': 'Made in', 'city': '', 'state': '', 'county': '', 'country': 'Mexico', 'region': '', 'subregion': '', 'locale': '', 'locus': '', 'excavation': '', 'river': '', 'classification': '', 'rightsAndReproduction': '', 'linkResource': '', 'metadataDate': '2021-04-06T04:41:04.967Z', 'repository': 'Metropolitan Museum of Art, New York, NY', 'objectURL': 'https://www.metmuseum.org/art/collection/search/20', 'tags': None, 'objectWikidata_URL': '', 'isTimelineWork': False, 'GalleryNumber': ''}, {'objectID': 21, 'isHighlight': False, 'accessionNumber': '16.74.32', 'accessionYear': '1916', 'isPublicDomain': False, 'primaryImage': '', 'primaryImageSmall': '', 'additionalImages': [], 'constituents': None, 'department': 'The American Wing', 'objectName': 'Peso', 'title': 'Coin, 1/4 Peso', 'culture': 'Mexican', 'period': '', 'dynasty': '', 'reign': '', 'portfolio': '', 'artistRole': '', 'artistPrefix': '', 'artistDisplayName': '', 'artistDisplayBio': '', 'artistSuffix': '', 'artistAlphaSort': '', 'artistNationality': '', 'artistBeginDate': '', 'artistEndDate': '', 'artistGender': '', 'artistWikidata_URL': '', 'artistULAN_URL': '', 'objectDate': '1859', 'objectBeginDate': 1859, 'objectEndDate': 1859, 'medium': 'Bronze or copper', 'dimensions': 'Diam. 1 1/8 in. (2.9 cm)', 'measurements_0_elementName': 'Other', 'measurements_0_elementDescription': 'Object diameter', 'measurements_0_elementMeasurements_Diameter': 2.9, 'creditLine': 'Gift of Mrs. Russell Sage, 1916', 'geographyType': 'Made in', 'city': '', 'state': '', 'county': '', 'country': 'Mexico', 'region': '', 'subregion': '', 'locale': '', 'locus': '', 'excavation': '', 'river': '', 'classification': '', 'rightsAndReproduction': '', 'linkResource': '', 'metadataDate': '2021-04-06T04:41:04.967Z', 'repository': 'Metropolitan Museum of Art, New York, NY', 'objectURL': 'https://www.metmuseum.org/art/collection/search/21', 'tags': None, 'objectWikidata_URL': '', 'isTimelineWork': False, 'GalleryNumber': ''}, {'objectID': 22, 'isHighlight': False, 'accessionNumber': '16.74.43', 'accessionYear': '1916', 'isPublicDomain': False, 'primaryImage': '', 'primaryImageSmall': '', 'additionalImages': [], 'constituents': None, 'department': 'The American Wing', 'objectName': 'Coin', 'title': 'Coin, 1/4 Real', 'culture': 'Guatemalan', 'period': '', 'dynasty': '', 'reign': '', 'portfolio': '', 'artistRole': '', 'artistPrefix': '', 'artistDisplayName': '', 'artistDisplayBio': '', 'artistSuffix': '', 'artistAlphaSort': '', 'artistNationality': '', 'artistBeginDate': '', 'artistEndDate': '', 'artistGender': '', 'artistWikidata_URL': '', 'artistULAN_URL': '', 'objectDate': '1881', 'objectBeginDate': 1881, 'objectEndDate': 1881, 'medium': 'Silver', 'dimensions': 'Diam. 1/2 in. (1.3 cm)', 'measurements_0_elementName': 'Other', 'measurements_0_elementDescription': 'Object diameter', 'measurements_0_elementMeasurements_Diameter': 1.27, 'creditLine': 'Gift of Mrs. Russell Sage, 1916', 'geographyType': 'Made in', 'city': '', 'state': '', 'county': '', 'country': 'Guatemala', 'region': '', 'subregion': '', 'locale': '', 'locus': '', 'excavation': '', 'river': '', 'classification': '', 'rightsAndReproduction': '', 'linkResource': '', 'metadataDate': '2021-04-06T04:41:04.967Z', 'repository': 'Metropolitan Museum of Art, New York, NY', 'objectURL': 'https://www.metmuseum.org/art/collection/search/22', 'tags': None, 'objectWikidata_URL': '', 'isTimelineWork': False, 'GalleryNumber': ''}, {'objectID': 23, 'isHighlight': False, 'accessionNumber': '16.74.44', 'accessionYear': '1916', 'isPublicDomain': False, 'primaryImage': '', 'primaryImageSmall': '', 'additionalImages': [], 'constituents': None, 'department': 'The American Wing', 'objectName': 'Coin', 'title': 'Coin, 1/4 Real', 'culture': 'Guatemalan', 'period': '', 'dynasty': '', 'reign': '', 'portfolio': '', 'artistRole': '', 'artistPrefix': '', 'artistDisplayName': '', 'artistDisplayBio': '', 'artistSuffix': '', 'artistAlphaSort': '', 'artistNationality': '', 'artistBeginDate': '', 'artistEndDate': '', 'artistGender': '', 'artistWikidata_URL': '', 'artistULAN_URL': '', 'objectDate': '1878', 'objectBeginDate': 1878, 'objectEndDate': 1878, 'medium': 'Silver', 'dimensions': 'Diam. 1/2 in. (1.3 cm)', 'measurements_0_elementName': 'Other', 'measurements_0_elementDescription': 'Object diameter', 'measurements_0_elementMeasurements_Diameter': 1.27, 'creditLine': 'Gift of Mrs. Russell Sage, 1916', 'geographyType': 'Made in', 'city': '', 'state': '', 'county': '', 'country': 'Guatemala', 'region': '', 'subregion': '', 'locale': '', 'locus': '', 'excavation': '', 'river': '', 'classification': '', 'rightsAndReproduction': '', 'linkResource': '', 'metadataDate': '2021-04-06T04:41:04.967Z', 'repository': 'Metropolitan Museum of Art, New York, NY', 'objectURL': 'https://www.metmuseum.org/art/collection/search/23', 'tags': None, 'objectWikidata_URL': '', 'isTimelineWork': False, 'GalleryNumber': ''}, {'objectID': 24, 'isHighlight': False, 'accessionNumber': '16.74.33', 'accessionYear': '1916', 'isPublicDomain': False, 'primaryImage': '', 'primaryImageSmall': '', 'additionalImages': [], 'constituents': None, 'department': 'The American Wing', 'objectName': 'Centavos', 'title': 'Coin, 10 Centavos', 'culture': 'Mexican', 'period': '', 'dynasty': '', 'reign': '', 'portfolio': '', 'artistRole': '', 'artistPrefix': '', 'artistDisplayName': '', 'artistDisplayBio': '', 'artistSuffix': '', 'artistAlphaSort': '', 'artistNationality': '', 'artistBeginDate': '', 'artistEndDate': '', 'artistGender': '', 'artistWikidata_URL': '', 'artistULAN_URL': '', 'objectDate': '1860–70', 'objectBeginDate': 1860, 'objectEndDate': 1870, 'medium': 'Nickel', 'dimensions': 'Diam. 3/4 in. (1.9 cm)', 'measurements_0_elementName': 'Other', 'measurements_0_elementDescription': 'Object diameter', 'measurements_0_elementMeasurements_Diameter': 1.905, 'creditLine': 'Gift of Mrs. Russell Sage, 1916', 'geographyType': 'Made in', 'city': '', 'state': '', 'county': '', 'country': 'Mexico', 'region': '', 'subregion': '', 'locale': '', 'locus': '', 'excavation': '', 'river': '', 'classification': '', 'rightsAndReproduction': '', 'linkResource': '', 'metadataDate': '2021-04-06T04:41:04.967Z', 'repository': 'Metropolitan Museum of Art, New York, NY', 'objectURL': 'https://www.metmuseum.org/art/collection/search/24', 'tags': None, 'objectWikidata_URL': '', 'isTimelineWork': False, 'GalleryNumber': ''}, {'objectID': 25, 'isHighlight': False, 'accessionNumber': '16.74.34', 'accessionYear': '1916', 'isPublicDomain': False, 'primaryImage': '', 'primaryImageSmall': '', 'additionalImages': [], 'constituents': None, 'department': 'The American Wing', 'objectName': 'Centavos', 'title': 'Coin, 10 Centavos', 'culture': 'Mexican', 'period': '', 'dynasty': '', 'reign': '', 'portfolio': '', 'artistRole': '', 'artistPrefix': '', 'artistDisplayName': '', 'artistDisplayBio': '', 'artistSuffix': '', 'artistAlphaSort': '', 'artistNationality': '', 'artistBeginDate': '', 'artistEndDate': '', 'artistGender': '', 'artistWikidata_URL': '', 'artistULAN_URL': '', 'objectDate': '1860–70', 'objectBeginDate': 1860, 'objectEndDate': 1870, 'medium': 'Nickel', 'dimensions': 'Diam. 3/4 in. (1.9 cm)', 'measurements_0_elementName': 'Other', 'measurements_0_elementDescription': 'Object diameter', 'measurements_0_elementMeasurements_Diameter': 1.905, 'creditLine': 'Gift of Mrs. Russell Sage, 1916', 'geographyType': 'Made in', 'city': '', 'state': '', 'county': '', 'country': 'Mexico', 'region': '', 'subregion': '', 'locale': '', 'locus': '', 'excavation': '', 'river': '', 'classification': '', 'rightsAndReproduction': '', 'linkResource': '', 'metadataDate': '2021-04-06T04:41:04.967Z', 'repository': 'Metropolitan Museum of Art, New York, NY', 'objectURL': 'https://www.metmuseum.org/art/collection/search/25', 'tags': None, 'objectWikidata_URL': '', 'isTimelineWork': False, 'GalleryNumber': ''}, {'objectID': 26, 'isHighlight': False, 'accessionNumber': '16.74.35', 'accessionYear': '1916', 'isPublicDomain': False, 'primaryImage': '', 'primaryImageSmall': '', 'additionalImages': [], 'constituents': None, 'department': 'The American Wing', 'objectName': 'Centavos', 'title': 'Coin, 10 Centavos', 'culture': 'Mexican', 'period': '', 'dynasty': '', 'reign': '', 'portfolio': '', 'artistRole': '', 'artistPrefix': '', 'artistDisplayName': '', 'artistDisplayBio': '', 'artistSuffix': '', 'artistAlphaSort': '', 'artistNationality': '', 'artistBeginDate': '', 'artistEndDate': '', 'artistGender': '', 'artistWikidata_URL': '', 'artistULAN_URL': '', 'objectDate': '1860–70', 'objectBeginDate': 1860, 'objectEndDate': 1870, 'medium': 'Nickel', 'dimensions': 'Diam. 3/4 in. (1.9 cm)', 'measurements_0_elementName': 'Other', 'measurements_0_elementDescription': 'Object diameter', 'measurements_0_elementMeasurements_Diameter': 1.905, 'creditLine': 'Gift of Mrs. Russell Sage, 1916', 'geographyType': 'Made in', 'city': '', 'state': '', 'county': '', 'country': 'Mexico', 'region': '', 'subregion': '', 'locale': '', 'locus': '', 'excavation': '', 'river': '', 'classification': '', 'rightsAndReproduction': '', 'linkResource': '', 'metadataDate': '2021-04-06T04:41:04.967Z', 'repository': 'Metropolitan Museum of Art, New York, NY', 'objectURL': 'https://www.metmuseum.org/art/collection/search/26', 'tags': None, 'objectWikidata_URL': '', 'isTimelineWork': False, 'GalleryNumber': ''}, {'objectID': 27, 'isHighlight': False, 'accessionNumber': '16.74.36', 'accessionYear': '1916', 'isPublicDomain': False, 'primaryImage': '', 'primaryImageSmall': '', 'additionalImages': [], 'constituents': None, 'department': 'The American Wing', 'objectName': 'Centavos', 'title': 'Coin, 10 Centavos', 'culture': 'Mexican', 'period': '', 'dynasty': '', 'reign': '', 'portfolio': '', 'artistRole': '', 'artistPrefix': '', 'artistDisplayName': '', 'artistDisplayBio': '', 'artistSuffix': '', 'artistAlphaSort': '', 'artistNationality': '', 'artistBeginDate': '', 'artistEndDate': '', 'artistGender': '', 'artistWikidata_URL': '', 'artistULAN_URL': '', 'objectDate': '1860–70', 'objectBeginDate': 1860, 'objectEndDate': 1870, 'medium': 'Nickel', 'dimensions': 'Diam. 3/4 in. (1.9 cm)', 'measurements_0_elementName': 'Other', 'measurements_0_elementDescription': 'Object diameter', 'measurements_0_elementMeasurements_Diameter': 1.905, 'creditLine': 'Gift of Mrs. Russell Sage, 1916', 'geographyType': 'Made in', 'city': '', 'state': '', 'county': '', 'country': 'Mexico', 'region': '', 'subregion': '', 'locale': '', 'locus': '', 'excavation': '', 'river': '', 'classification': '', 'rightsAndReproduction': '', 'linkResource': '', 'metadataDate': '2021-04-06T04:41:04.967Z', 'repository': 'Metropolitan Museum of Art, New York, NY', 'objectURL': 'https://www.metmuseum.org/art/collection/search/27', 'tags': None, 'objectWikidata_URL': '', 'isTimelineWork': False, 'GalleryNumber': ''}, {'objectID': 28, 'isHighlight': False, 'accessionNumber': '16.74.38', 'accessionYear': '1916', 'isPublicDomain': False, 'primaryImage': '', 'primaryImageSmall': '', 'additionalImages': [], 'constituents': None, 'department': 'The American Wing', 'objectName': 'Centavos', 'title': 'Coin, 10 Centavos', 'culture': 'Mexican', 'period': '', 'dynasty': '', 'reign': '', 'portfolio': '', 'artistRole': '', 'artistPrefix': '', 'artistDisplayName': '', 'artistDisplayBio': '', 'artistSuffix': '', 'artistAlphaSort': '', 'artistNationality': '', 'artistBeginDate': '', 'artistEndDate': '', 'artistGender': '', 'artistWikidata_URL': '', 'artistULAN_URL': '', 'objectDate': '1860–70', 'objectBeginDate': 1860, 'objectEndDate': 1870, 'medium': 'Nickel', 'dimensions': 'Diam. 3/4 in. (1.9 cm)', 'measurements_0_elementName': 'Other', 'measurements_0_elementDescription': 'Object diameter', 'measurements_0_elementMeasurements_Diameter': 1.905, 'creditLine': 'Gift of Mrs. Russell Sage, 1916', 'geographyType': 'Made in', 'city': '', 'state': '', 'county': '', 'country': 'Mexico', 'region': '', 'subregion': '', 'locale': '', 'locus': '', 'excavation': '', 'river': '', 'classification': '', 'rightsAndReproduction': '', 'linkResource': '', 'metadataDate': '2021-04-06T04:41:04.967Z', 'repository': 'Metropolitan Museum of Art, New York, NY', 'objectURL': 'https://www.metmuseum.org/art/collection/search/28', 'tags': None, 'objectWikidata_URL': '', 'isTimelineWork': False, 'GalleryNumber': ''}, {'objectID': 29, 'isHighlight': False, 'accessionNumber': '16.74.39', 'accessionYear': '1916', 'isPublicDomain': False, 'primaryImage': '', 'primaryImageSmall': '', 'additionalImages': [], 'constituents': None, 'department': 'The American Wing', 'objectName': 'Centavos', 'title': 'Coin, 10 Centavos', 'culture': 'Mexican', 'period': '', 'dynasty': '', 'reign': '', 'portfolio': '', 'artistRole': '', 'artistPrefix': '', 'artistDisplayName': '', 'artistDisplayBio': '', 'artistSuffix': '', 'artistAlphaSort': '', 'artistNationality': '', 'artistBeginDate': '', 'artistEndDate': '', 'artistGender': '', 'artistWikidata_URL': '', 'artistULAN_URL': '', 'objectDate': '1860–70', 'objectBeginDate': 1860, 'objectEndDate': 1870, 'medium': 'Nickel', 'dimensions': 'Diam. 3/4 in. (1.9 cm)', 'measurements_0_elementName': 'Other', 'measurements_0_elementDescription': 'Object diameter', 'measurements_0_elementMeasurements_Diameter': 1.905, 'creditLine': 'Gift of Mrs. Russell Sage, 1916', 'geographyType': 'Made in', 'city': '', 'state': '', 'county': '', 'country': 'Mexico', 'region': '', 'subregion': '', 'locale': '', 'locus': '', 'excavation': '', 'river': '', 'classification': '', 'rightsAndReproduction': '', 'linkResource': '', 'metadataDate': '2021-04-06T04:41:04.967Z', 'repository': 'Metropolitan Museum of Art, New York, NY', 'objectURL': 'https://www.metmuseum.org/art/collection/search/29', 'tags': None, 'objectWikidata_URL': '', 'isTimelineWork': False, 'GalleryNumber': ''}, {'objectID': 30, 'isHighlight': False, 'accessionNumber': '16.74.37', 'accessionYear': '1916', 'isPublicDomain': False, 'primaryImage': '', 'primaryImageSmall': '', 'additionalImages': [], 'constituents': None, 'department': 'The American Wing', 'objectName': 'Centavos', 'title': 'Coin, 10 Centavos', 'culture': 'Mexican', 'period': '', 'dynasty': '', 'reign': '', 'portfolio': '', 'artistRole': '', 'artistPrefix': '', 'artistDisplayName': '', 'artistDisplayBio': '', 'artistSuffix': '', 'artistAlphaSort': '', 'artistNationality': '', 'artistBeginDate': '', 'artistEndDate': '', 'artistGender': '', 'artistWikidata_URL': '', 'artistULAN_URL': '', 'objectDate': '1885', 'objectBeginDate': 1885, 'objectEndDate': 1885, 'medium': 'Nickel', 'dimensions': 'Diam. 3/4 in. (1.9 cm)', 'measurements_0_elementName': 'Other', 'measurements_0_elementDescription': 'Object diameter', 'measurements_0_elementMeasurements_Diameter': 1.905, 'creditLine': 'Gift of Mrs. Russell Sage, 1916', 'geographyType': 'Made in', 'city': '', 'state': '', 'county': '', 'country': 'Mexico', 'region': '', 'subregion': '', 'locale': '', 'locus': '', 'excavation': '', 'river': '', 'classification': '', 'rightsAndReproduction': '', 'linkResource': '', 'metadataDate': '2021-04-06T04:41:04.967Z', 'repository': 'Metropolitan Museum of Art, New York, NY', 'objectURL': 'https://www.metmuseum.org/art/collection/search/30', 'tags': None, 'objectWikidata_URL': '', 'isTimelineWork': False, 'GalleryNumber': ''}, {'objectID': 31, 'isHighlight': False, 'accessionNumber': '16.74.40', 'accessionYear': '1916', 'isPublicDomain': False, 'primaryImage': '', 'primaryImageSmall': '', 'additionalImages': [], 'constituents': None, 'department': 'The American Wing', 'objectName': 'Centavos', 'title': 'Coin, 10 Centavos', 'culture': 'Mexican', 'period': '', 'dynasty': '', 'reign': '', 'portfolio': '', 'artistRole': '', 'artistPrefix': '', 'artistDisplayName': '', 'artistDisplayBio': '', 'artistSuffix': '', 'artistAlphaSort': '', 'artistNationality': '', 'artistBeginDate': '', 'artistEndDate': '', 'artistGender': '', 'artistWikidata_URL': '', 'artistULAN_URL': '', 'objectDate': '1885', 'objectBeginDate': 1885, 'objectEndDate': 1885, 'medium': 'Nickel', 'dimensions': 'Diam. 3/4 in. (1.9 cm)', 'measurements_0_elementName': 'Other', 'measurements_0_elementDescription': 'Object diameter', 'measurements_0_elementMeasurements_Diameter': 1.905, 'creditLine': 'Gift of Mrs. Russell Sage, 1916', 'geographyType': 'Made in', 'city': '', 'state': '', 'county': '', 'country': 'Mexico', 'region': '', 'subregion': '', 'locale': '', 'locus': '', 'excavation': '', 'river': '', 'classification': '', 'rightsAndReproduction': '', 'linkResource': '', 'metadataDate': '2021-04-06T04:41:04.967Z', 'repository': 'Metropolitan Museum of Art, New York, NY', 'objectURL': 'https://www.metmuseum.org/art/collection/search/31', 'tags': None, 'objectWikidata_URL': '', 'isTimelineWork': False, 'GalleryNumber': ''}, {'objectID': 32, 'isHighlight': False, 'accessionNumber': '09.9.15', 'accessionYear': '1909', 'isPublicDomain': False, 'primaryImage': '', 'primaryImageSmall': '', 'additionalImages': [], 'constituents': None, 'department': 'The American Wing', 'objectName': 'Pesos', 'title': 'Coin, 20 Pesos', 'culture': 'Mexican', 'period': '', 'dynasty': '', 'reign': '', 'portfolio': '', 'artistRole': '', 'artistPrefix': '', 'artistDisplayName': '', 'artistDisplayBio': '', 'artistSuffix': '', 'artistAlphaSort': '', 'artistNationality': '', 'artistBeginDate': '', 'artistEndDate': '', 'artistGender': '', 'artistWikidata_URL': '', 'artistULAN_URL': '', 'objectDate': '1866', 'objectBeginDate': 1866, 'objectEndDate': 1866, 'medium': 'Gold', 'dimensions': 'Diam. 2 1/8 in. (5.4 cm)', 'measurements_0_elementName': 'Other', 'measurements_0_elementDescription': 'Object diameter', 'measurements_0_elementMeasurements_Diameter': 5.3975, 'creditLine': 'Gift of H. R. Ickelheimer, 1909', 'geographyType': 'Made in', 'city': '', 'state': '', 'county': '', 'country': 'Mexico', 'region': '', 'subregion': '', 'locale': '', 'locus': '', 'excavation': '', 'river': '', 'classification': '', 'rightsAndReproduction': '', 'linkResource': '', 'metadataDate': '2021-04-06T04:41:04.967Z', 'repository': 'Metropolitan Museum of Art, New York, NY', 'objectURL': 'https://www.metmuseum.org/art/collection/search/32', 'tags': None, 'objectWikidata_URL': '', 'isTimelineWork': False, 'GalleryNumber': ''}, {'objectID': 33, 'isHighlight': False, 'accessionNumber': '64.62', 'accessionYear': '1964', 'isPublicDomain': False, 'primaryImage': '', 'primaryImageSmall': '', 'additionalImages': [], 'constituents_0_constituentID': 164590, 'constituents_0_role': 'Maker', 'constituents_0_name': 'James Gillinder and Sons', 'constituents_0_constituentULAN_URL': 'http://vocab.getty.edu/page/ulan/500524407', 'constituents_0_constituentWikidata_URL': 'https://www.wikidata.org/wiki/Q99264077', 'constituents_0_gender': '', 'department': 'The American Wing', 'objectName': 'Bust', 'title': 'Bust of Abraham Lincoln', 'culture': 'American', 'period': '', 'dynasty': '', 'reign': '', 'portfolio': '', 'artistRole': 'Maker', 'artistPrefix': '', 'artistDisplayName': 'James Gillinder and Sons', 'artistDisplayBio': 'American, 1861–ca. 1930', 'artistSuffix': '', 'artistAlphaSort': 'Gillinder and Sons, James', 'artistNationality': 'American', 'artistBeginDate': '1861', 'artistEndDate': '1930', 'artistGender': '', 'artistWikidata_URL': 'https://www.wikidata.org/wiki/Q99264077', 'artistULAN_URL': 'http://vocab.getty.edu/page/ulan/500524407', 'objectDate': '1876', 'objectBeginDate': 1876, 'objectEndDate': 1876, 'medium': 'Pressed glass', 'dimensions': '2 3/4 x 3 1/2 x 2 3/4 in. (7 x 8.9 x 7 cm)', 'measurements_0_elementName': 'Overall', 'measurements_0_elementDescription': None, 'measurements_0_elementMeasurements_Depth': 7, 'measurements_0_elementMeasurements_Height': 7, 'measurements_0_elementMeasurements_Width': 8.9, 'creditLine': 'Gift of Teunis G. B. Cortelyou, 1964', 'geographyType': 'Made in', 'city': 'Philadelphia', 'state': 'Pennsylvania', 'county': '', 'country': 'United States', 'region': 'Mid-Atlantic', 'subregion': '', 'locale': '', 'locus': '', 'excavation': '', 'river': '', 'classification': '', 'rightsAndReproduction': '', 'linkResource': '', 'metadataDate': '2022-02-09T04:42:08.947Z', 'repository': 'Metropolitan Museum of Art, New York, NY', 'objectURL': 'https://www.metmuseum.org/art/collection/search/33', 'tags_0_term': 'Abraham Lincoln', 'tags_0_AAT_URL': 'http://vocab.getty.edu/page/ulan/500344436', 'tags_0_Wikidata_URL': 'https://www.wikidata.org/wiki/Q91', 'tags_1_term': 'Portraits', 'tags_1_AAT_URL': 'http://vocab.getty.edu/page/aat/300015637', 'tags_1_Wikidata_URL': 'https://www.wikidata.org/wiki/Q134307', 'tags_2_term': 'Men', 'tags_2_AAT_URL': 'http://vocab.getty.edu/page/aat/300025928', 'tags_2_Wikidata_URL': 'https://www.wikidata.org/wiki/Q8441', 'objectWikidata_URL': '', 'isTimelineWork': False, 'GalleryNumber': '774'}, {'objectID': 34, 'isHighlight': False, 'accessionNumber': '1970.289.6', 'accessionYear': '1970', 'isPublicDomain': True, 'primaryImage': 'https://images.metmuseum.org/CRDImages/ad/original/204788.jpg', 'primaryImageSmall': 'https://images.metmuseum.org/CRDImages/ad/web-large/204788.jpg', 'additionalImages': [], 'constituents_0_constituentID': 1082, 'constituents_0_role': 'Maker', 'constituents_0_name': 'Forestville Manufacturing Company', 'constituents_0_constituentULAN_URL': '', 'constituents_0_constituentWikidata_URL': '', 'constituents_0_gender': '', 'department': 'The American Wing', 'objectName': 'Clock', 'title': 'Acorn Clock', 'culture': 'American', 'period': '', 'dynasty': '', 'reign': '', 'portfolio': '', 'artistRole': 'Maker', 'artistPrefix': '', 'artistDisplayName': 'Forestville Manufacturing Company', 'artistDisplayBio': '1835–1853', 'artistSuffix': '', 'artistAlphaSort': 'Forestville Manufacturing Company', 'artistNationality': '', 'artistBeginDate': '1835', 'artistEndDate': '1853', 'artistGender': '', 'artistWikidata_URL': '', 'artistULAN_URL': '', 'objectDate': '1847–50', 'objectBeginDate': 1847, 'objectEndDate': 1850, 'medium': 'Mahogany, laminated', 'dimensions': '24 3/8 x 14 5/8 x 5 1/8 in. (61.9 x 37.1 x 13 cm)', 'measurements_0_elementName': 'Overall', 'measurements_0_elementDescription': None, 'measurements_0_elementMeasurements_Depth': 13.0175, 'measurements_0_elementMeasurements_Height': 61.9, 'measurements_0_elementMeasurements_Width': 37.1, 'creditLine': 'Gift of Mrs. Paul Moore, 1970', 'geographyType': 'Made in', 'city': 'Bristol', 'state': 'Connecticut', 'county': '', 'country': 'United States', 'region': 'New England', 'subregion': '', 'locale': '', 'locus': '', 'excavation': '', 'river': '', 'classification': '', 'rightsAndReproduction': '', 'linkResource': '', 'metadataDate': '2021-06-30T04:39:57.037Z', 'repository': 'Metropolitan Museum of Art, New York, NY', 'objectURL': 'https://www.metmuseum.org/art/collection/search/34', 'tags_0_term': 'Boats', 'tags_0_AAT_URL': 'http://vocab.getty.edu/page/aat/300178749', 'tags_0_Wikidata_URL': 'https://www.wikidata.org/wiki/Q35872', 'tags_1_term': 'Landscapes', 'tags_1_AAT_URL': 'http://vocab.getty.edu/page/aat/300132294', 'tags_1_Wikidata_URL': 'https://www.wikidata.org/wiki/Q191163', 'objectWikidata_URL': '', 'isTimelineWork': False, 'GalleryNumber': '774'}, {'objectID': 35, 'isHighlight': True, 'accessionNumber': '04.1a–c', 'accessionYear': '1904', 'isPublicDomain': False, 'primaryImage': '', 'primaryImageSmall': '', 'additionalImages': [], 'constituents_0_constituentID': 1083, 'constituents_0_role': 'Designer', 'constituents_0_name': 'Designed by Paulding Farnham', 'constituents_0_constituentULAN_URL': 'http://vocab.getty.edu/page/ulan/500336597', 'constituents_0_constituentWikidata_URL': 'https://www.wikidata.org/wiki/Q13476260', 'constituents_0_gender': '', 'constituents_1_constituentID': 162539, 'constituents_1_role': 'Manufacturer', 'constituents_1_name': 'Manufactured by Tiffany &amp; Co.', 'constituents_1_constituentULAN_URL': 'http://vocab.getty.edu/page/ulan/500330306', 'constituents_1_constituentWikidata_URL': 'https://www.wikidata.org/wiki/Q1066858', 'constituents_1_gender': '', 'department': 'The American Wing', 'objectName': 'Vase', 'title': 'The Adams Vase', 'culture': 'American', 'period': '', 'dynasty': '', 'reign': '', 'portfolio': '', 'artistRole': 'Designer', 'artistPrefix': 'Designed by', 'artistDisplayName': 'Paulding Farnham', 'artistDisplayBio': '1859–1927', 'artistSuffix': '', 'artistAlphaSort': 'Farnham, Paulding', 'artistNationality': '', 'artistBeginDate': '1859', 'artistEndDate': '1927', 'artistGender': '', 'artistWikidata_URL': 'https://www.wikidata.org/wiki/Q13476260', 'artistULAN_URL': 'http://vocab.getty.edu/page/ulan/500336597', 'objectDate': '1893–95', 'objectBeginDate': 1893, 'objectEndDate': 1895, 'medium': 'Gold, amethysts, spessartites, tourmalines, fresh water pearls, quartzes, rock crystal, and enamel', 'dimensions': 'Overall: 19 7/16 x 13 x 9 1/4 in. (49.4 x 33 x 23.5 cm); 352 oz. 18 dwt. (10977 g)\r\nBody: H. 18 7/8 in. (47.9 cm)\r\nCover: 4 1/4 x 4 13/16 in. (10.8 x 12.2 cm); 19 oz. 6 dwt. (600.1 g)', 'measurements_0_elementName': 'Other', 'measurements_0_elementDescription': 'Body', 'measurements_0_elementMeasurements_Height': 47.9426, 'measurements_1_elementName': 'Overall', 'measurements_1_elementDescription': None, 'measurements_1_elementMeasurements_Depth': 23.495, 'measurements_1_elementMeasurements_Height': 49.3713, 'measurements_1_elementMeasurements_Weight': 10.977, 'measurements_1_elementMeasurements_Width': 33, 'measurements_2_elementName': 'Other', 'measurements_2_elementDescription': 'Cover', 'measurements_2_elementMeasurements_Diameter': 12.2238, 'measurements_2_elementMeasurements_Height': 10.795, 'measurements_2_elementMeasurements_Weight': 0.6001, 'creditLine': 'Gift of Edward D. Adams, 1904', 'geographyType': 'Made in', 'city': 'New York', 'state': 'New York', 'county': '', 'country': 'United States', 'region': 'Mid-Atlantic', 'subregion': '', 'locale': '', 'locus': '', 'excavation': '', 'river': '', 'classification': '', 'rightsAndReproduction': '', 'linkResource': '', 'metadataDate': '2021-04-06T04:41:04.967Z', 'repository': 'Metropolitan Museum of Art, New York, NY', 'objectURL': 'https://www.metmuseum.org/art/collection/search/35', 'tags_0_term': 'Birds', 'tags_0_AAT_URL': 'http://vocab.getty.edu/page/aat/300266506', 'tags_0_Wikidata_URL': 'https://www.wikidata.org/wiki/Q5113', 'tags_1_term': 'Men', 'tags_1_AAT_URL': 'http://vocab.getty.edu/page/aat/300025928', 'tags_1_Wikidata_URL': 'https://www.wikidata.org/wiki/Q8441', 'tags_2_term': 'Animals', 'tags_2_AAT_URL': 'http://vocab.getty.edu/page/aat/300249525', 'tags_2_Wikidata_URL': 'https://www.wikidata.org/wiki/Q729', 'tags_3_term': 'Garlands', 'tags_3_AAT_URL': 'http://vocab.getty.edu/page/aat/300167386', 'tags_3_Wikidata_URL': 'https://www.wikidata.org/wiki/Q756600', 'objectWikidata_URL': 'https://www.wikidata.org/wiki/Q83545838', 'isTimelineWork': True, 'GalleryNumber': '706'}, {'objectID': 36, 'isHighlight': False, 'accessionNumber': '1976.319', 'accessionYear': '1976', 'isPublicDomain': False, 'primaryImage': '', 'primaryImageSmall': '', 'additionalImages': [], 'constituents_0_constituentID': 1085, 'constituents_0_role': 'Maker', 'constituents_0_name': 'Conrad Henninger', 'constituents_0_constituentULAN_URL': '', 'constituents_0_constituentWikidata_URL': '', 'constituents_0_gender': '', 'department': 'The American Wing', 'objectName': 'Side Chair', 'title': 'Side Chair', 'culture': 'American', 'period': '', 'dynasty': '', 'reign': '', 'portfolio': '', 'artistRole': 'Maker', 'artistPrefix': '', 'artistDisplayName': 'Conrad Henninger', 'artistDisplayBio': 'active ca. 1888–1932', 'artistSuffix': '', 'artistAlphaSort': 'Henninger, Conrad', 'artistNationality': '', 'artistBeginDate': '1885', 'artistEndDate': '1932', 'artistGender': '', 'artistWikidata_URL': '', 'artistULAN_URL': '', 'objectDate': 'ca. 1887', 'objectBeginDate': 1884, 'objectEndDate': 1887, 'medium': 'Oak, tulip poplar', 'dimensions': '40 x 25 1/2 x 34 1/2 in. (101.6 x 64.8 x 87.6 cm)', 'measurements_0_elementName': 'Overall', 'measurements_0_elementDescription': None, 'measurements_0_elementMeasurements_Depth': 87.6302, 'measurements_0_elementMeasurements_Height': 101.6, 'measurements_0_elementMeasurements_Width': 64.8, 'creditLine': 'Gift of Charlotte Pickman-Gertz, 1976', 'geographyType': 'Made in', 'city': 'Lebanon', 'state': 'Pennsylvania', 'county': '', 'country': 'United States', 'region': 'Mid-Atlantic', 'subregion': '', 'locale': '', 'locus': '', 'excavation': '', 'river': '', 'classification': '', 'rightsAndReproduction': '', 'linkResource': '', 'metadataDate': '2021-04-06T04:41:04.967Z', 'repository': 'Metropolitan Museum of Art, New York, NY', 'objectURL': 'https://www.metmuseum.org/art/collection/search/36', 'tags': None, 'objectWikidata_URL': '', 'isTimelineWork': False, 'GalleryNumber': '774'}, {'objectID': 37, 'isHighlight': False, 'accessionNumber': '38.165.51', 'accessionYear': '1938', 'isPublicDomain': True, 'primaryImage': 'https://images.metmuseum.org/CRDImages/ad/original/DP247752.jpg', 'primaryImageSmall': 'https://images.metmuseum.org/CRDImages/ad/web-large/DP247752.jpg', 'additionalImages_0': 'https://images.metmuseum.org/CRDImages/ad/original/DP247756.jpg', 'additionalImages_1': 'https://images.metmuseum.org/CRDImages/ad/original/117430.jpg', 'constituents_0_constituentID': 164285, 'constituents_0_role': 'Maker', 'constituents_0_name': 'Pierre Stephan', 'constituents_0_constituentULAN_URL': 'http://vocab.getty.edu/page/ulan/500100483', 'constituents_0_constituentWikidata_URL': '', 'constituents_0_gender': '', 'department': 'The American Wing', 'objectName': 'Figure', 'title': 'Figure of Admiral George Rodney', 'culture': 'British (American market)', 'period': '', 'dynasty': '', 'reign': '', 'portfolio': '', 'artistRole': 'Maker', 'artistPrefix': '', 'artistDisplayName': 'Pierre Stephan', 'artistDisplayBio': 'French, active ca. 1770–95', 'artistSuffix': '', 'artistAlphaSort': 'Stephan, Pierre', 'artistNationality': 'French', 'artistBeginDate': '1765', 'artistEndDate': '1795', 'artistGender': '', 'artistWikidata_URL': '', 'artistULAN_URL': 'http://vocab.getty.edu/page/ulan/500100483', 'objectDate': 'ca. 1785', 'objectBeginDate': 1782, 'objectEndDate': 1785, 'medium': 'Earthenware, basalt', 'dimensions': 'H. 12 in. (30.5 cm)', 'measurements_0_elementName': 'Overall', 'measurements_0_elementDescription': None, 'measurements_0_elementMeasurements_Height': 30.5, 'creditLine': 'Harris Brisbane Dick Fund, 1938', 'geographyType': 'Made in', 'city': '', 'state': '', 'county': 'Staffordshire', 'country': 'England', 'region': 'West Midlands', 'subregion': '', 'locale': '', 'locus': '', 'excavation': '', 'river': '', 'classification': '', 'rightsAndReproduction': '', 'linkResource': '', 'metadataDate': '2021-04-06T04:41:04.967Z', 'repository': 'Metropolitan Museum of Art, New York, NY', 'objectURL': 'https://www.metmuseum.org/art/collection/search/37', 'tags_0_term': 'Cannons', 'tags_0_AAT_URL': 'http://vocab.getty.edu/page/aat/300036936', 'tags_0_Wikidata_URL': 'https://www.wikidata.org/wiki/Q81103', 'tags_1_term': 'Swords', 'tags_1_AAT_URL': 'http://vocab.getty.edu/page/aat/300037048', 'tags_1_Wikidata_URL': 'https://www.wikidata.org/wiki/Q12791', 'tags_2_term': 'Men', 'tags_2_AAT_URL': 'http://vocab.getty.edu/page/aat/300025928', 'tags_2_Wikidata_URL': 'https://www.wikidata.org/wiki/Q8441', 'objectWikidata_URL': '', 'isTimelineWork': False, 'GalleryNumber': '774'}, {'objectID': 38, 'isHighlight': False, 'accessionNumber': '38.165.50', 'accessionYear': '1938', 'isPublicDomain': True, 'primaryImage': 'https://images.metmuseum.org/CRDImages/ad/original/DP247753.jpg', 'primaryImageSmall': 'https://images.metmuseum.org/CRDImages/ad/web-large/DP247753.jpg', 'additionalImages_0': 'https://images.metmuseum.org/CRDImages/ad/original/DP247755.jpg', 'constituents_0_constituentID': 164285, 'constituents_0_role': 'Maker', 'constituents_0_name': 'Pierre Stephan', 'constituents_0_constituentULAN_URL': 'http://vocab.getty.edu/page/ulan/500100483', 'constituents_0_constituentWikidata_URL': '', 'constituents_0_gender': '', 'department': 'The American Wing', 'objectName': 'Figure', 'title': 'Figure of Admiral Samuel Hood', 'culture': 'British (American market)', 'period': '', 'dynasty': '', 'reign': '', 'portfolio': '', 'artistRole': 'Maker', 'artistPrefix': '', 'artistDisplayName': 'Pierre Stephan', 'artistDisplayBio': 'French, active ca. 1770–95', 'artistSuffix': '', 'artistAlphaSort': 'Stephan, Pierre', 'artistNationality': 'French', 'artistBeginDate': '1765', 'artistEndDate': '1795', 'artistGender': '', 'artistWikidata_URL': '', 'artistULAN_URL': 'http://vocab.getty.edu/page/ulan/500100483', 'objectDate': 'ca. 1785', 'objectBeginDate': 1782, 'objectEndDate': 1785, 'medium': 'Earthenware, basalt', 'dimensions': 'H. 12 3/8 in. (31.4 cm)', 'measurements_0_elementName': 'Overall', 'measurements_0_elementDescription': None, 'measurements_0_elementMeasurements_Height': 31.4, 'creditLine': 'Harris Brisbane Dick Fund, 1938', 'geographyType': 'Made in', 'city': '', 'state': '', 'county': 'Staffordshire', 'country': 'England', 'region': 'West Midlands', 'subregion': '', 'locale': '', 'locus': '', 'excavation': '', 'river': '', 'classification': '', 'rightsAndReproduction': '', 'linkResource': '', 'metadataDate': '2021-04-06T04:41:04.967Z', 'repository': 'Metropolitan Museum of Art, New York, NY', 'objectURL': 'https://www.metmuseum.org/art/collection/search/38', 'tags_0_term': 'Cannons', 'tags_0_AAT_URL': 'http://vocab.getty.edu/page/aat/300036936', 'tags_0_Wikidata_URL': 'https://www.wikidata.org/wiki/Q81103', 'tags_1_term': 'Swords', 'tags_1_AAT_URL': 'http://vocab.getty.edu/page/aat/300037048', 'tags_1_Wikidata_URL': 'https://www.wikidata.org/wiki/Q12791', 'tags_2_term': 'Men', 'tags_2_AAT_URL': 'http://vocab.getty.edu/page/aat/300025928', 'tags_2_Wikidata_URL': 'https://www.wikidata.org/wiki/Q8441', 'tags_3_term': 'Admirals', 'tags_3_AAT_URL': 'http://vocab.getty.edu/page/aat/300236014', 'tags_3_Wikidata_URL': 'https://www.wikidata.org/wiki/Q132851', 'objectWikidata_URL': '', 'isTimelineWork': False, 'GalleryNumber': '774'}, {'objectID': 39, 'isHighlight': False, 'accessionNumber': '18.11.10', 'accessionYear': '1918', 'isPublicDomain': True, 'primaryImage': 'https://images.metmuseum.org/CRDImages/ad/original/37808.jpg', 'primaryImageSmall': 'https://images.metmuseum.org/CRDImages/ad/web-large/37808.jpg', 'additionalImages': [], 'constituents': None, 'department': 'The American Wing', 'objectName': 'Advertisement', 'title': 'Advertisement for Norwich Stone Ware Factory', 'culture': 'American', 'period': '', 'dynasty': '', 'reign': '', 'portfolio': '', 'artistRole': '', 'artistPrefix': '', 'artistDisplayName': '', 'artistDisplayBio': '', 'artistSuffix': '', 'artistAlphaSort': '', 'artistNationality': '', 'artistBeginDate': '', 'artistEndDate': '', 'artistGender': '', 'artistWikidata_URL': '', 'artistULAN_URL': '', 'objectDate': '1770–1800', 'objectBeginDate': 1770, 'objectEndDate': 1800, 'medium': 'Paper', 'dimensions': '11 x 9 in. (27.9 x 22.9 cm)', 'measurements_0_elementName': 'Overall', 'measurements_0_elementDescription': None, 'measurements_0_elementMeasurements_Height': 27.9, 'measurements_0_elementMeasurements_Width': 22.86, 'creditLine': 'Rogers Fund, 1918', 'geographyType': 'Made in', 'city': 'Norwich', 'state': 'Connecticut', 'county': '', 'country': 'United States', 'region': 'New England', 'subregion': '', 'locale': '', 'locus': '', 'excavation': '', 'river': '', 'classification': '', 'rightsAndReproduction': '', 'linkResource': '', 'metadataDate': '2021-04-06T04:41:04.967Z', 'repository': 'Metropolitan Museum of Art, New York, NY', 'objectURL': 'https://www.metmuseum.org/art/collection/search/39', 'tags_0_term': 'Advertisements', 'tags_0_AAT_URL': 'http://vocab.getty.edu/page/aat/300193993', 'tags_0_Wikidata_URL': 'https://www.wikidata.org/wiki/Q39911916', 'objectWikidata_URL': '', 'isTimelineWork': False, 'GalleryNumber': ''}, {'objectID': 40, 'isHighlight': False, 'accessionNumber': '46.140.143', 'accessionYear': '1946', 'isPublicDomain': True, 'primaryImage': 'https://images.metmuseum.org/CRDImages/ad/original/174118.jpg', 'primaryImageSmall': 'https://images.metmuseum.org/CRDImages/ad/web-large/174118.jpg', 'additionalImages': [], 'constituents_0_constituentID': 1087, 'constituents_0_role': 'Maker', 'constituents_0_name': 'New England Glass Company', 'constituents_0_constituentULAN_URL': 'http://vocab.getty.edu/page/ulan/500356007', 'constituents_0_constituentWikidata_URL': 'https://www.wikidata.org/wiki/Q17083157', 'constituents_0_gender': '', 'department': 'The American Wing', 'objectName': 'Ale glass', 'title': 'Ale Glass', 'culture': 'American', 'period': '', 'dynasty': '', 'reign': '', 'portfolio': '', 'artistRole': 'Maker', 'artistPrefix': '', 'artistDisplayName': 'New England Glass Company', 'artistDisplayBio': 'American, East Cambridge, Massachusetts, 1818–1888', 'artistSuffix': '', 'artistAlphaSort': 'New England Glass Company', 'artistNationality': '', 'artistBeginDate': '1818', 'artistEndDate': '1888', 'artistGender': '', 'artistWikidata_URL': 'https://www.wikidata.org/wiki/Q17083157', 'artistULAN_URL': 'http://vocab.getty.edu/page/ulan/500356007', 'objectDate': '1830–70', 'objectBeginDate': 1830, 'objectEndDate': 1870, 'medium': 'Pressed glass', 'dimensions': 'H. 6 9/16 in. (16.7 cm); Diam. 3 in. (7.6 cm)', 'measurements_0_elementName': 'Other', 'measurements_0_elementDescription': None, 'measurements_0_elementMeasurements_Diameter': 7.62, 'measurements_0_elementMeasurements_Height': 16.6688, 'creditLine': 'Gift of Mrs. Emily Winthrop Miles, 1946', 'geographyType': 'Made in', 'city': 'East Cambridge', 'state': 'Massachusetts', 'county': '', 'country': 'United States', 'region': 'New England', 'subregion': '', 'locale': '', 'locus': '', 'excavation': '', 'river': '', 'classification': '', 'rightsAndReproduction': '', 'linkResource': '', 'metadataDate': '2022-02-09T04:42:08.947Z', 'repository': 'Metropolitan Museum of Art, New York, NY', 'objectURL': 'https://www.metmuseum.org/art/collection/search/40', 'tags': None, 'objectWikidata_URL': '', 'isTimelineWork': False, 'GalleryNumber': '774'}]
2022-04-08 21:42:13,792 : INFO -> generated Html file to /home/sachin/Desktop/Month-1-Python/Week_1/generate_html_from_api/generated_metmuseum_objects_table.html
2022-04-08 21:42:13,792 : INFO -> end generate_html() func
