2022-04-11 23:45:23,224 : INFO -> start generate_csv() func
2022-04-11 23:45:23,224 : DEBUG -> get_object_list() func get called with entry_size=40 & is_flatten=True
2022-04-11 23:45:23,224 : DEBUG -> get_object_ids() func get called with API endpoint: https://collectionapi.metmuseum.org/public/collection/v1/objects
2022-04-11 23:45:23,229 : DEBUG -> Starting new HTTPS connection (1): collectionapi.metmuseum.org:443
2022-04-11 23:45:26,605 : DEBUG -> https://collectionapi.metmuseum.org:443 "GET /public/collection/v1/objects HTTP/1.1" 200 None
2022-04-11 23:45:42,966 : DEBUG -> api response status code : 200
2022-04-11 23:45:43,021 : DEBUG -> get_object_ids() func get called with api Endpoint : https://collectionapi.metmuseum.org/public/collection/v1/objects 
2022-04-11 23:45:43,021 : DEBUG -> get_object_by_id() func get called with api endpoint : https://collectionapi.metmuseum.org/public/collection/v1/objects/ with Id : 1
2022-04-11 23:45:43,023 : DEBUG -> Starting new HTTPS connection (1): collectionapi.metmuseum.org:443
2022-04-11 23:45:43,679 : DEBUG -> https://collectionapi.metmuseum.org:443 "GET /public/collection/v1/objects/1 HTTP/1.1" 200 None
2022-04-11 23:45:43,684 : DEBUG -> api response status code : 200
2022-04-11 23:45:43,685 : DEBUG -> get called get_object_by_id() func with api Endpoint : https://collectionapi.metmuseum.org/public/collection/v1/objects/ & Id : 1
2022-04-11 23:45:43,685 : DEBUG -> get_object_by_id() func get called with api endpoint : https://collectionapi.metmuseum.org/public/collection/v1/objects/ with Id : 2
2022-04-11 23:45:43,686 : DEBUG -> Starting new HTTPS connection (1): collectionapi.metmuseum.org:443
2022-04-11 23:45:44,385 : DEBUG -> https://collectionapi.metmuseum.org:443 "GET /public/collection/v1/objects/2 HTTP/1.1" 200 None
2022-04-11 23:45:44,390 : DEBUG -> api response status code : 200
2022-04-11 23:45:44,391 : DEBUG -> get called get_object_by_id() func with api Endpoint : https://collectionapi.metmuseum.org/public/collection/v1/objects/ & Id : 2
2022-04-11 23:45:44,391 : DEBUG -> get_object_by_id() func get called with api endpoint : https://collectionapi.metmuseum.org/public/collection/v1/objects/ with Id : 3
2022-04-11 23:45:44,392 : DEBUG -> Starting new HTTPS connection (1): collectionapi.metmuseum.org:443
2022-04-11 23:45:45,076 : DEBUG -> https://collectionapi.metmuseum.org:443 "GET /public/collection/v1/objects/3 HTTP/1.1" 200 None
2022-04-11 23:45:45,083 : DEBUG -> api response status code : 200
2022-04-11 23:45:45,085 : DEBUG -> get called get_object_by_id() func with api Endpoint : https://collectionapi.metmuseum.org/public/collection/v1/objects/ & Id : 3
2022-04-11 23:45:45,085 : DEBUG -> get_object_by_id() func get called with api endpoint : https://collectionapi.metmuseum.org/public/collection/v1/objects/ with Id : 4
2022-04-11 23:45:45,091 : DEBUG -> Starting new HTTPS connection (1): collectionapi.metmuseum.org:443
2022-04-11 23:45:45,985 : DEBUG -> https://collectionapi.metmuseum.org:443 "GET /public/collection/v1/objects/4 HTTP/1.1" 200 None
2022-04-11 23:45:45,990 : DEBUG -> api response status code : 200
2022-04-11 23:45:45,991 : DEBUG -> get called get_object_by_id() func with api Endpoint : https://collectionapi.metmuseum.org/public/collection/v1/objects/ & Id : 4
2022-04-11 23:45:45,991 : DEBUG -> get_object_by_id() func get called with api endpoint : https://collectionapi.metmuseum.org/public/collection/v1/objects/ with Id : 5
2022-04-11 23:45:45,992 : DEBUG -> Starting new HTTPS connection (1): collectionapi.metmuseum.org:443
2022-04-11 23:45:46,944 : DEBUG -> https://collectionapi.metmuseum.org:443 "GET /public/collection/v1/objects/5 HTTP/1.1" 200 None
2022-04-11 23:45:46,950 : DEBUG -> api response status code : 200
2022-04-11 23:45:46,950 : DEBUG -> get called get_object_by_id() func with api Endpoint : https://collectionapi.metmuseum.org/public/collection/v1/objects/ & Id : 5
2022-04-11 23:45:46,950 : DEBUG -> get_object_by_id() func get called with api endpoint : https://collectionapi.metmuseum.org/public/collection/v1/objects/ with Id : 6
2022-04-11 23:45:46,952 : DEBUG -> Starting new HTTPS connection (1): collectionapi.metmuseum.org:443
2022-04-11 23:45:47,903 : DEBUG -> https://collectionapi.metmuseum.org:443 "GET /public/collection/v1/objects/6 HTTP/1.1" 200 None
2022-04-11 23:45:47,907 : DEBUG -> api response status code : 200
2022-04-11 23:45:47,908 : DEBUG -> get called get_object_by_id() func with api Endpoint : https://collectionapi.metmuseum.org/public/collection/v1/objects/ & Id : 6
2022-04-11 23:45:47,908 : DEBUG -> get_object_by_id() func get called with api endpoint : https://collectionapi.metmuseum.org/public/collection/v1/objects/ with Id : 7
2022-04-11 23:45:47,909 : DEBUG -> Starting new HTTPS connection (1): collectionapi.metmuseum.org:443
2022-04-11 23:45:48,928 : DEBUG -> https://collectionapi.metmuseum.org:443 "GET /public/collection/v1/objects/7 HTTP/1.1" 200 None
2022-04-11 23:45:48,933 : DEBUG -> api response status code : 200
2022-04-11 23:45:48,934 : DEBUG -> get called get_object_by_id() func with api Endpoint : https://collectionapi.metmuseum.org/public/collection/v1/objects/ & Id : 7
2022-04-11 23:45:48,934 : DEBUG -> get_object_by_id() func get called with api endpoint : https://collectionapi.metmuseum.org/public/collection/v1/objects/ with Id : 8
2022-04-11 23:45:48,935 : DEBUG -> Starting new HTTPS connection (1): collectionapi.metmuseum.org:443
2022-04-11 23:45:51,181 : DEBUG -> https://collectionapi.metmuseum.org:443 "GET /public/collection/v1/objects/8 HTTP/1.1" 200 None
2022-04-11 23:45:51,189 : DEBUG -> api response status code : 200
2022-04-11 23:45:51,191 : DEBUG -> get called get_object_by_id() func with api Endpoint : https://collectionapi.metmuseum.org/public/collection/v1/objects/ & Id : 8
2022-04-11 23:45:51,191 : DEBUG -> get_object_by_id() func get called with api endpoint : https://collectionapi.metmuseum.org/public/collection/v1/objects/ with Id : 9
2022-04-11 23:45:51,196 : DEBUG -> Starting new HTTPS connection (1): collectionapi.metmuseum.org:443
2022-04-11 23:45:52,205 : DEBUG -> https://collectionapi.metmuseum.org:443 "GET /public/collection/v1/objects/9 HTTP/1.1" 200 None
2022-04-11 23:45:52,212 : DEBUG -> api response status code : 200
2022-04-11 23:45:52,213 : DEBUG -> get called get_object_by_id() func with api Endpoint : https://collectionapi.metmuseum.org/public/collection/v1/objects/ & Id : 9
2022-04-11 23:45:52,214 : DEBUG -> get_object_by_id() func get called with api endpoint : https://collectionapi.metmuseum.org/public/collection/v1/objects/ with Id : 10
2022-04-11 23:45:52,219 : DEBUG -> Starting new HTTPS connection (1): collectionapi.metmuseum.org:443
2022-04-11 23:45:54,663 : DEBUG -> https://collectionapi.metmuseum.org:443 "GET /public/collection/v1/objects/10 HTTP/1.1" 200 None
2022-04-11 23:45:54,870 : DEBUG -> api response status code : 200
2022-04-11 23:45:54,871 : DEBUG -> get called get_object_by_id() func with api Endpoint : https://collectionapi.metmuseum.org/public/collection/v1/objects/ & Id : 10
2022-04-11 23:45:54,872 : DEBUG -> get_object_by_id() func get called with api endpoint : https://collectionapi.metmuseum.org/public/collection/v1/objects/ with Id : 11
2022-04-11 23:45:54,877 : DEBUG -> Starting new HTTPS connection (1): collectionapi.metmuseum.org:443
2022-04-11 23:45:56,096 : DEBUG -> https://collectionapi.metmuseum.org:443 "GET /public/collection/v1/objects/11 HTTP/1.1" 200 None
2022-04-11 23:45:56,102 : DEBUG -> api response status code : 200
2022-04-11 23:45:56,104 : DEBUG -> get called get_object_by_id() func with api Endpoint : https://collectionapi.metmuseum.org/public/collection/v1/objects/ & Id : 11
2022-04-11 23:45:56,105 : DEBUG -> get_object_by_id() func get called with api endpoint : https://collectionapi.metmuseum.org/public/collection/v1/objects/ with Id : 12
2022-04-11 23:45:56,109 : DEBUG -> Starting new HTTPS connection (1): collectionapi.metmuseum.org:443
2022-04-11 23:45:57,120 : DEBUG -> https://collectionapi.metmuseum.org:443 "GET /public/collection/v1/objects/12 HTTP/1.1" 200 None
2022-04-11 23:45:57,127 : DEBUG -> api response status code : 200
2022-04-11 23:45:57,129 : DEBUG -> get called get_object_by_id() func with api Endpoint : https://collectionapi.metmuseum.org/public/collection/v1/objects/ & Id : 12
2022-04-11 23:45:57,129 : DEBUG -> get_object_by_id() func get called with api endpoint : https://collectionapi.metmuseum.org/public/collection/v1/objects/ with Id : 13
2022-04-11 23:45:57,134 : DEBUG -> Starting new HTTPS connection (1): collectionapi.metmuseum.org:443
2022-04-11 23:45:58,144 : DEBUG -> https://collectionapi.metmuseum.org:443 "GET /public/collection/v1/objects/13 HTTP/1.1" 200 None
2022-04-11 23:45:58,150 : DEBUG -> api response status code : 200
2022-04-11 23:45:58,150 : DEBUG -> get called get_object_by_id() func with api Endpoint : https://collectionapi.metmuseum.org/public/collection/v1/objects/ & Id : 13
2022-04-11 23:45:58,150 : DEBUG -> get_object_by_id() func get called with api endpoint : https://collectionapi.metmuseum.org/public/collection/v1/objects/ with Id : 14
2022-04-11 23:45:58,152 : DEBUG -> Starting new HTTPS connection (1): collectionapi.metmuseum.org:443
2022-04-11 23:45:59,168 : DEBUG -> https://collectionapi.metmuseum.org:443 "GET /public/collection/v1/objects/14 HTTP/1.1" 200 None
2022-04-11 23:45:59,175 : DEBUG -> api response status code : 200
2022-04-11 23:45:59,177 : DEBUG -> get called get_object_by_id() func with api Endpoint : https://collectionapi.metmuseum.org/public/collection/v1/objects/ & Id : 14
2022-04-11 23:45:59,177 : DEBUG -> get_object_by_id() func get called with api endpoint : https://collectionapi.metmuseum.org/public/collection/v1/objects/ with Id : 15
2022-04-11 23:45:59,182 : DEBUG -> Starting new HTTPS connection (1): collectionapi.metmuseum.org:443
2022-04-11 23:46:00,192 : DEBUG -> https://collectionapi.metmuseum.org:443 "GET /public/collection/v1/objects/15 HTTP/1.1" 200 None
2022-04-11 23:46:00,197 : DEBUG -> api response status code : 200
2022-04-11 23:46:00,198 : DEBUG -> get called get_object_by_id() func with api Endpoint : https://collectionapi.metmuseum.org/public/collection/v1/objects/ & Id : 15
2022-04-11 23:46:00,198 : DEBUG -> get_object_by_id() func get called with api endpoint : https://collectionapi.metmuseum.org/public/collection/v1/objects/ with Id : 16
2022-04-11 23:46:00,200 : DEBUG -> Starting new HTTPS connection (1): collectionapi.metmuseum.org:443
2022-04-11 23:46:01,216 : DEBUG -> https://collectionapi.metmuseum.org:443 "GET /public/collection/v1/objects/16 HTTP/1.1" 200 None
2022-04-11 23:46:01,223 : DEBUG -> api response status code : 200
2022-04-11 23:46:01,224 : DEBUG -> get called get_object_by_id() func with api Endpoint : https://collectionapi.metmuseum.org/public/collection/v1/objects/ & Id : 16
2022-04-11 23:46:01,225 : DEBUG -> get_object_by_id() func get called with api endpoint : https://collectionapi.metmuseum.org/public/collection/v1/objects/ with Id : 17
2022-04-11 23:46:01,230 : DEBUG -> Starting new HTTPS connection (1): collectionapi.metmuseum.org:443
2022-04-11 23:46:02,445 : DEBUG -> https://collectionapi.metmuseum.org:443 "GET /public/collection/v1/objects/17 HTTP/1.1" 200 None
2022-04-11 23:46:02,452 : DEBUG -> api response status code : 200
2022-04-11 23:46:02,453 : DEBUG -> get called get_object_by_id() func with api Endpoint : https://collectionapi.metmuseum.org/public/collection/v1/objects/ & Id : 17
2022-04-11 23:46:02,454 : DEBUG -> get_object_by_id() func get called with api endpoint : https://collectionapi.metmuseum.org/public/collection/v1/objects/ with Id : 18
2022-04-11 23:46:02,458 : DEBUG -> Starting new HTTPS connection (1): collectionapi.metmuseum.org:443
2022-04-11 23:46:03,469 : DEBUG -> https://collectionapi.metmuseum.org:443 "GET /public/collection/v1/objects/18 HTTP/1.1" 200 None
2022-04-11 23:46:03,476 : DEBUG -> api response status code : 200
2022-04-11 23:46:03,477 : DEBUG -> get called get_object_by_id() func with api Endpoint : https://collectionapi.metmuseum.org/public/collection/v1/objects/ & Id : 18
2022-04-11 23:46:03,478 : DEBUG -> get_object_by_id() func get called with api endpoint : https://collectionapi.metmuseum.org/public/collection/v1/objects/ with Id : 19
2022-04-11 23:46:03,483 : DEBUG -> Starting new HTTPS connection (1): collectionapi.metmuseum.org:443
2022-04-11 23:46:04,493 : DEBUG -> https://collectionapi.metmuseum.org:443 "GET /public/collection/v1/objects/19 HTTP/1.1" 200 None
2022-04-11 23:46:04,512 : DEBUG -> api response status code : 200
2022-04-11 23:46:04,513 : DEBUG -> get called get_object_by_id() func with api Endpoint : https://collectionapi.metmuseum.org/public/collection/v1/objects/ & Id : 19
2022-04-11 23:46:04,514 : DEBUG -> get_object_by_id() func get called with api endpoint : https://collectionapi.metmuseum.org/public/collection/v1/objects/ with Id : 20
2022-04-11 23:46:04,518 : DEBUG -> Starting new HTTPS connection (1): collectionapi.metmuseum.org:443
2022-04-11 23:46:06,132 : DEBUG -> https://collectionapi.metmuseum.org:443 "GET /public/collection/v1/objects/20 HTTP/1.1" 200 None
2022-04-11 23:46:06,137 : DEBUG -> api response status code : 200
2022-04-11 23:46:06,137 : DEBUG -> get called get_object_by_id() func with api Endpoint : https://collectionapi.metmuseum.org/public/collection/v1/objects/ & Id : 20
2022-04-11 23:46:06,137 : DEBUG -> get_object_by_id() func get called with api endpoint : https://collectionapi.metmuseum.org/public/collection/v1/objects/ with Id : 21
2022-04-11 23:46:06,139 : DEBUG -> Starting new HTTPS connection (1): collectionapi.metmuseum.org:443
2022-04-11 23:46:07,155 : DEBUG -> https://collectionapi.metmuseum.org:443 "GET /public/collection/v1/objects/21 HTTP/1.1" 200 None
2022-04-11 23:46:07,162 : DEBUG -> api response status code : 200
2022-04-11 23:46:07,164 : DEBUG -> get called get_object_by_id() func with api Endpoint : https://collectionapi.metmuseum.org/public/collection/v1/objects/ & Id : 21
2022-04-11 23:46:07,164 : DEBUG -> get_object_by_id() func get called with api endpoint : https://collectionapi.metmuseum.org/public/collection/v1/objects/ with Id : 22
2022-04-11 23:46:07,169 : DEBUG -> Starting new HTTPS connection (1): collectionapi.metmuseum.org:443
2022-04-11 23:46:08,179 : DEBUG -> https://collectionapi.metmuseum.org:443 "GET /public/collection/v1/objects/22 HTTP/1.1" 200 None
2022-04-11 23:46:08,186 : DEBUG -> api response status code : 200
2022-04-11 23:46:08,188 : DEBUG -> get called get_object_by_id() func with api Endpoint : https://collectionapi.metmuseum.org/public/collection/v1/objects/ & Id : 22
2022-04-11 23:46:08,188 : DEBUG -> get_object_by_id() func get called with api endpoint : https://collectionapi.metmuseum.org/public/collection/v1/objects/ with Id : 23
2022-04-11 23:46:08,193 : DEBUG -> Starting new HTTPS connection (1): collectionapi.metmuseum.org:443
2022-04-11 23:46:09,204 : DEBUG -> https://collectionapi.metmuseum.org:443 "GET /public/collection/v1/objects/23 HTTP/1.1" 200 None
2022-04-11 23:46:09,209 : DEBUG -> api response status code : 200
2022-04-11 23:46:09,209 : DEBUG -> get called get_object_by_id() func with api Endpoint : https://collectionapi.metmuseum.org/public/collection/v1/objects/ & Id : 23
2022-04-11 23:46:09,209 : DEBUG -> get_object_by_id() func get called with api endpoint : https://collectionapi.metmuseum.org/public/collection/v1/objects/ with Id : 24
2022-04-11 23:46:09,211 : DEBUG -> Starting new HTTPS connection (1): collectionapi.metmuseum.org:443
2022-04-11 23:46:10,228 : DEBUG -> https://collectionapi.metmuseum.org:443 "GET /public/collection/v1/objects/24 HTTP/1.1" 200 None
2022-04-11 23:46:10,233 : DEBUG -> api response status code : 200
2022-04-11 23:46:10,233 : DEBUG -> get called get_object_by_id() func with api Endpoint : https://collectionapi.metmuseum.org/public/collection/v1/objects/ & Id : 24
2022-04-11 23:46:10,233 : DEBUG -> get_object_by_id() func get called with api endpoint : https://collectionapi.metmuseum.org/public/collection/v1/objects/ with Id : 25
2022-04-11 23:46:10,235 : DEBUG -> Starting new HTTPS connection (1): collectionapi.metmuseum.org:443
2022-04-11 23:46:11,456 : DEBUG -> https://collectionapi.metmuseum.org:443 "GET /public/collection/v1/objects/25 HTTP/1.1" 200 None
2022-04-11 23:46:11,463 : DEBUG -> api response status code : 200
2022-04-11 23:46:11,465 : DEBUG -> get called get_object_by_id() func with api Endpoint : https://collectionapi.metmuseum.org/public/collection/v1/objects/ & Id : 25
2022-04-11 23:46:11,465 : DEBUG -> get_object_by_id() func get called with api endpoint : https://collectionapi.metmuseum.org/public/collection/v1/objects/ with Id : 26
2022-04-11 23:46:11,470 : DEBUG -> Starting new HTTPS connection (1): collectionapi.metmuseum.org:443
2022-04-11 23:46:12,480 : DEBUG -> https://collectionapi.metmuseum.org:443 "GET /public/collection/v1/objects/26 HTTP/1.1" 200 None
2022-04-11 23:46:12,486 : DEBUG -> api response status code : 200
2022-04-11 23:46:12,486 : DEBUG -> get called get_object_by_id() func with api Endpoint : https://collectionapi.metmuseum.org/public/collection/v1/objects/ & Id : 26
2022-04-11 23:46:12,486 : DEBUG -> get_object_by_id() func get called with api endpoint : https://collectionapi.metmuseum.org/public/collection/v1/objects/ with Id : 27
2022-04-11 23:46:12,488 : DEBUG -> Starting new HTTPS connection (1): collectionapi.metmuseum.org:443
2022-04-11 23:46:13,504 : DEBUG -> https://collectionapi.metmuseum.org:443 "GET /public/collection/v1/objects/27 HTTP/1.1" 200 None
2022-04-11 23:46:13,510 : DEBUG -> api response status code : 200
2022-04-11 23:46:13,510 : DEBUG -> get called get_object_by_id() func with api Endpoint : https://collectionapi.metmuseum.org/public/collection/v1/objects/ & Id : 27
2022-04-11 23:46:13,510 : DEBUG -> get_object_by_id() func get called with api endpoint : https://collectionapi.metmuseum.org/public/collection/v1/objects/ with Id : 28
2022-04-11 23:46:13,512 : DEBUG -> Starting new HTTPS connection (1): collectionapi.metmuseum.org:443
2022-04-11 23:46:14,753 : DEBUG -> https://collectionapi.metmuseum.org:443 "GET /public/collection/v1/objects/28 HTTP/1.1" 200 None
2022-04-11 23:46:14,758 : DEBUG -> api response status code : 200
2022-04-11 23:46:14,758 : DEBUG -> get called get_object_by_id() func with api Endpoint : https://collectionapi.metmuseum.org/public/collection/v1/objects/ & Id : 28
2022-04-11 23:46:14,758 : DEBUG -> get_object_by_id() func get called with api endpoint : https://collectionapi.metmuseum.org/public/collection/v1/objects/ with Id : 29
2022-04-11 23:46:14,760 : DEBUG -> Starting new HTTPS connection (1): collectionapi.metmuseum.org:443
2022-04-11 23:46:16,167 : DEBUG -> https://collectionapi.metmuseum.org:443 "GET /public/collection/v1/objects/29 HTTP/1.1" 200 None
2022-04-11 23:46:16,172 : DEBUG -> api response status code : 200
2022-04-11 23:46:16,172 : DEBUG -> get called get_object_by_id() func with api Endpoint : https://collectionapi.metmuseum.org/public/collection/v1/objects/ & Id : 29
2022-04-11 23:46:16,172 : DEBUG -> get_object_by_id() func get called with api endpoint : https://collectionapi.metmuseum.org/public/collection/v1/objects/ with Id : 30
2022-04-11 23:46:16,174 : DEBUG -> Starting new HTTPS connection (1): collectionapi.metmuseum.org:443
2022-04-11 23:46:17,396 : DEBUG -> https://collectionapi.metmuseum.org:443 "GET /public/collection/v1/objects/30 HTTP/1.1" 200 None
2022-04-11 23:46:17,403 : DEBUG -> api response status code : 200
2022-04-11 23:46:17,404 : DEBUG -> get called get_object_by_id() func with api Endpoint : https://collectionapi.metmuseum.org/public/collection/v1/objects/ & Id : 30
2022-04-11 23:46:17,404 : DEBUG -> get_object_by_id() func get called with api endpoint : https://collectionapi.metmuseum.org/public/collection/v1/objects/ with Id : 31
2022-04-11 23:46:17,409 : DEBUG -> Starting new HTTPS connection (1): collectionapi.metmuseum.org:443
2022-04-11 23:46:18,215 : DEBUG -> https://collectionapi.metmuseum.org:443 "GET /public/collection/v1/objects/31 HTTP/1.1" 200 None
2022-04-11 23:46:18,222 : DEBUG -> api response status code : 200
2022-04-11 23:46:18,223 : DEBUG -> get called get_object_by_id() func with api Endpoint : https://collectionapi.metmuseum.org/public/collection/v1/objects/ & Id : 31
2022-04-11 23:46:18,223 : DEBUG -> get_object_by_id() func get called with api endpoint : https://collectionapi.metmuseum.org/public/collection/v1/objects/ with Id : 32
2022-04-11 23:46:18,228 : DEBUG -> Starting new HTTPS connection (1): collectionapi.metmuseum.org:443
2022-04-11 23:46:19,239 : DEBUG -> https://collectionapi.metmuseum.org:443 "GET /public/collection/v1/objects/32 HTTP/1.1" 200 None
2022-04-11 23:46:19,244 : DEBUG -> api response status code : 200
2022-04-11 23:46:19,244 : DEBUG -> get called get_object_by_id() func with api Endpoint : https://collectionapi.metmuseum.org/public/collection/v1/objects/ & Id : 32
2022-04-11 23:46:19,244 : DEBUG -> get_object_by_id() func get called with api endpoint : https://collectionapi.metmuseum.org/public/collection/v1/objects/ with Id : 33
2022-04-11 23:46:19,246 : DEBUG -> Starting new HTTPS connection (1): collectionapi.metmuseum.org:443
2022-04-11 23:46:20,263 : DEBUG -> https://collectionapi.metmuseum.org:443 "GET /public/collection/v1/objects/33 HTTP/1.1" 200 None
2022-04-11 23:46:20,268 : DEBUG -> api response status code : 200
2022-04-11 23:46:20,268 : DEBUG -> get called get_object_by_id() func with api Endpoint : https://collectionapi.metmuseum.org/public/collection/v1/objects/ & Id : 33
2022-04-11 23:46:20,268 : DEBUG -> get_object_by_id() func get called with api endpoint : https://collectionapi.metmuseum.org/public/collection/v1/objects/ with Id : 34
2022-04-11 23:46:20,270 : DEBUG -> Starting new HTTPS connection (1): collectionapi.metmuseum.org:443
2022-04-11 23:46:21,287 : DEBUG -> https://collectionapi.metmuseum.org:443 "GET /public/collection/v1/objects/34 HTTP/1.1" 200 None
2022-04-11 23:46:21,292 : DEBUG -> api response status code : 200
2022-04-11 23:46:21,292 : DEBUG -> get called get_object_by_id() func with api Endpoint : https://collectionapi.metmuseum.org/public/collection/v1/objects/ & Id : 34
2022-04-11 23:46:21,292 : DEBUG -> get_object_by_id() func get called with api endpoint : https://collectionapi.metmuseum.org/public/collection/v1/objects/ with Id : 35
2022-04-11 23:46:21,294 : DEBUG -> Starting new HTTPS connection (1): collectionapi.metmuseum.org:443
2022-04-11 23:46:22,311 : DEBUG -> https://collectionapi.metmuseum.org:443 "GET /public/collection/v1/objects/35 HTTP/1.1" 200 None
2022-04-11 23:46:22,316 : DEBUG -> api response status code : 200
2022-04-11 23:46:22,316 : DEBUG -> get called get_object_by_id() func with api Endpoint : https://collectionapi.metmuseum.org/public/collection/v1/objects/ & Id : 35
2022-04-11 23:46:22,316 : DEBUG -> get_object_by_id() func get called with api endpoint : https://collectionapi.metmuseum.org/public/collection/v1/objects/ with Id : 36
2022-04-11 23:46:22,318 : DEBUG -> Starting new HTTPS connection (1): collectionapi.metmuseum.org:443
2022-04-11 23:46:23,131 : DEBUG -> https://collectionapi.metmuseum.org:443 "GET /public/collection/v1/objects/36 HTTP/1.1" 200 None
2022-04-11 23:46:23,136 : DEBUG -> api response status code : 200
2022-04-11 23:46:23,136 : DEBUG -> get called get_object_by_id() func with api Endpoint : https://collectionapi.metmuseum.org/public/collection/v1/objects/ & Id : 36
2022-04-11 23:46:23,136 : DEBUG -> get_object_by_id() func get called with api endpoint : https://collectionapi.metmuseum.org/public/collection/v1/objects/ with Id : 37
2022-04-11 23:46:23,138 : DEBUG -> Starting new HTTPS connection (1): collectionapi.metmuseum.org:443
2022-04-11 23:46:24,154 : DEBUG -> https://collectionapi.metmuseum.org:443 "GET /public/collection/v1/objects/37 HTTP/1.1" 200 None
2022-04-11 23:46:24,161 : DEBUG -> api response status code : 200
2022-04-11 23:46:24,162 : DEBUG -> get called get_object_by_id() func with api Endpoint : https://collectionapi.metmuseum.org/public/collection/v1/objects/ & Id : 37
2022-04-11 23:46:24,163 : DEBUG -> get_object_by_id() func get called with api endpoint : https://collectionapi.metmuseum.org/public/collection/v1/objects/ with Id : 38
2022-04-11 23:46:24,168 : DEBUG -> Starting new HTTPS connection (1): collectionapi.metmuseum.org:443
2022-04-11 23:46:25,178 : DEBUG -> https://collectionapi.metmuseum.org:443 "GET /public/collection/v1/objects/38 HTTP/1.1" 200 None
2022-04-11 23:46:25,184 : DEBUG -> api response status code : 200
2022-04-11 23:46:25,184 : DEBUG -> get called get_object_by_id() func with api Endpoint : https://collectionapi.metmuseum.org/public/collection/v1/objects/ & Id : 38
2022-04-11 23:46:25,184 : DEBUG -> get_object_by_id() func get called with api endpoint : https://collectionapi.metmuseum.org/public/collection/v1/objects/ with Id : 39
2022-04-11 23:46:25,186 : DEBUG -> Starting new HTTPS connection (1): collectionapi.metmuseum.org:443
2022-04-11 23:46:26,407 : DEBUG -> https://collectionapi.metmuseum.org:443 "GET /public/collection/v1/objects/39 HTTP/1.1" 200 None
2022-04-11 23:46:26,414 : DEBUG -> api response status code : 200
2022-04-11 23:46:26,415 : DEBUG -> get called get_object_by_id() func with api Endpoint : https://collectionapi.metmuseum.org/public/collection/v1/objects/ & Id : 39
2022-04-11 23:46:26,416 : DEBUG -> get_object_by_id() func get called with api endpoint : https://collectionapi.metmuseum.org/public/collection/v1/objects/ with Id : 40
2022-04-11 23:46:26,421 : DEBUG -> Starting new HTTPS connection (1): collectionapi.metmuseum.org:443
2022-04-11 23:46:27,431 : DEBUG -> https://collectionapi.metmuseum.org:443 "GET /public/collection/v1/objects/40 HTTP/1.1" 200 None
2022-04-11 23:46:27,436 : DEBUG -> api response status code : 200
2022-04-11 23:46:27,436 : DEBUG -> get called get_object_by_id() func with api Endpoint : https://collectionapi.metmuseum.org/public/collection/v1/objects/ & Id : 40
2022-04-11 23:46:27,442 : DEBUG -> get_object_list() func return : [{'objectID': 1, 'isHighlight': False, 'accessionNumber': '1979.486.1', 'accessionYear': '1979', 'isPublicDomain': False, 'primaryImage': '', 'primaryImageSmall': '', 'additionalImages': [], 'constituents_0_constituentID': 164292, 'constituents_0_role': 'Maker', 'constituents_0_name': 'James Barton Longacre', 'constituents_0_constituentULAN_URL': 'http://vocab.getty.edu/page/ulan/500011409', 'constituents_0_constituentWikidata_URL': 'https://www.wikidata.org/wiki/Q3806459', 'constituents_0_gender': '', 'department': 'The American Wing', 'objectName': 'Coin', 'title': 'One-dollar Liberty Head Coin', 'culture': '', 'period': '', 'dynasty': '', 'reign': '', 'portfolio': '', 'artistRole': 'Maker', 'artistPrefix': '', 'artistDisplayName': 'James Barton Longacre', 'artistDisplayBio': 'American, Delaware County, Pennsylvania 1794–1869 Philadelphia, Pennsylvania', 'artistSuffix': '', 'artistAlphaSort': 'Longacre, James Barton', 'artistNationality': 'American', 'artistBeginDate': '1794', 'artistEndDate': '1869', 'artistGender': '', 'artistWikidata_URL': 'https://www.wikidata.org/wiki/Q3806459', 'artistULAN_URL': 'http://vocab.getty.edu/page/ulan/500011409', 'objectDate': '1853', 'objectBeginDate': 1853, 'objectEndDate': 1853, 'medium': 'Gold', 'dimensions': 'Dimensions unavailable', 'measurements': None, 'creditLine': 'Gift of Heinz L. Stoppelmann, 1979', 'geographyType': '', 'city': '', 'state': '', 'county': '', 'country': '', 'region': '', 'subregion': '', 'locale': '', 'locus': '', 'excavation': '', 'river': '', 'classification': '', 'rightsAndReproduction': '', 'linkResource': '', 'metadataDate': '2021-04-06T04:41:04.967Z', 'repository': 'Metropolitan Museum of Art, New York, NY', 'objectURL': 'https://www.metmuseum.org/art/collection/search/1', 'tags': None, 'objectWikidata_URL': '', 'isTimelineWork': False, 'GalleryNumber': ''}, {'objectID': 2, 'isHighlight': False, 'accessionNumber': '1980.264.5', 'accessionYear': '1980', 'isPublicDomain': False, 'primaryImage': '', 'primaryImageSmall': '', 'additionalImages': [], 'constituents_0_constituentID': 1079, 'constituents_0_role': 'Maker', 'constituents_0_name': 'Christian Gobrecht', 'constituents_0_constituentULAN_URL': 'http://vocab.getty.edu/page/ulan/500077295', 'constituents_0_constituentWikidata_URL': 'https://www.wikidata.org/wiki/Q5109648', 'constituents_0_gender': '', 'department': 'The American Wing', 'objectName': 'Coin', 'title': 'Ten-dollar Liberty Head Coin', 'culture': '', 'period': '', 'dynasty': '', 'reign': '', 'portfolio': '', 'artistRole': 'Maker', 'artistPrefix': '', 'artistDisplayName': 'Christian Gobrecht', 'artistDisplayBio': '1785–1844', 'artistSuffix': '', 'artistAlphaSort': 'Gobrecht, Christian', 'artistNationality': '', 'artistBeginDate': '1785', 'artistEndDate': '1844', 'artistGender': '', 'artistWikidata_URL': 'https://www.wikidata.org/wiki/Q5109648', 'artistULAN_URL': 'http://vocab.getty.edu/page/ulan/500077295', 'objectDate': '1901', 'objectBeginDate': 1901, 'objectEndDate': 1901, 'medium': 'Gold', 'dimensions': 'Dimensions unavailable', 'measurements': None, 'creditLine': 'Gift of Heinz L. Stoppelmann, 1980', 'geographyType': '', 'city': '', 'state': '', 'county': '', 'country': '', 'region': '', 'subregion': '', 'locale': '', 'locus': '', 'excavation': '', 'river': '', 'classification': '', 'rightsAndReproduction': '', 'linkResource': '', 'metadataDate': '2021-04-06T04:41:04.967Z', 'repository': 'Metropolitan Museum of Art, New York, NY', 'objectURL': 'https://www.metmuseum.org/art/collection/search/2', 'tags': None, 'objectWikidata_URL': '', 'isTimelineWork': False, 'GalleryNumber': ''}, {'objectID': 3, 'isHighlight': False, 'accessionNumber': '67.265.9', 'accessionYear': '1967', 'isPublicDomain': False, 'primaryImage': '', 'primaryImageSmall': '', 'additionalImages': [], 'constituents': None, 'department': 'The American Wing', 'objectName': 'Coin', 'title': 'Two-and-a-Half Dollar Coin', 'culture': '', 'period': '', 'dynasty': '', 'reign': '', 'portfolio': '', 'artistRole': '', 'artistPrefix': '', 'artistDisplayName': '', 'artistDisplayBio': '', 'artistSuffix': '', 'artistAlphaSort': '', 'artistNationality': '', 'artistBeginDate': '', 'artistEndDate': '', 'artistGender': '', 'artistWikidata_URL': '', 'artistULAN_URL': '', 'objectDate': '1909–27', 'objectBeginDate': 1909, 'objectEndDate': 1927, 'medium': 'Gold', 'dimensions': 'Diam. 11/16 in. (1.7 cm)', 'measurements_0_elementName': 'Other', 'measurements_0_elementDescription': 'Object diameter', 'measurements_0_elementMeasurements_Diameter': 1.7463, 'creditLine': 'Gift of C. Ruxton Love Jr., 1967', 'geographyType': '', 'city': '', 'state': '', 'county': '', 'country': '', 'region': '', 'subregion': '', 'locale': '', 'locus': '', 'excavation': '', 'river': '', 'classification': '', 'rightsAndReproduction': '', 'linkResource': '', 'metadataDate': '2021-04-06T04:41:04.967Z', 'repository': 'Metropolitan Museum of Art, New York, NY', 'objectURL': 'https://www.metmuseum.org/art/collection/search/3', 'tags': None, 'objectWikidata_URL': '', 'isTimelineWork': False, 'GalleryNumber': ''}, {'objectID': 4, 'isHighlight': False, 'accessionNumber': '67.265.10', 'accessionYear': '1967', 'isPublicDomain': False, 'primaryImage': '', 'primaryImageSmall': '', 'additionalImages': [], 'constituents': None, 'department': 'The American Wing', 'objectName': 'Coin', 'title': 'Two-and-a-Half Dollar Coin', 'culture': '', 'period': '', 'dynasty': '', 'reign': '', 'portfolio': '', 'artistRole': '', 'artistPrefix': '', 'artistDisplayName': '', 'artistDisplayBio': '', 'artistSuffix': '', 'artistAlphaSort': '', 'artistNationality': '', 'artistBeginDate': '', 'artistEndDate': '', 'artistGender': '', 'artistWikidata_URL': '', 'artistULAN_URL': '', 'objectDate': '1909–27', 'objectBeginDate': 1909, 'objectEndDate': 1927, 'medium': 'Gold', 'dimensions': 'Diam. 11/16 in. (1.7 cm)', 'measurements_0_elementName': 'Other', 'measurements_0_elementDescription': 'Object diameter', 'measurements_0_elementMeasurements_Diameter': 1.7463, 'creditLine': 'Gift of C. Ruxton Love Jr., 1967', 'geographyType': '', 'city': '', 'state': '', 'county': '', 'country': '', 'region': '', 'subregion': '', 'locale': '', 'locus': '', 'excavation': '', 'river': '', 'classification': '', 'rightsAndReproduction': '', 'linkResource': '', 'metadataDate': '2021-04-06T04:41:04.967Z', 'repository': 'Metropolitan Museum of Art, New York, NY', 'objectURL': 'https://www.metmuseum.org/art/collection/search/4', 'tags': None, 'objectWikidata_URL': '', 'isTimelineWork': False, 'GalleryNumber': ''}, {'objectID': 5, 'isHighlight': False, 'accessionNumber': '67.265.11', 'accessionYear': '1967', 'isPublicDomain': False, 'primaryImage': '', 'primaryImageSmall': '', 'additionalImages': [], 'constituents': None, 'department': 'The American Wing', 'objectName': 'Coin', 'title': 'Two-and-a-Half Dollar Coin', 'culture': '', 'period': '', 'dynasty': '', 'reign': '', 'portfolio': '', 'artistRole': '', 'artistPrefix': '', 'artistDisplayName': '', 'artistDisplayBio': '', 'artistSuffix': '', 'artistAlphaSort': '', 'artistNationality': '', 'artistBeginDate': '', 'artistEndDate': '', 'artistGender': '', 'artistWikidata_URL': '', 'artistULAN_URL': '', 'objectDate': '1909–27', 'objectBeginDate': 1909, 'objectEndDate': 1927, 'medium': 'Gold', 'dimensions': 'Diam. 11/16 in. (1.7 cm)', 'measurements_0_elementName': 'Other', 'measurements_0_elementDescription': 'Object diameter', 'measurements_0_elementMeasurements_Diameter': 1.7463, 'creditLine': 'Gift of C. Ruxton Love Jr., 1967', 'geographyType': '', 'city': '', 'state': '', 'county': '', 'country': '', 'region': '', 'subregion': '', 'locale': '', 'locus': '', 'excavation': '', 'river': '', 'classification': '', 'rightsAndReproduction': '', 'linkResource': '', 'metadataDate': '2021-04-06T04:41:04.967Z', 'repository': 'Metropolitan Museum of Art, New York, NY', 'objectURL': 'https://www.metmuseum.org/art/collection/search/5', 'tags': None, 'objectWikidata_URL': '', 'isTimelineWork': False, 'GalleryNumber': ''}, {'objectID': 6, 'isHighlight': False, 'accessionNumber': '67.265.12', 'accessionYear': '1967', 'isPublicDomain': False, 'primaryImage': '', 'primaryImageSmall': '', 'additionalImages': [], 'constituents': None, 'department': 'The American Wing', 'objectName': 'Coin', 'title': 'Two-and-a-Half Dollar Coin', 'culture': '', 'period': '', 'dynasty': '', 'reign': '', 'portfolio': '', 'artistRole': '', 'artistPrefix': '', 'artistDisplayName': '', 'artistDisplayBio': '', 'artistSuffix': '', 'artistAlphaSort': '', 'artistNationality': '', 'artistBeginDate': '', 'artistEndDate': '', 'artistGender': '', 'artistWikidata_URL': '', 'artistULAN_URL': '', 'objectDate': '1909–27', 'objectBeginDate': 1909, 'objectEndDate': 1927, 'medium': 'Gold', 'dimensions': 'Diam. 11/16 in. (1.7 cm)', 'measurements_0_elementName': 'Other', 'measurements_0_elementDescription': 'Object diameter', 'measurements_0_elementMeasurements_Diameter': 1.7463, 'creditLine': 'Gift of C. Ruxton Love Jr., 1967', 'geographyType': '', 'city': '', 'state': '', 'county': '', 'country': '', 'region': '', 'subregion': '', 'locale': '', 'locus': '', 'excavation': '', 'river': '', 'classification': '', 'rightsAndReproduction': '', 'linkResource': '', 'metadataDate': '2021-04-06T04:41:04.967Z', 'repository': 'Metropolitan Museum of Art, New York, NY', 'objectURL': 'https://www.metmuseum.org/art/collection/search/6', 'tags': None, 'objectWikidata_URL': '', 'isTimelineWork': False, 'GalleryNumber': ''}, {'objectID': 7, 'isHighlight': False, 'accessionNumber': '67.265.13', 'accessionYear': '1967', 'isPublicDomain': False, 'primaryImage': '', 'primaryImageSmall': '', 'additionalImages': [], 'constituents': None, 'department': 'The American Wing', 'objectName': 'Coin', 'title': 'Two-and-a-Half Dollar Coin', 'culture': '', 'period': '', 'dynasty': '', 'reign': '', 'portfolio': '', 'artistRole': '', 'artistPrefix': '', 'artistDisplayName': '', 'artistDisplayBio': '', 'artistSuffix': '', 'artistAlphaSort': '', 'artistNationality': '', 'artistBeginDate': '', 'artistEndDate': '', 'artistGender': '', 'artistWikidata_URL': '', 'artistULAN_URL': '', 'objectDate': '1909–27', 'objectBeginDate': 1909, 'objectEndDate': 1927, 'medium': 'Gold', 'dimensions': 'Diam. 11/16 in. (1.7 cm)', 'measurements_0_elementName': 'Other', 'measurements_0_elementDescription': 'Object diameter', 'measurements_0_elementMeasurements_Diameter': 1.7463, 'creditLine': 'Gift of C. Ruxton Love Jr., 1967', 'geographyType': '', 'city': '', 'state': '', 'county': '', 'country': '', 'region': '', 'subregion': '', 'locale': '', 'locus': '', 'excavation': '', 'river': '', 'classification': '', 'rightsAndReproduction': '', 'linkResource': '', 'metadataDate': '2021-04-06T04:41:04.967Z', 'repository': 'Metropolitan Museum of Art, New York, NY', 'objectURL': 'https://www.metmuseum.org/art/collection/search/7', 'tags_0_term': 'Birds', 'tags_0_AAT_URL': 'http://vocab.getty.edu/page/aat/300266506', 'tags_0_Wikidata_URL': 'https://www.wikidata.org/wiki/Q5113', 'tags_1_term': 'Coins', 'tags_1_AAT_URL': 'http://vocab.getty.edu/page/aat/300037222', 'tags_1_Wikidata_URL': 'https://www.wikidata.org/wiki/Q41207', 'objectWikidata_URL': '', 'isTimelineWork': False, 'GalleryNumber': ''}, {'objectID': 8, 'isHighlight': False, 'accessionNumber': '67.265.14', 'accessionYear': '1967', 'isPublicDomain': False, 'primaryImage': '', 'primaryImageSmall': '', 'additionalImages': [], 'constituents': None, 'department': 'The American Wing', 'objectName': 'Coin', 'title': 'Two-and-a-Half Dollar Coin', 'culture': '', 'period': '', 'dynasty': '', 'reign': '', 'portfolio': '', 'artistRole': '', 'artistPrefix': '', 'artistDisplayName': '', 'artistDisplayBio': '', 'artistSuffix': '', 'artistAlphaSort': '', 'artistNationality': '', 'artistBeginDate': '', 'artistEndDate': '', 'artistGender': '', 'artistWikidata_URL': '', 'artistULAN_URL': '', 'objectDate': '1909–27', 'objectBeginDate': 1909, 'objectEndDate': 1927, 'medium': 'Gold', 'dimensions': 'Diam. 11/16 in. (1.7 cm)', 'measurements_0_elementName': 'Other', 'measurements_0_elementDescription': 'Object diameter', 'measurements_0_elementMeasurements_Diameter': 1.7463, 'creditLine': 'Gift of C. Ruxton Love Jr., 1967', 'geographyType': '', 'city': '', 'state': '', 'county': '', 'country': '', 'region': '', 'subregion': '', 'locale': '', 'locus': '', 'excavation': '', 'river': '', 'classification': '', 'rightsAndReproduction': '', 'linkResource': '', 'metadataDate': '2021-04-06T04:41:04.967Z', 'repository': 'Metropolitan Museum of Art, New York, NY', 'objectURL': 'https://www.metmuseum.org/art/collection/search/8', 'tags_0_term': 'Men', 'tags_0_AAT_URL': 'http://vocab.getty.edu/page/aat/300025928', 'tags_0_Wikidata_URL': 'https://www.wikidata.org/wiki/Q8441', 'tags_1_term': 'Profiles', 'tags_1_AAT_URL': 'http://vocab.getty.edu/page/aat/300123319', 'tags_1_Wikidata_URL': 'https://www.wikidata.org/wiki/Q4382010', 'tags_2_term': 'Eagles', 'tags_2_AAT_URL': 'http://vocab.getty.edu/page/aat/300250049', 'tags_2_Wikidata_URL': 'https://www.wikidata.org/wiki/Q2092297', 'objectWikidata_URL': '', 'isTimelineWork': False, 'GalleryNumber': ''}, {'objectID': 9, 'isHighlight': False, 'accessionNumber': '67.265.15', 'accessionYear': '1967', 'isPublicDomain': False, 'primaryImage': '', 'primaryImageSmall': '', 'additionalImages': [], 'constituents': None, 'department': 'The American Wing', 'objectName': 'Coin', 'title': 'Two-and-a-Half Dollar Coin', 'culture': '', 'period': '', 'dynasty': '', 'reign': '', 'portfolio': '', 'artistRole': '', 'artistPrefix': '', 'artistDisplayName': '', 'artistDisplayBio': '', 'artistSuffix': '', 'artistAlphaSort': '', 'artistNationality': '', 'artistBeginDate': '', 'artistEndDate': '', 'artistGender': '', 'artistWikidata_URL': '', 'artistULAN_URL': '', 'objectDate': '1909–27', 'objectBeginDate': 1909, 'objectEndDate': 1927, 'medium': 'Gold', 'dimensions': 'Diam. 11/16 in. (1.7 cm)', 'measurements_0_elementName': 'Other', 'measurements_0_elementDescription': 'Object diameter', 'measurements_0_elementMeasurements_Diameter': 1.7463, 'creditLine': 'Gift of C. Ruxton Love Jr., 1967', 'geographyType': '', 'city': '', 'state': '', 'county': '', 'country': '', 'region': '', 'subregion': '', 'locale': '', 'locus': '', 'excavation': '', 'river': '', 'classification': '', 'rightsAndReproduction': '', 'linkResource': '', 'metadataDate': '2021-04-06T04:41:04.967Z', 'repository': 'Metropolitan Museum of Art, New York, NY', 'objectURL': 'https://www.metmuseum.org/art/collection/search/9', 'tags': None, 'objectWikidata_URL': '', 'isTimelineWork': False, 'GalleryNumber': ''}, {'objectID': 10, 'isHighlight': False, 'accessionNumber': '1979.486.3', 'accessionYear': '1979', 'isPublicDomain': False, 'primaryImage': '', 'primaryImageSmall': '', 'additionalImages': [], 'constituents_0_constituentID': 1080, 'constituents_0_role': 'Maker', 'constituents_0_name': 'Bela Lyon Pratt', 'constituents_0_constituentULAN_URL': 'http://vocab.getty.edu/page/ulan/500095555', 'constituents_0_constituentWikidata_URL': 'https://www.wikidata.org/wiki/Q4881787', 'constituents_0_gender': '', 'department': 'The American Wing', 'objectName': 'Coin', 'title': 'Two-and-a-half-dollar Indian Head Coin', 'culture': '', 'period': '', 'dynasty': '', 'reign': '', 'portfolio': '', 'artistRole': 'Maker', 'artistPrefix': '', 'artistDisplayName': 'Bela Lyon Pratt', 'artistDisplayBio': '1867–1917', 'artistSuffix': '', 'artistAlphaSort': 'Pratt, Bela Lyon', 'artistNationality': '', 'artistBeginDate': '1867', 'artistEndDate': '1917', 'artistGender': '', 'artistWikidata_URL': 'https://www.wikidata.org/wiki/Q4881787', 'artistULAN_URL': 'http://vocab.getty.edu/page/ulan/500095555', 'objectDate': '1912', 'objectBeginDate': 1912, 'objectEndDate': 1912, 'medium': 'Gold', 'dimensions': 'Dimensions unavailable', 'measurements_0_elementName': 'Other', 'measurements_0_elementDescription': 'Object diameter', 'measurements_0_elementMeasurements_Diameter': 1.7, 'creditLine': 'Gift of Heinz L. Stoppelmann, 1979', 'geographyType': '', 'city': '', 'state': '', 'county': '', 'country': '', 'region': '', 'subregion': '', 'locale': '', 'locus': '', 'excavation': '', 'river': '', 'classification': '', 'rightsAndReproduction': '', 'linkResource': '', 'metadataDate': '2021-04-06T04:41:04.967Z', 'repository': 'Metropolitan Museum of Art, New York, NY', 'objectURL': 'https://www.metmuseum.org/art/collection/search/10', 'tags': None, 'objectWikidata_URL': '', 'isTimelineWork': False, 'GalleryNumber': ''}, {'objectID': 11, 'isHighlight': False, 'accessionNumber': '1979.486.2', 'accessionYear': '1979', 'isPublicDomain': False, 'primaryImage': '', 'primaryImageSmall': '', 'additionalImages': [], 'constituents_0_constituentID': 1079, 'constituents_0_role': 'Maker', 'constituents_0_name': 'Christian Gobrecht', 'constituents_0_constituentULAN_URL': 'http://vocab.getty.edu/page/ulan/500077295', 'constituents_0_constituentWikidata_URL': 'https://www.wikidata.org/wiki/Q5109648', 'constituents_0_gender': '', 'department': 'The American Wing', 'objectName': 'Coin', 'title': 'Two-and-a-half-dollar Liberty Head Coin', 'culture': '', 'period': '', 'dynasty': '', 'reign': '', 'portfolio': '', 'artistRole': 'Maker', 'artistPrefix': '', 'artistDisplayName': 'Christian Gobrecht', 'artistDisplayBio': '1785–1844', 'artistSuffix': '', 'artistAlphaSort': 'Gobrecht, Christian', 'artistNationality': '', 'artistBeginDate': '1785', 'artistEndDate': '1844', 'artistGender': '', 'artistWikidata_URL': 'https://www.wikidata.org/wiki/Q5109648', 'artistULAN_URL': 'http://vocab.getty.edu/page/ulan/500077295', 'objectDate': '1907', 'objectBeginDate': 1907, 'objectEndDate': 1907, 'medium': 'Gold', 'dimensions': 'Dimensions unavailable', 'measurements_0_elementName': 'Other', 'measurements_0_elementDescription': 'Object diameter', 'measurements_0_elementMeasurements_Diameter': 1.7, 'creditLine': 'Gift of Heinz L. Stoppelmann, 1979', 'geographyType': '', 'city': '', 'state': '', 'county': '', 'country': '', 'region': '', 'subregion': '', 'locale': '', 'locus': '', 'excavation': '', 'river': '', 'classification': '', 'rightsAndReproduction': '', 'linkResource': '', 'metadataDate': '2021-04-06T04:41:04.967Z', 'repository': 'Metropolitan Museum of Art, New York, NY', 'objectURL': 'https://www.metmuseum.org/art/collection/search/11', 'tags': None, 'objectWikidata_URL': '', 'isTimelineWork': False, 'GalleryNumber': ''}, {'objectID': 12, 'isHighlight': False, 'accessionNumber': '1979.486.7', 'accessionYear': '1979', 'isPublicDomain': False, 'primaryImage': '', 'primaryImageSmall': '', 'additionalImages': [], 'constituents_0_constituentID': 164292, 'constituents_0_role': 'Maker', 'constituents_0_name': 'James Barton Longacre', 'constituents_0_constituentULAN_URL': 'http://vocab.getty.edu/page/ulan/500011409', 'constituents_0_constituentWikidata_URL': 'https://www.wikidata.org/wiki/Q3806459', 'constituents_0_gender': '', 'department': 'The American Wing', 'objectName': 'Coin', 'title': 'Twenty-dollar Liberty Head Coin', 'culture': '', 'period': '', 'dynasty': '', 'reign': '', 'portfolio': '', 'artistRole': 'Maker', 'artistPrefix': '', 'artistDisplayName': 'James Barton Longacre', 'artistDisplayBio': 'American, Delaware County, Pennsylvania 1794–1869 Philadelphia, Pennsylvania', 'artistSuffix': '', 'artistAlphaSort': 'Longacre, James Barton', 'artistNationality': 'American', 'artistBeginDate': '1794', 'artistEndDate': '1869', 'artistGender': '', 'artistWikidata_URL': 'https://www.wikidata.org/wiki/Q3806459', 'artistULAN_URL': 'http://vocab.getty.edu/page/ulan/500011409', 'objectDate': '1876', 'objectBeginDate': 1876, 'objectEndDate': 1876, 'medium': 'Gold', 'dimensions': 'Dimensions unavailable', 'measurements_0_elementName': 'Other', 'measurements_0_elementDescription': 'Object diameter', 'measurements_0_elementMeasurements_Diameter': 1.7, 'creditLine': 'Gift of Heinz L. Stoppelmann, 1979', 'geographyType': '', 'city': '', 'state': '', 'county': '', 'country': '', 'region': '', 'subregion': '', 'locale': '', 'locus': '', 'excavation': '', 'river': '', 'classification': '', 'rightsAndReproduction': '', 'linkResource': '', 'metadataDate': '2021-04-06T04:41:04.967Z', 'repository': 'Metropolitan Museum of Art, New York, NY', 'objectURL': 'https://www.metmuseum.org/art/collection/search/12', 'tags': None, 'objectWikidata_URL': '', 'isTimelineWork': False, 'GalleryNumber': ''}, {'objectID': 13, 'isHighlight': False, 'accessionNumber': '1979.486.4', 'accessionYear': '1979', 'isPublicDomain': False, 'primaryImage': '', 'primaryImageSmall': '', 'additionalImages': [], 'constituents_0_constituentID': 1080, 'constituents_0_role': 'Maker', 'constituents_0_name': 'Bela Lyon Pratt', 'constituents_0_constituentULAN_URL': 'http://vocab.getty.edu/page/ulan/500095555', 'constituents_0_constituentWikidata_URL': 'https://www.wikidata.org/wiki/Q4881787', 'constituents_0_gender': '', 'department': 'The American Wing', 'objectName': 'Coin', 'title': 'Five-dollar Indian Head Coin', 'culture': '', 'period': '', 'dynasty': '', 'reign': '', 'portfolio': '', 'artistRole': 'Maker', 'artistPrefix': '', 'artistDisplayName': 'Bela Lyon Pratt', 'artistDisplayBio': '1867–1917', 'artistSuffix': '', 'artistAlphaSort': 'Pratt, Bela Lyon', 'artistNationality': '', 'artistBeginDate': '1867', 'artistEndDate': '1917', 'artistGender': '', 'artistWikidata_URL': 'https://www.wikidata.org/wiki/Q4881787', 'artistULAN_URL': 'http://vocab.getty.edu/page/ulan/500095555', 'objectDate': '1910', 'objectBeginDate': 1910, 'objectEndDate': 1910, 'medium': 'Gold', 'dimensions': 'Dimensions unavailable', 'measurements_0_elementName': 'Other', 'measurements_0_elementDescription': 'Object diameter', 'measurements_0_elementMeasurements_Diameter': 1.7, 'creditLine': 'Gift of Heinz L. Stoppelmann, 1979', 'geographyType': '', 'city': '', 'state': '', 'county': '', 'country': '', 'region': '', 'subregion': '', 'locale': '', 'locus': '', 'excavation': '', 'river': '', 'classification': '', 'rightsAndReproduction': '', 'linkResource': '', 'metadataDate': '2021-04-06T04:41:04.967Z', 'repository': 'Metropolitan Museum of Art, New York, NY', 'objectURL': 'https://www.metmuseum.org/art/collection/search/13', 'tags': None, 'objectWikidata_URL': '', 'isTimelineWork': False, 'GalleryNumber': ''}, {'objectID': 14, 'isHighlight': False, 'accessionNumber': '1979.486.5', 'accessionYear': '1979', 'isPublicDomain': False, 'primaryImage': '', 'primaryImageSmall': '', 'additionalImages': [], 'constituents_0_constituentID': 1079, 'constituents_0_role': 'Maker', 'constituents_0_name': 'Christian Gobrecht', 'constituents_0_constituentULAN_URL': 'http://vocab.getty.edu/page/ulan/500077295', 'constituents_0_constituentWikidata_URL': 'https://www.wikidata.org/wiki/Q5109648', 'constituents_0_gender': '', 'department': 'The American Wing', 'objectName': 'Coin', 'title': 'Five-dollar Liberty Head Coin', 'culture': '', 'period': '', 'dynasty': '', 'reign': '', 'portfolio': '', 'artistRole': 'Maker', 'artistPrefix': '', 'artistDisplayName': 'Christian Gobrecht', 'artistDisplayBio': '1785–1844', 'artistSuffix': '', 'artistAlphaSort': 'Gobrecht, Christian', 'artistNationality': '', 'artistBeginDate': '1785', 'artistEndDate': '1844', 'artistGender': '', 'artistWikidata_URL': 'https://www.wikidata.org/wiki/Q5109648', 'artistULAN_URL': 'http://vocab.getty.edu/page/ulan/500077295', 'objectDate': '1907', 'objectBeginDate': 1907, 'objectEndDate': 1907, 'medium': 'Gold', 'dimensions': 'Dimensions unavailable', 'measurements_0_elementName': 'Other', 'measurements_0_elementDescription': 'Object diameter', 'measurements_0_elementMeasurements_Diameter': 1.7, 'creditLine': 'Gift of Heinz L. Stoppelmann, 1979', 'geographyType': '', 'city': '', 'state': '', 'county': '', 'country': '', 'region': '', 'subregion': '', 'locale': '', 'locus': '', 'excavation': '', 'river': '', 'classification': '', 'rightsAndReproduction': '', 'linkResource': '', 'metadataDate': '2021-04-06T04:41:04.967Z', 'repository': 'Metropolitan Museum of Art, New York, NY', 'objectURL': 'https://www.metmuseum.org/art/collection/search/14', 'tags': None, 'objectWikidata_URL': '', 'isTimelineWork': False, 'GalleryNumber': ''}, {'objectID': 15, 'isHighlight': False, 'accessionNumber': '16.74.49', 'accessionYear': '1916', 'isPublicDomain': False, 'primaryImage': '', 'primaryImageSmall': '', 'additionalImages': [], 'constituents': None, 'department': 'The American Wing', 'objectName': 'Coin', 'title': 'Coin, 1/2 Real', 'culture': 'Mexican', 'period': '', 'dynasty': '', 'reign': '', 'portfolio': '', 'artistRole': '', 'artistPrefix': '', 'artistDisplayName': '', 'artistDisplayBio': '', 'artistSuffix': '', 'artistAlphaSort': '', 'artistNationality': '', 'artistBeginDate': '', 'artistEndDate': '', 'artistGender': '', 'artistWikidata_URL': '', 'artistULAN_URL': '', 'objectDate': '1665–1700', 'objectBeginDate': 1665, 'objectEndDate': 1700, 'medium': 'Silver', 'dimensions': 'Diam. 1/2 in. (1.3 cm)', 'measurements_0_elementName': 'Other', 'measurements_0_elementDescription': 'Object diameter', 'measurements_0_elementMeasurements_Diameter': 1.27, 'creditLine': 'Gift of Mrs. Russell Sage, 1916', 'geographyType': 'Made in', 'city': '', 'state': '', 'county': '', 'country': 'Mexico', 'region': '', 'subregion': '', 'locale': '', 'locus': '', 'excavation': '', 'river': '', 'classification': '', 'rightsAndReproduction': '', 'linkResource': '', 'metadataDate': '2021-04-06T04:41:04.967Z', 'repository': 'Metropolitan Museum of Art, New York, NY', 'objectURL': 'https://www.metmuseum.org/art/collection/search/15', 'tags': None, 'objectWikidata_URL': '', 'isTimelineWork': False, 'GalleryNumber': ''}, {'objectID': 16, 'isHighlight': False, 'accessionNumber': '16.74.27', 'accessionYear': '1916', 'isPublicDomain': False, 'primaryImage': '', 'primaryImageSmall': '', 'additionalImages': [], 'constituents': None, 'department': 'The American Wing', 'objectName': 'Peso', 'title': 'Coin, 1/4 Peso', 'culture': 'Mexican', 'period': '', 'dynasty': '', 'reign': '', 'portfolio': '', 'artistRole': '', 'artistPrefix': '', 'artistDisplayName': '', 'artistDisplayBio': '', 'artistSuffix': '', 'artistAlphaSort': '', 'artistNationality': '', 'artistBeginDate': '', 'artistEndDate': '', 'artistGender': '', 'artistWikidata_URL': '', 'artistULAN_URL': '', 'objectDate': '1800–1900', 'objectBeginDate': 1800, 'objectEndDate': 1900, 'medium': 'Bronze or copper', 'dimensions': 'Diam. 1 1/8 in. (2.9 cm)', 'measurements_0_elementName': 'Other', 'measurements_0_elementDescription': 'Object diameter', 'measurements_0_elementMeasurements_Diameter': 2.8575, 'creditLine': 'Gift of Mrs. Russell Sage, 1916', 'geographyType': 'Made in', 'city': '', 'state': '', 'county': '', 'country': 'Mexico', 'region': '', 'subregion': '', 'locale': '', 'locus': '', 'excavation': '', 'river': '', 'classification': '', 'rightsAndReproduction': '', 'linkResource': '', 'metadataDate': '2021-04-06T04:41:04.967Z', 'repository': 'Metropolitan Museum of Art, New York, NY', 'objectURL': 'https://www.metmuseum.org/art/collection/search/16', 'tags': None, 'objectWikidata_URL': '', 'isTimelineWork': False, 'GalleryNumber': ''}, {'objectID': 17, 'isHighlight': False, 'accessionNumber': '16.74.28', 'accessionYear': '1916', 'isPublicDomain': False, 'primaryImage': '', 'primaryImageSmall': '', 'additionalImages': [], 'constituents': None, 'department': 'The American Wing', 'objectName': 'Peso', 'title': 'Coin, 1/4 Peso', 'culture': 'Mexican', 'period': '', 'dynasty': '', 'reign': '', 'portfolio': '', 'artistRole': '', 'artistPrefix': '', 'artistDisplayName': '', 'artistDisplayBio': '', 'artistSuffix': '', 'artistAlphaSort': '', 'artistNationality': '', 'artistBeginDate': '', 'artistEndDate': '', 'artistGender': '', 'artistWikidata_URL': '', 'artistULAN_URL': '', 'objectDate': '1867', 'objectBeginDate': 1867, 'objectEndDate': 1867, 'medium': 'Bronze or copper', 'dimensions': 'Diam. 1 1/8 in. (2.9 cm)', 'measurements_0_elementName': 'Other', 'measurements_0_elementDescription': 'Object diameter', 'measurements_0_elementMeasurements_Diameter': 2.8575, 'creditLine': 'Gift of Mrs. Russell Sage, 1916', 'geographyType': 'Made in', 'city': '', 'state': '', 'county': '', 'country': 'Mexico', 'region': '', 'subregion': '', 'locale': '', 'locus': '', 'excavation': '', 'river': '', 'classification': '', 'rightsAndReproduction': '', 'linkResource': '', 'metadataDate': '2021-04-06T04:41:04.967Z', 'repository': 'Metropolitan Museum of Art, New York, NY', 'objectURL': 'https://www.metmuseum.org/art/collection/search/17', 'tags': None, 'objectWikidata_URL': '', 'isTimelineWork': False, 'GalleryNumber': ''}, {'objectID': 18, 'isHighlight': False, 'accessionNumber': '16.74.29', 'accessionYear': '1916', 'isPublicDomain': False, 'primaryImage': '', 'primaryImageSmall': '', 'additionalImages': [], 'constituents': None, 'department': 'The American Wing', 'objectName': 'Peso', 'title': 'Coin, 1/4 Peso', 'culture': 'Mexican', 'period': '', 'dynasty': '', 'reign': '', 'portfolio': '', 'artistRole': '', 'artistPrefix': '', 'artistDisplayName': '', 'artistDisplayBio': '', 'artistSuffix': '', 'artistAlphaSort': '', 'artistNationality': '', 'artistBeginDate': '', 'artistEndDate': '', 'artistGender': '', 'artistWikidata_URL': '', 'artistULAN_URL': '', 'objectDate': '1860', 'objectBeginDate': 1860, 'objectEndDate': 1860, 'medium': 'Bronze or copper', 'dimensions': 'Diam. 1 1/8 in. (2.9 cm)', 'measurements_0_elementName': 'Other', 'measurements_0_elementDescription': 'Object diameter', 'measurements_0_elementMeasurements_Diameter': 2.8575, 'creditLine': 'Gift of Mrs. Russell Sage, 1916', 'geographyType': 'Made in', 'city': '', 'state': '', 'county': '', 'country': 'Mexico', 'region': '', 'subregion': '', 'locale': '', 'locus': '', 'excavation': '', 'river': '', 'classification': '', 'rightsAndReproduction': '', 'linkResource': '', 'metadataDate': '2021-04-06T04:41:04.967Z', 'repository': 'Metropolitan Museum of Art, New York, NY', 'objectURL': 'https://www.metmuseum.org/art/collection/search/18', 'tags': None, 'objectWikidata_URL': '', 'isTimelineWork': False, 'GalleryNumber': ''}, {'objectID': 19, 'isHighlight': False, 'accessionNumber': '16.74.30', 'accessionYear': '1916', 'isPublicDomain': False, 'primaryImage': '', 'primaryImageSmall': '', 'additionalImages': [], 'constituents': None, 'department': 'The American Wing', 'objectName': 'Peso', 'title': 'Coin, 1/4 Peso', 'culture': 'Mexican', 'period': '', 'dynasty': '', 'reign': '', 'portfolio': '', 'artistRole': '', 'artistPrefix': '', 'artistDisplayName': '', 'artistDisplayBio': '', 'artistSuffix': '', 'artistAlphaSort': '', 'artistNationality': '', 'artistBeginDate': '', 'artistEndDate': '', 'artistGender': '', 'artistWikidata_URL': '', 'artistULAN_URL': '', 'objectDate': '1859', 'objectBeginDate': 1859, 'objectEndDate': 1859, 'medium': 'Bronze or copper', 'dimensions': 'Diam. 1 1/8 in. (2.9 cm)', 'measurements_0_elementName': 'Other', 'measurements_0_elementDescription': 'Object diameter', 'measurements_0_elementMeasurements_Diameter': 2.9, 'creditLine': 'Gift of Mrs. Russell Sage, 1916', 'geographyType': 'Made in', 'city': '', 'state': '', 'county': '', 'country': 'Mexico', 'region': '', 'subregion': '', 'locale': '', 'locus': '', 'excavation': '', 'river': '', 'classification': '', 'rightsAndReproduction': '', 'linkResource': '', 'metadataDate': '2021-04-06T04:41:04.967Z', 'repository': 'Metropolitan Museum of Art, New York, NY', 'objectURL': 'https://www.metmuseum.org/art/collection/search/19', 'tags': None, 'objectWikidata_URL': '', 'isTimelineWork': False, 'GalleryNumber': ''}, {'objectID': 20, 'isHighlight': False, 'accessionNumber': '16.74.31', 'accessionYear': '1916', 'isPublicDomain': False, 'primaryImage': '', 'primaryImageSmall': '', 'additionalImages': [], 'constituents': None, 'department': 'The American Wing', 'objectName': 'Peso', 'title': 'Coin, 1/4 Peso', 'culture': 'Mexican', 'period': '', 'dynasty': '', 'reign': '', 'portfolio': '', 'artistRole': '', 'artistPrefix': '', 'artistDisplayName': '', 'artistDisplayBio': '', 'artistSuffix': '', 'artistAlphaSort': '', 'artistNationality': '', 'artistBeginDate': '', 'artistEndDate': '', 'artistGender': '', 'artistWikidata_URL': '', 'artistULAN_URL': '', 'objectDate': '1860', 'objectBeginDate': 1860, 'objectEndDate': 1860, 'medium': 'Bronze or copper', 'dimensions': 'Diam. 1 1/8 in. (2.9 cm)', 'measurements_0_elementName': 'Other', 'measurements_0_elementDescription': 'Object diameter', 'measurements_0_elementMeasurements_Diameter': 2.9, 'creditLine': 'Gift of Mrs. Russell Sage, 1916', 'geographyType': 'Made in', 'city': '', 'state': '', 'county': '', 'country': 'Mexico', 'region': '', 'subregion': '', 'locale': '', 'locus': '', 'excavation': '', 'river': '', 'classification': '', 'rightsAndReproduction': '', 'linkResource': '', 'metadataDate': '2021-04-06T04:41:04.967Z', 'repository': 'Metropolitan Museum of Art, New York, NY', 'objectURL': 'https://www.metmuseum.org/art/collection/search/20', 'tags': None, 'objectWikidata_URL': '', 'isTimelineWork': False, 'GalleryNumber': ''}, {'objectID': 21, 'isHighlight': False, 'accessionNumber': '16.74.32', 'accessionYear': '1916', 'isPublicDomain': False, 'primaryImage': '', 'primaryImageSmall': '', 'additionalImages': [], 'constituents': None, 'department': 'The American Wing', 'objectName': 'Peso', 'title': 'Coin, 1/4 Peso', 'culture': 'Mexican', 'period': '', 'dynasty': '', 'reign': '', 'portfolio': '', 'artistRole': '', 'artistPrefix': '', 'artistDisplayName': '', 'artistDisplayBio': '', 'artistSuffix': '', 'artistAlphaSort': '', 'artistNationality': '', 'artistBeginDate': '', 'artistEndDate': '', 'artistGender': '', 'artistWikidata_URL': '', 'artistULAN_URL': '', 'objectDate': '1859', 'objectBeginDate': 1859, 'objectEndDate': 1859, 'medium': 'Bronze or copper', 'dimensions': 'Diam. 1 1/8 in. (2.9 cm)', 'measurements_0_elementName': 'Other', 'measurements_0_elementDescription': 'Object diameter', 'measurements_0_elementMeasurements_Diameter': 2.9, 'creditLine': 'Gift of Mrs. Russell Sage, 1916', 'geographyType': 'Made in', 'city': '', 'state': '', 'county': '', 'country': 'Mexico', 'region': '', 'subregion': '', 'locale': '', 'locus': '', 'excavation': '', 'river': '', 'classification': '', 'rightsAndReproduction': '', 'linkResource': '', 'metadataDate': '2021-04-06T04:41:04.967Z', 'repository': 'Metropolitan Museum of Art, New York, NY', 'objectURL': 'https://www.metmuseum.org/art/collection/search/21', 'tags': None, 'objectWikidata_URL': '', 'isTimelineWork': False, 'GalleryNumber': ''}, {'objectID': 22, 'isHighlight': False, 'accessionNumber': '16.74.43', 'accessionYear': '1916', 'isPublicDomain': False, 'primaryImage': '', 'primaryImageSmall': '', 'additionalImages': [], 'constituents': None, 'department': 'The American Wing', 'objectName': 'Coin', 'title': 'Coin, 1/4 Real', 'culture': 'Guatemalan', 'period': '', 'dynasty': '', 'reign': '', 'portfolio': '', 'artistRole': '', 'artistPrefix': '', 'artistDisplayName': '', 'artistDisplayBio': '', 'artistSuffix': '', 'artistAlphaSort': '', 'artistNationality': '', 'artistBeginDate': '', 'artistEndDate': '', 'artistGender': '', 'artistWikidata_URL': '', 'artistULAN_URL': '', 'objectDate': '1881', 'objectBeginDate': 1881, 'objectEndDate': 1881, 'medium': 'Silver', 'dimensions': 'Diam. 1/2 in. (1.3 cm)', 'measurements_0_elementName': 'Other', 'measurements_0_elementDescription': 'Object diameter', 'measurements_0_elementMeasurements_Diameter': 1.27, 'creditLine': 'Gift of Mrs. Russell Sage, 1916', 'geographyType': 'Made in', 'city': '', 'state': '', 'county': '', 'country': 'Guatemala', 'region': '', 'subregion': '', 'locale': '', 'locus': '', 'excavation': '', 'river': '', 'classification': '', 'rightsAndReproduction': '', 'linkResource': '', 'metadataDate': '2021-04-06T04:41:04.967Z', 'repository': 'Metropolitan Museum of Art, New York, NY', 'objectURL': 'https://www.metmuseum.org/art/collection/search/22', 'tags': None, 'objectWikidata_URL': '', 'isTimelineWork': False, 'GalleryNumber': ''}, {'objectID': 23, 'isHighlight': False, 'accessionNumber': '16.74.44', 'accessionYear': '1916', 'isPublicDomain': False, 'primaryImage': '', 'primaryImageSmall': '', 'additionalImages': [], 'constituents': None, 'department': 'The American Wing', 'objectName': 'Coin', 'title': 'Coin, 1/4 Real', 'culture': 'Guatemalan', 'period': '', 'dynasty': '', 'reign': '', 'portfolio': '', 'artistRole': '', 'artistPrefix': '', 'artistDisplayName': '', 'artistDisplayBio': '', 'artistSuffix': '', 'artistAlphaSort': '', 'artistNationality': '', 'artistBeginDate': '', 'artistEndDate': '', 'artistGender': '', 'artistWikidata_URL': '', 'artistULAN_URL': '', 'objectDate': '1878', 'objectBeginDate': 1878, 'objectEndDate': 1878, 'medium': 'Silver', 'dimensions': 'Diam. 1/2 in. (1.3 cm)', 'measurements_0_elementName': 'Other', 'measurements_0_elementDescription': 'Object diameter', 'measurements_0_elementMeasurements_Diameter': 1.27, 'creditLine': 'Gift of Mrs. Russell Sage, 1916', 'geographyType': 'Made in', 'city': '', 'state': '', 'county': '', 'country': 'Guatemala', 'region': '', 'subregion': '', 'locale': '', 'locus': '', 'excavation': '', 'river': '', 'classification': '', 'rightsAndReproduction': '', 'linkResource': '', 'metadataDate': '2021-04-06T04:41:04.967Z', 'repository': 'Metropolitan Museum of Art, New York, NY', 'objectURL': 'https://www.metmuseum.org/art/collection/search/23', 'tags': None, 'objectWikidata_URL': '', 'isTimelineWork': False, 'GalleryNumber': ''}, {'objectID': 24, 'isHighlight': False, 'accessionNumber': '16.74.33', 'accessionYear': '1916', 'isPublicDomain': False, 'primaryImage': '', 'primaryImageSmall': '', 'additionalImages': [], 'constituents': None, 'department': 'The American Wing', 'objectName': 'Centavos', 'title': 'Coin, 10 Centavos', 'culture': 'Mexican', 'period': '', 'dynasty': '', 'reign': '', 'portfolio': '', 'artistRole': '', 'artistPrefix': '', 'artistDisplayName': '', 'artistDisplayBio': '', 'artistSuffix': '', 'artistAlphaSort': '', 'artistNationality': '', 'artistBeginDate': '', 'artistEndDate': '', 'artistGender': '', 'artistWikidata_URL': '', 'artistULAN_URL': '', 'objectDate': '1860–70', 'objectBeginDate': 1860, 'objectEndDate': 1870, 'medium': 'Nickel', 'dimensions': 'Diam. 3/4 in. (1.9 cm)', 'measurements_0_elementName': 'Other', 'measurements_0_elementDescription': 'Object diameter', 'measurements_0_elementMeasurements_Diameter': 1.905, 'creditLine': 'Gift of Mrs. Russell Sage, 1916', 'geographyType': 'Made in', 'city': '', 'state': '', 'county': '', 'country': 'Mexico', 'region': '', 'subregion': '', 'locale': '', 'locus': '', 'excavation': '', 'river': '', 'classification': '', 'rightsAndReproduction': '', 'linkResource': '', 'metadataDate': '2021-04-06T04:41:04.967Z', 'repository': 'Metropolitan Museum of Art, New York, NY', 'objectURL': 'https://www.metmuseum.org/art/collection/search/24', 'tags': None, 'objectWikidata_URL': '', 'isTimelineWork': False, 'GalleryNumber': ''}, {'objectID': 25, 'isHighlight': False, 'accessionNumber': '16.74.34', 'accessionYear': '1916', 'isPublicDomain': False, 'primaryImage': '', 'primaryImageSmall': '', 'additionalImages': [], 'constituents': None, 'department': 'The American Wing', 'objectName': 'Centavos', 'title': 'Coin, 10 Centavos', 'culture': 'Mexican', 'period': '', 'dynasty': '', 'reign': '', 'portfolio': '', 'artistRole': '', 'artistPrefix': '', 'artistDisplayName': '', 'artistDisplayBio': '', 'artistSuffix': '', 'artistAlphaSort': '', 'artistNationality': '', 'artistBeginDate': '', 'artistEndDate': '', 'artistGender': '', 'artistWikidata_URL': '', 'artistULAN_URL': '', 'objectDate': '1860–70', 'objectBeginDate': 1860, 'objectEndDate': 1870, 'medium': 'Nickel', 'dimensions': 'Diam. 3/4 in. (1.9 cm)', 'measurements_0_elementName': 'Other', 'measurements_0_elementDescription': 'Object diameter', 'measurements_0_elementMeasurements_Diameter': 1.905, 'creditLine': 'Gift of Mrs. Russell Sage, 1916', 'geographyType': 'Made in', 'city': '', 'state': '', 'county': '', 'country': 'Mexico', 'region': '', 'subregion': '', 'locale': '', 'locus': '', 'excavation': '', 'river': '', 'classification': '', 'rightsAndReproduction': '', 'linkResource': '', 'metadataDate': '2021-04-06T04:41:04.967Z', 'repository': 'Metropolitan Museum of Art, New York, NY', 'objectURL': 'https://www.metmuseum.org/art/collection/search/25', 'tags': None, 'objectWikidata_URL': '', 'isTimelineWork': False, 'GalleryNumber': ''}, {'objectID': 26, 'isHighlight': False, 'accessionNumber': '16.74.35', 'accessionYear': '1916', 'isPublicDomain': False, 'primaryImage': '', 'primaryImageSmall': '', 'additionalImages': [], 'constituents': None, 'department': 'The American Wing', 'objectName': 'Centavos', 'title': 'Coin, 10 Centavos', 'culture': 'Mexican', 'period': '', 'dynasty': '', 'reign': '', 'portfolio': '', 'artistRole': '', 'artistPrefix': '', 'artistDisplayName': '', 'artistDisplayBio': '', 'artistSuffix': '', 'artistAlphaSort': '', 'artistNationality': '', 'artistBeginDate': '', 'artistEndDate': '', 'artistGender': '', 'artistWikidata_URL': '', 'artistULAN_URL': '', 'objectDate': '1860–70', 'objectBeginDate': 1860, 'objectEndDate': 1870, 'medium': 'Nickel', 'dimensions': 'Diam. 3/4 in. (1.9 cm)', 'measurements_0_elementName': 'Other', 'measurements_0_elementDescription': 'Object diameter', 'measurements_0_elementMeasurements_Diameter': 1.905, 'creditLine': 'Gift of Mrs. Russell Sage, 1916', 'geographyType': 'Made in', 'city': '', 'state': '', 'county': '', 'country': 'Mexico', 'region': '', 'subregion': '', 'locale': '', 'locus': '', 'excavation': '', 'river': '', 'classification': '', 'rightsAndReproduction': '', 'linkResource': '', 'metadataDate': '2021-04-06T04:41:04.967Z', 'repository': 'Metropolitan Museum of Art, New York, NY', 'objectURL': 'https://www.metmuseum.org/art/collection/search/26', 'tags': None, 'objectWikidata_URL': '', 'isTimelineWork': False, 'GalleryNumber': ''}, {'objectID': 27, 'isHighlight': False, 'accessionNumber': '16.74.36', 'accessionYear': '1916', 'isPublicDomain': False, 'primaryImage': '', 'primaryImageSmall': '', 'additionalImages': [], 'constituents': None, 'department': 'The American Wing', 'objectName': 'Centavos', 'title': 'Coin, 10 Centavos', 'culture': 'Mexican', 'period': '', 'dynasty': '', 'reign': '', 'portfolio': '', 'artistRole': '', 'artistPrefix': '', 'artistDisplayName': '', 'artistDisplayBio': '', 'artistSuffix': '', 'artistAlphaSort': '', 'artistNationality': '', 'artistBeginDate': '', 'artistEndDate': '', 'artistGender': '', 'artistWikidata_URL': '', 'artistULAN_URL': '', 'objectDate': '1860–70', 'objectBeginDate': 1860, 'objectEndDate': 1870, 'medium': 'Nickel', 'dimensions': 'Diam. 3/4 in. (1.9 cm)', 'measurements_0_elementName': 'Other', 'measurements_0_elementDescription': 'Object diameter', 'measurements_0_elementMeasurements_Diameter': 1.905, 'creditLine': 'Gift of Mrs. Russell Sage, 1916', 'geographyType': 'Made in', 'city': '', 'state': '', 'county': '', 'country': 'Mexico', 'region': '', 'subregion': '', 'locale': '', 'locus': '', 'excavation': '', 'river': '', 'classification': '', 'rightsAndReproduction': '', 'linkResource': '', 'metadataDate': '2021-04-06T04:41:04.967Z', 'repository': 'Metropolitan Museum of Art, New York, NY', 'objectURL': 'https://www.metmuseum.org/art/collection/search/27', 'tags': None, 'objectWikidata_URL': '', 'isTimelineWork': False, 'GalleryNumber': ''}, {'objectID': 28, 'isHighlight': False, 'accessionNumber': '16.74.38', 'accessionYear': '1916', 'isPublicDomain': False, 'primaryImage': '', 'primaryImageSmall': '', 'additionalImages': [], 'constituents': None, 'department': 'The American Wing', 'objectName': 'Centavos', 'title': 'Coin, 10 Centavos', 'culture': 'Mexican', 'period': '', 'dynasty': '', 'reign': '', 'portfolio': '', 'artistRole': '', 'artistPrefix': '', 'artistDisplayName': '', 'artistDisplayBio': '', 'artistSuffix': '', 'artistAlphaSort': '', 'artistNationality': '', 'artistBeginDate': '', 'artistEndDate': '', 'artistGender': '', 'artistWikidata_URL': '', 'artistULAN_URL': '', 'objectDate': '1860–70', 'objectBeginDate': 1860, 'objectEndDate': 1870, 'medium': 'Nickel', 'dimensions': 'Diam. 3/4 in. (1.9 cm)', 'measurements_0_elementName': 'Other', 'measurements_0_elementDescription': 'Object diameter', 'measurements_0_elementMeasurements_Diameter': 1.905, 'creditLine': 'Gift of Mrs. Russell Sage, 1916', 'geographyType': 'Made in', 'city': '', 'state': '', 'county': '', 'country': 'Mexico', 'region': '', 'subregion': '', 'locale': '', 'locus': '', 'excavation': '', 'river': '', 'classification': '', 'rightsAndReproduction': '', 'linkResource': '', 'metadataDate': '2021-04-06T04:41:04.967Z', 'repository': 'Metropolitan Museum of Art, New York, NY', 'objectURL': 'https://www.metmuseum.org/art/collection/search/28', 'tags': None, 'objectWikidata_URL': '', 'isTimelineWork': False, 'GalleryNumber': ''}, {'objectID': 29, 'isHighlight': False, 'accessionNumber': '16.74.39', 'accessionYear': '1916', 'isPublicDomain': False, 'primaryImage': '', 'primaryImageSmall': '', 'additionalImages': [], 'constituents': None, 'department': 'The American Wing', 'objectName': 'Centavos', 'title': 'Coin, 10 Centavos', 'culture': 'Mexican', 'period': '', 'dynasty': '', 'reign': '', 'portfolio': '', 'artistRole': '', 'artistPrefix': '', 'artistDisplayName': '', 'artistDisplayBio': '', 'artistSuffix': '', 'artistAlphaSort': '', 'artistNationality': '', 'artistBeginDate': '', 'artistEndDate': '', 'artistGender': '', 'artistWikidata_URL': '', 'artistULAN_URL': '', 'objectDate': '1860–70', 'objectBeginDate': 1860, 'objectEndDate': 1870, 'medium': 'Nickel', 'dimensions': 'Diam. 3/4 in. (1.9 cm)', 'measurements_0_elementName': 'Other', 'measurements_0_elementDescription': 'Object diameter', 'measurements_0_elementMeasurements_Diameter': 1.905, 'creditLine': 'Gift of Mrs. Russell Sage, 1916', 'geographyType': 'Made in', 'city': '', 'state': '', 'county': '', 'country': 'Mexico', 'region': '', 'subregion': '', 'locale': '', 'locus': '', 'excavation': '', 'river': '', 'classification': '', 'rightsAndReproduction': '', 'linkResource': '', 'metadataDate': '2021-04-06T04:41:04.967Z', 'repository': 'Metropolitan Museum of Art, New York, NY', 'objectURL': 'https://www.metmuseum.org/art/collection/search/29', 'tags': None, 'objectWikidata_URL': '', 'isTimelineWork': False, 'GalleryNumber': ''}, {'objectID': 30, 'isHighlight': False, 'accessionNumber': '16.74.37', 'accessionYear': '1916', 'isPublicDomain': False, 'primaryImage': '', 'primaryImageSmall': '', 'additionalImages': [], 'constituents': None, 'department': 'The American Wing', 'objectName': 'Centavos', 'title': 'Coin, 10 Centavos', 'culture': 'Mexican', 'period': '', 'dynasty': '', 'reign': '', 'portfolio': '', 'artistRole': '', 'artistPrefix': '', 'artistDisplayName': '', 'artistDisplayBio': '', 'artistSuffix': '', 'artistAlphaSort': '', 'artistNationality': '', 'artistBeginDate': '', 'artistEndDate': '', 'artistGender': '', 'artistWikidata_URL': '', 'artistULAN_URL': '', 'objectDate': '1885', 'objectBeginDate': 1885, 'objectEndDate': 1885, 'medium': 'Nickel', 'dimensions': 'Diam. 3/4 in. (1.9 cm)', 'measurements_0_elementName': 'Other', 'measurements_0_elementDescription': 'Object diameter', 'measurements_0_elementMeasurements_Diameter': 1.905, 'creditLine': 'Gift of Mrs. Russell Sage, 1916', 'geographyType': 'Made in', 'city': '', 'state': '', 'county': '', 'country': 'Mexico', 'region': '', 'subregion': '', 'locale': '', 'locus': '', 'excavation': '', 'river': '', 'classification': '', 'rightsAndReproduction': '', 'linkResource': '', 'metadataDate': '2021-04-06T04:41:04.967Z', 'repository': 'Metropolitan Museum of Art, New York, NY', 'objectURL': 'https://www.metmuseum.org/art/collection/search/30', 'tags': None, 'objectWikidata_URL': '', 'isTimelineWork': False, 'GalleryNumber': ''}, {'objectID': 31, 'isHighlight': False, 'accessionNumber': '16.74.40', 'accessionYear': '1916', 'isPublicDomain': False, 'primaryImage': '', 'primaryImageSmall': '', 'additionalImages': [], 'constituents': None, 'department': 'The American Wing', 'objectName': 'Centavos', 'title': 'Coin, 10 Centavos', 'culture': 'Mexican', 'period': '', 'dynasty': '', 'reign': '', 'portfolio': '', 'artistRole': '', 'artistPrefix': '', 'artistDisplayName': '', 'artistDisplayBio': '', 'artistSuffix': '', 'artistAlphaSort': '', 'artistNationality': '', 'artistBeginDate': '', 'artistEndDate': '', 'artistGender': '', 'artistWikidata_URL': '', 'artistULAN_URL': '', 'objectDate': '1885', 'objectBeginDate': 1885, 'objectEndDate': 1885, 'medium': 'Nickel', 'dimensions': 'Diam. 3/4 in. (1.9 cm)', 'measurements_0_elementName': 'Other', 'measurements_0_elementDescription': 'Object diameter', 'measurements_0_elementMeasurements_Diameter': 1.905, 'creditLine': 'Gift of Mrs. Russell Sage, 1916', 'geographyType': 'Made in', 'city': '', 'state': '', 'county': '', 'country': 'Mexico', 'region': '', 'subregion': '', 'locale': '', 'locus': '', 'excavation': '', 'river': '', 'classification': '', 'rightsAndReproduction': '', 'linkResource': '', 'metadataDate': '2021-04-06T04:41:04.967Z', 'repository': 'Metropolitan Museum of Art, New York, NY', 'objectURL': 'https://www.metmuseum.org/art/collection/search/31', 'tags': None, 'objectWikidata_URL': '', 'isTimelineWork': False, 'GalleryNumber': ''}, {'objectID': 32, 'isHighlight': False, 'accessionNumber': '09.9.15', 'accessionYear': '1909', 'isPublicDomain': False, 'primaryImage': '', 'primaryImageSmall': '', 'additionalImages': [], 'constituents': None, 'department': 'The American Wing', 'objectName': 'Pesos', 'title': 'Coin, 20 Pesos', 'culture': 'Mexican', 'period': '', 'dynasty': '', 'reign': '', 'portfolio': '', 'artistRole': '', 'artistPrefix': '', 'artistDisplayName': '', 'artistDisplayBio': '', 'artistSuffix': '', 'artistAlphaSort': '', 'artistNationality': '', 'artistBeginDate': '', 'artistEndDate': '', 'artistGender': '', 'artistWikidata_URL': '', 'artistULAN_URL': '', 'objectDate': '1866', 'objectBeginDate': 1866, 'objectEndDate': 1866, 'medium': 'Gold', 'dimensions': 'Diam. 2 1/8 in. (5.4 cm)', 'measurements_0_elementName': 'Other', 'measurements_0_elementDescription': 'Object diameter', 'measurements_0_elementMeasurements_Diameter': 5.3975, 'creditLine': 'Gift of H. R. Ickelheimer, 1909', 'geographyType': 'Made in', 'city': '', 'state': '', 'county': '', 'country': 'Mexico', 'region': '', 'subregion': '', 'locale': '', 'locus': '', 'excavation': '', 'river': '', 'classification': '', 'rightsAndReproduction': '', 'linkResource': '', 'metadataDate': '2021-04-06T04:41:04.967Z', 'repository': 'Metropolitan Museum of Art, New York, NY', 'objectURL': 'https://www.metmuseum.org/art/collection/search/32', 'tags': None, 'objectWikidata_URL': '', 'isTimelineWork': False, 'GalleryNumber': ''}, {'objectID': 33, 'isHighlight': False, 'accessionNumber': '64.62', 'accessionYear': '1964', 'isPublicDomain': False, 'primaryImage': '', 'primaryImageSmall': '', 'additionalImages': [], 'constituents_0_constituentID': 164590, 'constituents_0_role': 'Maker', 'constituents_0_name': 'James Gillinder and Sons', 'constituents_0_constituentULAN_URL': 'http://vocab.getty.edu/page/ulan/500524407', 'constituents_0_constituentWikidata_URL': 'https://www.wikidata.org/wiki/Q99264077', 'constituents_0_gender': '', 'department': 'The American Wing', 'objectName': 'Bust', 'title': 'Bust of Abraham Lincoln', 'culture': 'American', 'period': '', 'dynasty': '', 'reign': '', 'portfolio': '', 'artistRole': 'Maker', 'artistPrefix': '', 'artistDisplayName': 'James Gillinder and Sons', 'artistDisplayBio': 'American, 1861–ca. 1930', 'artistSuffix': '', 'artistAlphaSort': 'Gillinder and Sons, James', 'artistNationality': 'American', 'artistBeginDate': '1861', 'artistEndDate': '1930', 'artistGender': '', 'artistWikidata_URL': 'https://www.wikidata.org/wiki/Q99264077', 'artistULAN_URL': 'http://vocab.getty.edu/page/ulan/500524407', 'objectDate': '1876', 'objectBeginDate': 1876, 'objectEndDate': 1876, 'medium': 'Pressed glass', 'dimensions': '2 3/4 x 3 1/2 x 2 3/4 in. (7 x 8.9 x 7 cm)', 'measurements_0_elementName': 'Overall', 'measurements_0_elementDescription': None, 'measurements_0_elementMeasurements_Depth': 7, 'measurements_0_elementMeasurements_Height': 7, 'measurements_0_elementMeasurements_Width': 8.9, 'creditLine': 'Gift of Teunis G. B. Cortelyou, 1964', 'geographyType': 'Made in', 'city': 'Philadelphia', 'state': 'Pennsylvania', 'county': '', 'country': 'United States', 'region': 'Mid-Atlantic', 'subregion': '', 'locale': '', 'locus': '', 'excavation': '', 'river': '', 'classification': '', 'rightsAndReproduction': '', 'linkResource': '', 'metadataDate': '2022-02-09T04:42:08.947Z', 'repository': 'Metropolitan Museum of Art, New York, NY', 'objectURL': 'https://www.metmuseum.org/art/collection/search/33', 'tags_0_term': 'Abraham Lincoln', 'tags_0_AAT_URL': 'http://vocab.getty.edu/page/ulan/500344436', 'tags_0_Wikidata_URL': 'https://www.wikidata.org/wiki/Q91', 'tags_1_term': 'Portraits', 'tags_1_AAT_URL': 'http://vocab.getty.edu/page/aat/300015637', 'tags_1_Wikidata_URL': 'https://www.wikidata.org/wiki/Q134307', 'tags_2_term': 'Men', 'tags_2_AAT_URL': 'http://vocab.getty.edu/page/aat/300025928', 'tags_2_Wikidata_URL': 'https://www.wikidata.org/wiki/Q8441', 'objectWikidata_URL': '', 'isTimelineWork': False, 'GalleryNumber': '774'}, {'objectID': 34, 'isHighlight': False, 'accessionNumber': '1970.289.6', 'accessionYear': '1970', 'isPublicDomain': True, 'primaryImage': 'https://images.metmuseum.org/CRDImages/ad/original/204788.jpg', 'primaryImageSmall': 'https://images.metmuseum.org/CRDImages/ad/web-large/204788.jpg', 'additionalImages': [], 'constituents_0_constituentID': 1082, 'constituents_0_role': 'Maker', 'constituents_0_name': 'Forestville Manufacturing Company', 'constituents_0_constituentULAN_URL': '', 'constituents_0_constituentWikidata_URL': '', 'constituents_0_gender': '', 'department': 'The American Wing', 'objectName': 'Clock', 'title': 'Acorn Clock', 'culture': 'American', 'period': '', 'dynasty': '', 'reign': '', 'portfolio': '', 'artistRole': 'Maker', 'artistPrefix': '', 'artistDisplayName': 'Forestville Manufacturing Company', 'artistDisplayBio': '1835–1853', 'artistSuffix': '', 'artistAlphaSort': 'Forestville Manufacturing Company', 'artistNationality': '', 'artistBeginDate': '1835', 'artistEndDate': '1853', 'artistGender': '', 'artistWikidata_URL': '', 'artistULAN_URL': '', 'objectDate': '1847–50', 'objectBeginDate': 1847, 'objectEndDate': 1850, 'medium': 'Mahogany, laminated', 'dimensions': '24 3/8 x 14 5/8 x 5 1/8 in. (61.9 x 37.1 x 13 cm)', 'measurements_0_elementName': 'Overall', 'measurements_0_elementDescription': None, 'measurements_0_elementMeasurements_Depth': 13.0175, 'measurements_0_elementMeasurements_Height': 61.9, 'measurements_0_elementMeasurements_Width': 37.1, 'creditLine': 'Gift of Mrs. Paul Moore, 1970', 'geographyType': 'Made in', 'city': 'Bristol', 'state': 'Connecticut', 'county': '', 'country': 'United States', 'region': 'New England', 'subregion': '', 'locale': '', 'locus': '', 'excavation': '', 'river': '', 'classification': '', 'rightsAndReproduction': '', 'linkResource': '', 'metadataDate': '2021-06-30T04:39:57.037Z', 'repository': 'Metropolitan Museum of Art, New York, NY', 'objectURL': 'https://www.metmuseum.org/art/collection/search/34', 'tags_0_term': 'Boats', 'tags_0_AAT_URL': 'http://vocab.getty.edu/page/aat/300178749', 'tags_0_Wikidata_URL': 'https://www.wikidata.org/wiki/Q35872', 'tags_1_term': 'Landscapes', 'tags_1_AAT_URL': 'http://vocab.getty.edu/page/aat/300132294', 'tags_1_Wikidata_URL': 'https://www.wikidata.org/wiki/Q191163', 'objectWikidata_URL': '', 'isTimelineWork': False, 'GalleryNumber': '774'}, {'objectID': 35, 'isHighlight': True, 'accessionNumber': '04.1a–c', 'accessionYear': '1904', 'isPublicDomain': False, 'primaryImage': '', 'primaryImageSmall': '', 'additionalImages': [], 'constituents_0_constituentID': 1083, 'constituents_0_role': 'Designer', 'constituents_0_name': 'Designed by Paulding Farnham', 'constituents_0_constituentULAN_URL': 'http://vocab.getty.edu/page/ulan/500336597', 'constituents_0_constituentWikidata_URL': 'https://www.wikidata.org/wiki/Q13476260', 'constituents_0_gender': '', 'constituents_1_constituentID': 162539, 'constituents_1_role': 'Manufacturer', 'constituents_1_name': 'Manufactured by Tiffany &amp; Co.', 'constituents_1_constituentULAN_URL': 'http://vocab.getty.edu/page/ulan/500330306', 'constituents_1_constituentWikidata_URL': 'https://www.wikidata.org/wiki/Q1066858', 'constituents_1_gender': '', 'department': 'The American Wing', 'objectName': 'Vase', 'title': 'The Adams Vase', 'culture': 'American', 'period': '', 'dynasty': '', 'reign': '', 'portfolio': '', 'artistRole': 'Designer', 'artistPrefix': 'Designed by', 'artistDisplayName': 'Paulding Farnham', 'artistDisplayBio': '1859–1927', 'artistSuffix': '', 'artistAlphaSort': 'Farnham, Paulding', 'artistNationality': '', 'artistBeginDate': '1859', 'artistEndDate': '1927', 'artistGender': '', 'artistWikidata_URL': 'https://www.wikidata.org/wiki/Q13476260', 'artistULAN_URL': 'http://vocab.getty.edu/page/ulan/500336597', 'objectDate': '1893–95', 'objectBeginDate': 1893, 'objectEndDate': 1895, 'medium': 'Gold, amethysts, spessartites, tourmalines, fresh water pearls, quartzes, rock crystal, and enamel', 'dimensions': 'Overall: 19 7/16 x 13 x 9 1/4 in. (49.4 x 33 x 23.5 cm); 352 oz. 18 dwt. (10977 g)\r\nBody: H. 18 7/8 in. (47.9 cm)\r\nCover: 4 1/4 x 4 13/16 in. (10.8 x 12.2 cm); 19 oz. 6 dwt. (600.1 g)', 'measurements_0_elementName': 'Overall', 'measurements_0_elementDescription': None, 'measurements_0_elementMeasurements_Depth': 23.495, 'measurements_0_elementMeasurements_Height': 49.3713, 'measurements_0_elementMeasurements_Weight': 10.977, 'measurements_0_elementMeasurements_Width': 33, 'measurements_1_elementName': 'Other', 'measurements_1_elementDescription': 'Cover', 'measurements_1_elementMeasurements_Diameter': 12.2238, 'measurements_1_elementMeasurements_Height': 10.795, 'measurements_1_elementMeasurements_Weight': 0.6001, 'measurements_2_elementName': 'Other', 'measurements_2_elementDescription': 'Body', 'measurements_2_elementMeasurements_Height': 47.9426, 'creditLine': 'Gift of Edward D. Adams, 1904', 'geographyType': 'Made in', 'city': 'New York', 'state': 'New York', 'county': '', 'country': 'United States', 'region': 'Mid-Atlantic', 'subregion': '', 'locale': '', 'locus': '', 'excavation': '', 'river': '', 'classification': '', 'rightsAndReproduction': '', 'linkResource': '', 'metadataDate': '2021-04-06T04:41:04.967Z', 'repository': 'Metropolitan Museum of Art, New York, NY', 'objectURL': 'https://www.metmuseum.org/art/collection/search/35', 'tags_0_term': 'Birds', 'tags_0_AAT_URL': 'http://vocab.getty.edu/page/aat/300266506', 'tags_0_Wikidata_URL': 'https://www.wikidata.org/wiki/Q5113', 'tags_1_term': 'Men', 'tags_1_AAT_URL': 'http://vocab.getty.edu/page/aat/300025928', 'tags_1_Wikidata_URL': 'https://www.wikidata.org/wiki/Q8441', 'tags_2_term': 'Animals', 'tags_2_AAT_URL': 'http://vocab.getty.edu/page/aat/300249525', 'tags_2_Wikidata_URL': 'https://www.wikidata.org/wiki/Q729', 'tags_3_term': 'Garlands', 'tags_3_AAT_URL': 'http://vocab.getty.edu/page/aat/300167386', 'tags_3_Wikidata_URL': 'https://www.wikidata.org/wiki/Q756600', 'objectWikidata_URL': 'https://www.wikidata.org/wiki/Q83545838', 'isTimelineWork': True, 'GalleryNumber': '706'}, {'objectID': 36, 'isHighlight': False, 'accessionNumber': '1976.319', 'accessionYear': '1976', 'isPublicDomain': False, 'primaryImage': '', 'primaryImageSmall': '', 'additionalImages': [], 'constituents_0_constituentID': 1085, 'constituents_0_role': 'Maker', 'constituents_0_name': 'Conrad Henninger', 'constituents_0_constituentULAN_URL': '', 'constituents_0_constituentWikidata_URL': '', 'constituents_0_gender': '', 'department': 'The American Wing', 'objectName': 'Side Chair', 'title': 'Side Chair', 'culture': 'American', 'period': '', 'dynasty': '', 'reign': '', 'portfolio': '', 'artistRole': 'Maker', 'artistPrefix': '', 'artistDisplayName': 'Conrad Henninger', 'artistDisplayBio': 'active ca. 1888–1932', 'artistSuffix': '', 'artistAlphaSort': 'Henninger, Conrad', 'artistNationality': '', 'artistBeginDate': '1885', 'artistEndDate': '1932', 'artistGender': '', 'artistWikidata_URL': '', 'artistULAN_URL': '', 'objectDate': 'ca. 1887', 'objectBeginDate': 1884, 'objectEndDate': 1887, 'medium': 'Oak, tulip poplar', 'dimensions': '40 x 25 1/2 x 34 1/2 in. (101.6 x 64.8 x 87.6 cm)', 'measurements_0_elementName': 'Overall', 'measurements_0_elementDescription': None, 'measurements_0_elementMeasurements_Depth': 87.6302, 'measurements_0_elementMeasurements_Height': 101.6, 'measurements_0_elementMeasurements_Width': 64.8, 'creditLine': 'Gift of Charlotte Pickman-Gertz, 1976', 'geographyType': 'Made in', 'city': 'Lebanon', 'state': 'Pennsylvania', 'county': '', 'country': 'United States', 'region': 'Mid-Atlantic', 'subregion': '', 'locale': '', 'locus': '', 'excavation': '', 'river': '', 'classification': '', 'rightsAndReproduction': '', 'linkResource': '', 'metadataDate': '2021-04-06T04:41:04.967Z', 'repository': 'Metropolitan Museum of Art, New York, NY', 'objectURL': 'https://www.metmuseum.org/art/collection/search/36', 'tags': None, 'objectWikidata_URL': '', 'isTimelineWork': False, 'GalleryNumber': '774'}, {'objectID': 37, 'isHighlight': False, 'accessionNumber': '38.165.51', 'accessionYear': '1938', 'isPublicDomain': True, 'primaryImage': 'https://images.metmuseum.org/CRDImages/ad/original/DP247752.jpg', 'primaryImageSmall': 'https://images.metmuseum.org/CRDImages/ad/web-large/DP247752.jpg', 'additionalImages_0': 'https://images.metmuseum.org/CRDImages/ad/original/DP247756.jpg', 'additionalImages_1': 'https://images.metmuseum.org/CRDImages/ad/original/117430.jpg', 'constituents_0_constituentID': 164285, 'constituents_0_role': 'Maker', 'constituents_0_name': 'Pierre Stephan', 'constituents_0_constituentULAN_URL': 'http://vocab.getty.edu/page/ulan/500100483', 'constituents_0_constituentWikidata_URL': '', 'constituents_0_gender': '', 'department': 'The American Wing', 'objectName': 'Figure', 'title': 'Figure of Admiral George Rodney', 'culture': 'British (American market)', 'period': '', 'dynasty': '', 'reign': '', 'portfolio': '', 'artistRole': 'Maker', 'artistPrefix': '', 'artistDisplayName': 'Pierre Stephan', 'artistDisplayBio': 'French, active ca. 1770–95', 'artistSuffix': '', 'artistAlphaSort': 'Stephan, Pierre', 'artistNationality': 'French', 'artistBeginDate': '1765', 'artistEndDate': '1795', 'artistGender': '', 'artistWikidata_URL': '', 'artistULAN_URL': 'http://vocab.getty.edu/page/ulan/500100483', 'objectDate': 'ca. 1785', 'objectBeginDate': 1782, 'objectEndDate': 1785, 'medium': 'Earthenware, basalt', 'dimensions': 'H. 12 in. (30.5 cm)', 'measurements_0_elementName': 'Overall', 'measurements_0_elementDescription': None, 'measurements_0_elementMeasurements_Height': 30.5, 'creditLine': 'Harris Brisbane Dick Fund, 1938', 'geographyType': 'Made in', 'city': '', 'state': '', 'county': 'Staffordshire', 'country': 'England', 'region': 'West Midlands', 'subregion': '', 'locale': '', 'locus': '', 'excavation': '', 'river': '', 'classification': '', 'rightsAndReproduction': '', 'linkResource': '', 'metadataDate': '2021-04-06T04:41:04.967Z', 'repository': 'Metropolitan Museum of Art, New York, NY', 'objectURL': 'https://www.metmuseum.org/art/collection/search/37', 'tags_0_term': 'Cannons', 'tags_0_AAT_URL': 'http://vocab.getty.edu/page/aat/300036936', 'tags_0_Wikidata_URL': 'https://www.wikidata.org/wiki/Q81103', 'tags_1_term': 'Swords', 'tags_1_AAT_URL': 'http://vocab.getty.edu/page/aat/300037048', 'tags_1_Wikidata_URL': 'https://www.wikidata.org/wiki/Q12791', 'tags_2_term': 'Men', 'tags_2_AAT_URL': 'http://vocab.getty.edu/page/aat/300025928', 'tags_2_Wikidata_URL': 'https://www.wikidata.org/wiki/Q8441', 'objectWikidata_URL': '', 'isTimelineWork': False, 'GalleryNumber': '774'}, {'objectID': 38, 'isHighlight': False, 'accessionNumber': '38.165.50', 'accessionYear': '1938', 'isPublicDomain': True, 'primaryImage': 'https://images.metmuseum.org/CRDImages/ad/original/DP247753.jpg', 'primaryImageSmall': 'https://images.metmuseum.org/CRDImages/ad/web-large/DP247753.jpg', 'additionalImages_0': 'https://images.metmuseum.org/CRDImages/ad/original/DP247755.jpg', 'constituents_0_constituentID': 164285, 'constituents_0_role': 'Maker', 'constituents_0_name': 'Pierre Stephan', 'constituents_0_constituentULAN_URL': 'http://vocab.getty.edu/page/ulan/500100483', 'constituents_0_constituentWikidata_URL': '', 'constituents_0_gender': '', 'department': 'The American Wing', 'objectName': 'Figure', 'title': 'Figure of Admiral Samuel Hood', 'culture': 'British (American market)', 'period': '', 'dynasty': '', 'reign': '', 'portfolio': '', 'artistRole': 'Maker', 'artistPrefix': '', 'artistDisplayName': 'Pierre Stephan', 'artistDisplayBio': 'French, active ca. 1770–95', 'artistSuffix': '', 'artistAlphaSort': 'Stephan, Pierre', 'artistNationality': 'French', 'artistBeginDate': '1765', 'artistEndDate': '1795', 'artistGender': '', 'artistWikidata_URL': '', 'artistULAN_URL': 'http://vocab.getty.edu/page/ulan/500100483', 'objectDate': 'ca. 1785', 'objectBeginDate': 1782, 'objectEndDate': 1785, 'medium': 'Earthenware, basalt', 'dimensions': 'H. 12 3/8 in. (31.4 cm)', 'measurements_0_elementName': 'Overall', 'measurements_0_elementDescription': None, 'measurements_0_elementMeasurements_Height': 31.4, 'creditLine': 'Harris Brisbane Dick Fund, 1938', 'geographyType': 'Made in', 'city': '', 'state': '', 'county': 'Staffordshire', 'country': 'England', 'region': 'West Midlands', 'subregion': '', 'locale': '', 'locus': '', 'excavation': '', 'river': '', 'classification': '', 'rightsAndReproduction': '', 'linkResource': '', 'metadataDate': '2021-04-06T04:41:04.967Z', 'repository': 'Metropolitan Museum of Art, New York, NY', 'objectURL': 'https://www.metmuseum.org/art/collection/search/38', 'tags_0_term': 'Cannons', 'tags_0_AAT_URL': 'http://vocab.getty.edu/page/aat/300036936', 'tags_0_Wikidata_URL': 'https://www.wikidata.org/wiki/Q81103', 'tags_1_term': 'Swords', 'tags_1_AAT_URL': 'http://vocab.getty.edu/page/aat/300037048', 'tags_1_Wikidata_URL': 'https://www.wikidata.org/wiki/Q12791', 'tags_2_term': 'Men', 'tags_2_AAT_URL': 'http://vocab.getty.edu/page/aat/300025928', 'tags_2_Wikidata_URL': 'https://www.wikidata.org/wiki/Q8441', 'tags_3_term': 'Admirals', 'tags_3_AAT_URL': 'http://vocab.getty.edu/page/aat/300236014', 'tags_3_Wikidata_URL': 'https://www.wikidata.org/wiki/Q132851', 'objectWikidata_URL': '', 'isTimelineWork': False, 'GalleryNumber': '774'}, {'objectID': 39, 'isHighlight': False, 'accessionNumber': '18.11.10', 'accessionYear': '1918', 'isPublicDomain': True, 'primaryImage': 'https://images.metmuseum.org/CRDImages/ad/original/37808.jpg', 'primaryImageSmall': 'https://images.metmuseum.org/CRDImages/ad/web-large/37808.jpg', 'additionalImages': [], 'constituents': None, 'department': 'The American Wing', 'objectName': 'Advertisement', 'title': 'Advertisement for Norwich Stone Ware Factory', 'culture': 'American', 'period': '', 'dynasty': '', 'reign': '', 'portfolio': '', 'artistRole': '', 'artistPrefix': '', 'artistDisplayName': '', 'artistDisplayBio': '', 'artistSuffix': '', 'artistAlphaSort': '', 'artistNationality': '', 'artistBeginDate': '', 'artistEndDate': '', 'artistGender': '', 'artistWikidata_URL': '', 'artistULAN_URL': '', 'objectDate': '1770–1800', 'objectBeginDate': 1770, 'objectEndDate': 1800, 'medium': 'Paper', 'dimensions': '11 x 9 in. (27.9 x 22.9 cm)', 'measurements_0_elementName': 'Overall', 'measurements_0_elementDescription': None, 'measurements_0_elementMeasurements_Height': 27.9, 'measurements_0_elementMeasurements_Width': 22.86, 'creditLine': 'Rogers Fund, 1918', 'geographyType': 'Made in', 'city': 'Norwich', 'state': 'Connecticut', 'county': '', 'country': 'United States', 'region': 'New England', 'subregion': '', 'locale': '', 'locus': '', 'excavation': '', 'river': '', 'classification': '', 'rightsAndReproduction': '', 'linkResource': '', 'metadataDate': '2021-04-06T04:41:04.967Z', 'repository': 'Metropolitan Museum of Art, New York, NY', 'objectURL': 'https://www.metmuseum.org/art/collection/search/39', 'tags_0_term': 'Advertisements', 'tags_0_AAT_URL': 'http://vocab.getty.edu/page/aat/300193993', 'tags_0_Wikidata_URL': 'https://www.wikidata.org/wiki/Q39911916', 'objectWikidata_URL': '', 'isTimelineWork': False, 'GalleryNumber': ''}, {'objectID': 40, 'isHighlight': False, 'accessionNumber': '46.140.143', 'accessionYear': '1946', 'isPublicDomain': True, 'primaryImage': 'https://images.metmuseum.org/CRDImages/ad/original/174118.jpg', 'primaryImageSmall': 'https://images.metmuseum.org/CRDImages/ad/web-large/174118.jpg', 'additionalImages': [], 'constituents_0_constituentID': 1087, 'constituents_0_role': 'Maker', 'constituents_0_name': 'New England Glass Company', 'constituents_0_constituentULAN_URL': 'http://vocab.getty.edu/page/ulan/500356007', 'constituents_0_constituentWikidata_URL': 'https://www.wikidata.org/wiki/Q17083157', 'constituents_0_gender': '', 'department': 'The American Wing', 'objectName': 'Ale glass', 'title': 'Ale Glass', 'culture': 'American', 'period': '', 'dynasty': '', 'reign': '', 'portfolio': '', 'artistRole': 'Maker', 'artistPrefix': '', 'artistDisplayName': 'New England Glass Company', 'artistDisplayBio': 'American, East Cambridge, Massachusetts, 1818–1888', 'artistSuffix': '', 'artistAlphaSort': 'New England Glass Company', 'artistNationality': '', 'artistBeginDate': '1818', 'artistEndDate': '1888', 'artistGender': '', 'artistWikidata_URL': 'https://www.wikidata.org/wiki/Q17083157', 'artistULAN_URL': 'http://vocab.getty.edu/page/ulan/500356007', 'objectDate': '1830–70', 'objectBeginDate': 1830, 'objectEndDate': 1870, 'medium': 'Pressed glass', 'dimensions': 'H. 6 9/16 in. (16.7 cm); Diam. 3 in. (7.6 cm)', 'measurements_0_elementName': 'Other', 'measurements_0_elementDescription': None, 'measurements_0_elementMeasurements_Diameter': 7.62, 'measurements_0_elementMeasurements_Height': 16.6688, 'creditLine': 'Gift of Mrs. Emily Winthrop Miles, 1946', 'geographyType': 'Made in', 'city': 'East Cambridge', 'state': 'Massachusetts', 'county': '', 'country': 'United States', 'region': 'New England', 'subregion': '', 'locale': '', 'locus': '', 'excavation': '', 'river': '', 'classification': '', 'rightsAndReproduction': '', 'linkResource': '', 'metadataDate': '2022-02-09T04:42:08.947Z', 'repository': 'Metropolitan Museum of Art, New York, NY', 'objectURL': 'https://www.metmuseum.org/art/collection/search/40', 'tags': None, 'objectWikidata_URL': '', 'isTimelineWork': False, 'GalleryNumber': '774'}]
2022-04-11 23:46:27,608 : DEBUG -> generated CSV file to /home/sachin/Desktop/Month-1-Python/Week_1/generate_csv_from_api/generated_metmuseum_objects_using_pandas.csv
2022-04-11 23:46:27,608 : INFO -> generate_csv() func successfully executed
