2022-04-08 21:48:52,211 : INFO -> start generate_excel() func
2022-04-08 21:48:52,212 : INFO -> start get_object_list() func
2022-04-08 21:48:52,212 : INFO -> start get_object_ids() func
2022-04-08 21:48:52,212 : INFO -> call api endpoint : https://collectionapi.metmuseum.org/public/collection/v1/objects
2022-04-08 21:49:06,745 : INFO -> api response status : 200
2022-04-08 21:49:06,826 : INFO -> get called get_object_ids() func with api Endpoint : https://collectionapi.metmuseum.org/public/collection/v1/objects 
2022-04-08 21:49:06,826 : INFO -> start get_object_by_id() func
2022-04-08 21:49:06,826 : INFO -> call api endpoint : https://collectionapi.metmuseum.org/public/collection/v1/objects/ with Id : 525
2022-04-08 21:49:09,589 : INFO -> api response status : 200
2022-04-08 21:49:09,590 : INFO -> get called get_object_by_id() func with api Endpoint : https://collectionapi.metmuseum.org/public/collection/v1/objects/ & Id : 525
2022-04-08 21:49:09,591 : INFO -> start get_object_by_id() func
2022-04-08 21:49:09,591 : INFO -> call api endpoint : https://collectionapi.metmuseum.org/public/collection/v1/objects/ with Id : 526
2022-04-08 21:49:10,345 : INFO -> api response status : 200
2022-04-08 21:49:10,346 : INFO -> get called get_object_by_id() func with api Endpoint : https://collectionapi.metmuseum.org/public/collection/v1/objects/ & Id : 526
2022-04-08 21:49:10,347 : INFO -> start get_object_by_id() func
2022-04-08 21:49:10,347 : INFO -> call api endpoint : https://collectionapi.metmuseum.org/public/collection/v1/objects/ with Id : 527
2022-04-08 21:49:11,950 : INFO -> api response status : 200
2022-04-08 21:49:11,952 : INFO -> get called get_object_by_id() func with api Endpoint : https://collectionapi.metmuseum.org/public/collection/v1/objects/ & Id : 527
2022-04-08 21:49:11,953 : INFO -> start get_object_by_id() func
2022-04-08 21:49:11,953 : INFO -> call api endpoint : https://collectionapi.metmuseum.org/public/collection/v1/objects/ with Id : 528
2022-04-08 21:49:13,621 : INFO -> api response status : 200
2022-04-08 21:49:13,623 : INFO -> get called get_object_by_id() func with api Endpoint : https://collectionapi.metmuseum.org/public/collection/v1/objects/ & Id : 528
2022-04-08 21:49:13,624 : INFO -> start get_object_by_id() func
2022-04-08 21:49:13,625 : INFO -> call api endpoint : https://collectionapi.metmuseum.org/public/collection/v1/objects/ with Id : 529
2022-04-08 21:49:14,446 : INFO -> api response status : 200
2022-04-08 21:49:14,447 : INFO -> get called get_object_by_id() func with api Endpoint : https://collectionapi.metmuseum.org/public/collection/v1/objects/ & Id : 529
2022-04-08 21:49:14,448 : INFO -> start get_object_by_id() func
2022-04-08 21:49:14,448 : INFO -> call api endpoint : https://collectionapi.metmuseum.org/public/collection/v1/objects/ with Id : 530
2022-04-08 21:49:15,659 : INFO -> api response status : 200
2022-04-08 21:49:15,661 : INFO -> get called get_object_by_id() func with api Endpoint : https://collectionapi.metmuseum.org/public/collection/v1/objects/ & Id : 530
2022-04-08 21:49:15,663 : INFO -> start get_object_by_id() func
2022-04-08 21:49:15,663 : INFO -> call api endpoint : https://collectionapi.metmuseum.org/public/collection/v1/objects/ with Id : 531
